[1.826s] Invoking command in '/home/niranjan/erc_ws/src/task_1': PYTHONPATH=/home/niranjan/erc_ws/build/task_1/prefix_override:/home/niranjan/erc_ws/install/task_1/lib/python3.10/site-packages:${PYTHONPATH} /usr/bin/python3 setup.py egg_info --egg-base ../../build/task_1 build --build-base /home/niranjan/erc_ws/build/task_1/build install --record /home/niranjan/erc_ws/build/task_1/install.log --single-version-externally-managed
[2.028s] running egg_info
[2.029s] writing ../../build/task_1/task_1.egg-info/PKG-INFO
[2.029s] writing dependency_links to ../../build/task_1/task_1.egg-info/dependency_links.txt
[2.029s] writing entry points to ../../build/task_1/task_1.egg-info/entry_points.txt
[2.029s] writing requirements to ../../build/task_1/task_1.egg-info/requires.txt
[2.029s] writing top-level names to ../../build/task_1/task_1.egg-info/top_level.txt
[2.030s] reading manifest file '../../build/task_1/task_1.egg-info/SOURCES.txt'
[2.031s] writing manifest file '../../build/task_1/task_1.egg-info/SOURCES.txt'
[2.031s] running build
[2.031s] running build_py
[2.031s] copying task_1/96.py -> /home/niranjan/erc_ws/build/task_1/build/lib/task_1
[2.031s] running install
[2.032s] running install_lib
[2.032s] copying /home/niranjan/erc_ws/build/task_1/build/lib/task_1/96.py -> /home/niranjan/erc_ws/install/task_1/lib/python3.10/site-packages/task_1
[2.033s] byte-compiling /home/niranjan/erc_ws/install/task_1/lib/python3.10/site-packages/task_1/96.py to 96.cpython-310.pyc
[2.033s] running install_data
[2.034s] running install_egg_info
[2.035s] removing '/home/niranjan/erc_ws/install/task_1/lib/python3.10/site-packages/task_1-0.0.0-py3.10.egg-info' (and everything under it)
[2.035s] Copying ../../build/task_1/task_1.egg-info to /home/niranjan/erc_ws/install/task_1/lib/python3.10/site-packages/task_1-0.0.0-py3.10.egg-info
[2.036s] running install_scripts
[2.053s] Installing node_96 script to /home/niranjan/erc_ws/install/task_1/lib/task_1
[2.053s] writing list of installed files to '/home/niranjan/erc_ws/build/task_1/install.log'
[2.198s] Invoked command in '/home/niranjan/erc_ws/src/task_1' returned '0': PYTHONPATH=/home/niranjan/erc_ws/build/task_1/prefix_override:/home/niranjan/erc_ws/install/task_1/lib/python3.10/site-packages:${PYTHONPATH} /usr/bin/python3 setup.py egg_info --egg-base ../../build/task_1 build --build-base /home/niranjan/erc_ws/build/task_1/build install --record /home/niranjan/erc_ws/build/task_1/install.log --single-version-externally-managed
