[2.048s] Invoking command in '/home/niranjan/erc_ws/src/task_1': PYTHONPATH=/home/niranjan/erc_ws/build/task_1/prefix_override:/home/niranjan/erc_ws/install/task_1/lib/python3.10/site-packages:${PYTHONPATH} /usr/bin/python3 setup.py egg_info --egg-base ../../build/task_1 build --build-base /home/niranjan/erc_ws/build/task_1/build install --record /home/niranjan/erc_ws/build/task_1/install.log --single-version-externally-managed
[2.275s] running egg_info
[2.276s] writing ../../build/task_1/task_1.egg-info/PKG-INFO
[2.276s] writing dependency_links to ../../build/task_1/task_1.egg-info/dependency_links.txt
[2.276s] writing entry points to ../../build/task_1/task_1.egg-info/entry_points.txt
[2.276s] writing requirements to ../../build/task_1/task_1.egg-info/requires.txt
[2.277s] writing top-level names to ../../build/task_1/task_1.egg-info/top_level.txt
[2.278s] reading manifest file '../../build/task_1/task_1.egg-info/SOURCES.txt'
[2.279s] writing manifest file '../../build/task_1/task_1.egg-info/SOURCES.txt'
[2.279s] running build
[2.279s] running build_py
[2.280s] copying task_1/96.py -> /home/niranjan/erc_ws/build/task_1/build/lib/task_1
[2.280s] running install
[2.280s] running install_lib
[2.281s] copying /home/niranjan/erc_ws/build/task_1/build/lib/task_1/96.py -> /home/niranjan/erc_ws/install/task_1/lib/python3.10/site-packages/task_1
[2.281s] byte-compiling /home/niranjan/erc_ws/install/task_1/lib/python3.10/site-packages/task_1/96.py to 96.cpython-310.pyc
[2.282s] running install_data
[2.283s] running install_egg_info
[2.284s] removing '/home/niranjan/erc_ws/install/task_1/lib/python3.10/site-packages/task_1-0.0.0-py3.10.egg-info' (and everything under it)
[2.284s] Copying ../../build/task_1/task_1.egg-info to /home/niranjan/erc_ws/install/task_1/lib/python3.10/site-packages/task_1-0.0.0-py3.10.egg-info
[2.285s] running install_scripts
[2.305s] Installing node_96 script to /home/niranjan/erc_ws/install/task_1/lib/task_1
[2.306s] writing list of installed files to '/home/niranjan/erc_ws/build/task_1/install.log'
[2.455s] Invoked command in '/home/niranjan/erc_ws/src/task_1' returned '0': PYTHONPATH=/home/niranjan/erc_ws/build/task_1/prefix_override:/home/niranjan/erc_ws/install/task_1/lib/python3.10/site-packages:${PYTHONPATH} /usr/bin/python3 setup.py egg_info --egg-base ../../build/task_1 build --build-base /home/niranjan/erc_ws/build/task_1/build install --record /home/niranjan/erc_ws/build/task_1/install.log --single-version-externally-managed
