running egg_info
creating ../build/week0_tutorials/week0_tutorials.egg-info
writing ../build/week0_tutorials/week0_tutorials.egg-info/PKG-INFO
writing dependency_links to ../build/week0_tutorials/week0_tutorials.egg-info/dependency_links.txt
writing entry points to ../build/week0_tutorials/week0_tutorials.egg-info/entry_points.txt
writing requirements to ../build/week0_tutorials/week0_tutorials.egg-info/requires.txt
writing top-level names to ../build/week0_tutorials/week0_tutorials.egg-info/top_level.txt
writing manifest file '../build/week0_tutorials/week0_tutorials.egg-info/SOURCES.txt'
reading manifest file '../build/week0_tutorials/week0_tutorials.egg-info/SOURCES.txt'
writing manifest file '../build/week0_tutorials/week0_tutorials.egg-info/SOURCES.txt'
running build
running build_py
creating /home/niranjan/erc_ws/src/build/week0_tutorials/build
creating /home/niranjan/erc_ws/src/build/week0_tutorials/build/lib
creating /home/niranjan/erc_ws/src/build/week0_tutorials/build/lib/week0_tutorials
copying week0_tutorials/listener.py -> /home/niranjan/erc_ws/src/build/week0_tutorials/build/lib/week0_tutorials
copying week0_tutorials/talker.py -> /home/niranjan/erc_ws/src/build/week0_tutorials/build/lib/week0_tutorials
copying week0_tutorials/__init__.py -> /home/niranjan/erc_ws/src/build/week0_tutorials/build/lib/week0_tutorials
running install
running install_lib
creating /home/niranjan/erc_ws/src/install/week0_tutorials/lib/python3.10/site-packages/week0_tutorials
copying /home/niranjan/erc_ws/src/build/week0_tutorials/build/lib/week0_tutorials/listener.py -> /home/niranjan/erc_ws/src/install/week0_tutorials/lib/python3.10/site-packages/week0_tutorials
copying /home/niranjan/erc_ws/src/build/week0_tutorials/build/lib/week0_tutorials/talker.py -> /home/niranjan/erc_ws/src/install/week0_tutorials/lib/python3.10/site-packages/week0_tutorials
copying /home/niranjan/erc_ws/src/build/week0_tutorials/build/lib/week0_tutorials/__init__.py -> /home/niranjan/erc_ws/src/install/week0_tutorials/lib/python3.10/site-packages/week0_tutorials
byte-compiling /home/niranjan/erc_ws/src/install/week0_tutorials/lib/python3.10/site-packages/week0_tutorials/listener.py to listener.cpython-310.pyc
byte-compiling /home/niranjan/erc_ws/src/install/week0_tutorials/lib/python3.10/site-packages/week0_tutorials/talker.py to talker.cpython-310.pyc
byte-compiling /home/niranjan/erc_ws/src/install/week0_tutorials/lib/python3.10/site-packages/week0_tutorials/__init__.py to __init__.cpython-310.pyc
running install_data
creating /home/niranjan/erc_ws/src/install/week0_tutorials/share/ament_index
creating /home/niranjan/erc_ws/src/install/week0_tutorials/share/ament_index/resource_index
creating /home/niranjan/erc_ws/src/install/week0_tutorials/share/ament_index/resource_index/packages
copying resource/week0_tutorials -> /home/niranjan/erc_ws/src/install/week0_tutorials/share/ament_index/resource_index/packages
copying package.xml -> /home/niranjan/erc_ws/src/install/week0_tutorials/share/week0_tutorials
creating /home/niranjan/erc_ws/src/install/week0_tutorials/share/week0_tutorials/launch
copying launch/pubsub.launch.py -> /home/niranjan/erc_ws/src/install/week0_tutorials/share/week0_tutorials/launch
running install_egg_info
Copying ../build/week0_tutorials/week0_tutorials.egg-info to /home/niranjan/erc_ws/src/install/week0_tutorials/lib/python3.10/site-packages/week0_tutorials-0.0.0-py3.10.egg-info
running install_scripts
Installing publisher script to /home/niranjan/erc_ws/src/install/week0_tutorials/lib/week0_tutorials
Installing subscriber script to /home/niranjan/erc_ws/src/install/week0_tutorials/lib/week0_tutorials
writing list of installed files to '/home/niranjan/erc_ws/src/build/week0_tutorials/install.log'
