[1.842s] Invoking command in '/home/niranjan/erc_ws/src/task_1': PYTHONPATH=/home/niranjan/erc_ws/build/task_1/prefix_override:/home/niranjan/erc_ws/install/task_1/lib/python3.10/site-packages:${PYTHONPATH} /usr/bin/python3 setup.py egg_info --egg-base ../../build/task_1 build --build-base /home/niranjan/erc_ws/build/task_1/build install --record /home/niranjan/erc_ws/build/task_1/install.log --single-version-externally-managed
[2.048s] running egg_info
[2.048s] writing ../../build/task_1/task_1.egg-info/PKG-INFO
[2.049s] writing dependency_links to ../../build/task_1/task_1.egg-info/dependency_links.txt
[2.049s] writing entry points to ../../build/task_1/task_1.egg-info/entry_points.txt
[2.049s] writing requirements to ../../build/task_1/task_1.egg-info/requires.txt
[2.049s] writing top-level names to ../../build/task_1/task_1.egg-info/top_level.txt
[2.050s] reading manifest file '../../build/task_1/task_1.egg-info/SOURCES.txt'
[2.051s] writing manifest file '../../build/task_1/task_1.egg-info/SOURCES.txt'
[2.051s] running build
[2.051s] running build_py
[2.051s] running install
[2.051s] running install_lib
[2.052s] running install_data
[2.053s] running install_egg_info
[2.054s] removing '/home/niranjan/erc_ws/install/task_1/lib/python3.10/site-packages/task_1-0.0.0-py3.10.egg-info' (and everything under it)
[2.054s] Copying ../../build/task_1/task_1.egg-info to /home/niranjan/erc_ws/install/task_1/lib/python3.10/site-packages/task_1-0.0.0-py3.10.egg-info
[2.055s] running install_scripts
[2.071s] Installing node_96 script to /home/niranjan/erc_ws/install/task_1/lib/task_1
[2.072s] writing list of installed files to '/home/niranjan/erc_ws/build/task_1/install.log'
[2.104s] Invoked command in '/home/niranjan/erc_ws/src/task_1' returned '0': PYTHONPATH=/home/niranjan/erc_ws/build/task_1/prefix_override:/home/niranjan/erc_ws/install/task_1/lib/python3.10/site-packages:${PYTHONPATH} /usr/bin/python3 setup.py egg_info --egg-base ../../build/task_1 build --build-base /home/niranjan/erc_ws/build/task_1/build install --record /home/niranjan/erc_ws/build/task_1/install.log --single-version-externally-managed
