[1.199s] Invoking command in '/home/niranjan/erc_ws/src/week0_tutorials': PYTHONPATH=/home/niranjan/erc_ws/build/week0_tutorials/prefix_override:/home/niranjan/erc_ws/install/week0_tutorials/lib/python3.10/site-packages:${PYTHONPATH} /usr/bin/python3 setup.py egg_info --egg-base ../../build/week0_tutorials build --build-base /home/niranjan/erc_ws/build/week0_tutorials/build install --record /home/niranjan/erc_ws/build/week0_tutorials/install.log --single-version-externally-managed
[1.396s] running egg_info
[1.397s] writing ../../build/week0_tutorials/week0_tutorials.egg-info/PKG-INFO
[1.397s] writing dependency_links to ../../build/week0_tutorials/week0_tutorials.egg-info/dependency_links.txt
[1.397s] writing entry points to ../../build/week0_tutorials/week0_tutorials.egg-info/entry_points.txt
[1.397s] writing requirements to ../../build/week0_tutorials/week0_tutorials.egg-info/requires.txt
[1.397s] writing top-level names to ../../build/week0_tutorials/week0_tutorials.egg-info/top_level.txt
[1.398s] reading manifest file '../../build/week0_tutorials/week0_tutorials.egg-info/SOURCES.txt'
[1.399s] writing manifest file '../../build/week0_tutorials/week0_tutorials.egg-info/SOURCES.txt'
[1.399s] running build
[1.399s] running build_py
[1.400s] running install
[1.400s] running install_lib
[1.401s] running install_data
[1.401s] running install_egg_info
[1.402s] removing '/home/niranjan/erc_ws/install/week0_tutorials/lib/python3.10/site-packages/week0_tutorials-0.0.0-py3.10.egg-info' (and everything under it)
[1.402s] Copying ../../build/week0_tutorials/week0_tutorials.egg-info to /home/niranjan/erc_ws/install/week0_tutorials/lib/python3.10/site-packages/week0_tutorials-0.0.0-py3.10.egg-info
[1.404s] running install_scripts
[1.419s] Installing publisher script to /home/niranjan/erc_ws/install/week0_tutorials/lib/week0_tutorials
[1.419s] Installing subscriber script to /home/niranjan/erc_ws/install/week0_tutorials/lib/week0_tutorials
[1.420s] writing list of installed files to '/home/niranjan/erc_ws/build/week0_tutorials/install.log'
[1.445s] Invoked command in '/home/niranjan/erc_ws/src/week0_tutorials' returned '0': PYTHONPATH=/home/niranjan/erc_ws/build/week0_tutorials/prefix_override:/home/niranjan/erc_ws/install/week0_tutorials/lib/python3.10/site-packages:${PYTHONPATH} /usr/bin/python3 setup.py egg_info --egg-base ../../build/week0_tutorials build --build-base /home/niranjan/erc_ws/build/week0_tutorials/build install --record /home/niranjan/erc_ws/build/week0_tutorials/install.log --single-version-externally-managed
