[1.870s] Invoking command in '/home/niranjan/erc_ws/src/task_1': PYTHONPATH=/home/niranjan/erc_ws/build/task_1/prefix_override:/home/niranjan/erc_ws/install/task_1/lib/python3.10/site-packages:${PYTHONPATH} /usr/bin/python3 setup.py egg_info --egg-base ../../build/task_1 build --build-base /home/niranjan/erc_ws/build/task_1/build install --record /home/niranjan/erc_ws/build/task_1/install.log --single-version-externally-managed
[2.082s] running egg_info
[2.082s] writing ../../build/task_1/task_1.egg-info/PKG-INFO
[2.082s] writing dependency_links to ../../build/task_1/task_1.egg-info/dependency_links.txt
[2.082s] writing entry points to ../../build/task_1/task_1.egg-info/entry_points.txt
[2.082s] writing requirements to ../../build/task_1/task_1.egg-info/requires.txt
[2.083s] writing top-level names to ../../build/task_1/task_1.egg-info/top_level.txt
[2.084s] reading manifest file '../../build/task_1/task_1.egg-info/SOURCES.txt'
[2.085s] writing manifest file '../../build/task_1/task_1.egg-info/SOURCES.txt'
[2.085s] running build
[2.085s] running build_py
[2.085s] running install
[2.085s] running install_lib
[2.086s] running install_data
[2.086s] running install_egg_info
[2.088s] removing '/home/niranjan/erc_ws/install/task_1/lib/python3.10/site-packages/task_1-0.0.0-py3.10.egg-info' (and everything under it)
[2.088s] Copying ../../build/task_1/task_1.egg-info to /home/niranjan/erc_ws/install/task_1/lib/python3.10/site-packages/task_1-0.0.0-py3.10.egg-info
[2.089s] running install_scripts
[2.106s] Installing node_96 script to /home/niranjan/erc_ws/install/task_1/lib/task_1
[2.107s] writing list of installed files to '/home/niranjan/erc_ws/build/task_1/install.log'
[2.186s] Invoked command in '/home/niranjan/erc_ws/src/task_1' returned '0': PYTHONPATH=/home/niranjan/erc_ws/build/task_1/prefix_override:/home/niranjan/erc_ws/install/task_1/lib/python3.10/site-packages:${PYTHONPATH} /usr/bin/python3 setup.py egg_info --egg-base ../../build/task_1 build --build-base /home/niranjan/erc_ws/build/task_1/build install --record /home/niranjan/erc_ws/build/task_1/install.log --single-version-externally-managed
