[1.882s] Invoking command in '/home/niranjan/erc_ws/src/task_1': PYTHONPATH=/home/niranjan/erc_ws/build/task_1/prefix_override:/home/niranjan/erc_ws/install/task_1/lib/python3.10/site-packages:${PYTHONPATH} /usr/bin/python3 setup.py egg_info --egg-base ../../build/task_1 build --build-base /home/niranjan/erc_ws/build/task_1/build install --record /home/niranjan/erc_ws/build/task_1/install.log --single-version-externally-managed
[2.089s] running egg_info
[2.090s] writing ../../build/task_1/task_1.egg-info/PKG-INFO
[2.090s] writing dependency_links to ../../build/task_1/task_1.egg-info/dependency_links.txt
[2.090s] writing entry points to ../../build/task_1/task_1.egg-info/entry_points.txt
[2.090s] writing requirements to ../../build/task_1/task_1.egg-info/requires.txt
[2.091s] writing top-level names to ../../build/task_1/task_1.egg-info/top_level.txt
[2.092s] reading manifest file '../../build/task_1/task_1.egg-info/SOURCES.txt'
[2.093s] writing manifest file '../../build/task_1/task_1.egg-info/SOURCES.txt'
[2.093s] running build
[2.093s] running build_py
[2.093s] running install
[2.093s] running install_lib
[2.094s] running install_data
[2.095s] creating /home/niranjan/erc_ws/install/task_1/share/task_1/models
[2.095s] copying models/mrs_hudson.urdf -> /home/niranjan/erc_ws/install/task_1/share/task_1/models
[2.095s] running install_egg_info
[2.096s] removing '/home/niranjan/erc_ws/install/task_1/lib/python3.10/site-packages/task_1-0.0.0-py3.10.egg-info' (and everything under it)
[2.096s] Copying ../../build/task_1/task_1.egg-info to /home/niranjan/erc_ws/install/task_1/lib/python3.10/site-packages/task_1-0.0.0-py3.10.egg-info
[2.097s] running install_scripts
[2.116s] Installing node_96 script to /home/niranjan/erc_ws/install/task_1/lib/task_1
[2.116s] writing list of installed files to '/home/niranjan/erc_ws/build/task_1/install.log'
[2.150s] Invoked command in '/home/niranjan/erc_ws/src/task_1' returned '0': PYTHONPATH=/home/niranjan/erc_ws/build/task_1/prefix_override:/home/niranjan/erc_ws/install/task_1/lib/python3.10/site-packages:${PYTHONPATH} /usr/bin/python3 setup.py egg_info --egg-base ../../build/task_1 build --build-base /home/niranjan/erc_ws/build/task_1/build install --record /home/niranjan/erc_ws/build/task_1/install.log --single-version-externally-managed
