running egg_info
writing ../../build/task_1/task_1.egg-info/PKG-INFO
writing dependency_links to ../../build/task_1/task_1.egg-info/dependency_links.txt
writing entry points to ../../build/task_1/task_1.egg-info/entry_points.txt
writing requirements to ../../build/task_1/task_1.egg-info/requires.txt
writing top-level names to ../../build/task_1/task_1.egg-info/top_level.txt
reading manifest file '../../build/task_1/task_1.egg-info/SOURCES.txt'
writing manifest file '../../build/task_1/task_1.egg-info/SOURCES.txt'
running build
running build_py
running install
running install_lib
running install_data
copying launch/mrs_hudson_world.launch.py -> /home/niranjan/erc_ws/install/task_1/share/task_1/launch
running install_egg_info
removing '/home/niranjan/erc_ws/install/task_1/lib/python3.10/site-packages/task_1-0.0.0-py3.10.egg-info' (and everything under it)
Copying ../../build/task_1/task_1.egg-info to /home/niranjan/erc_ws/install/task_1/lib/python3.10/site-packages/task_1-0.0.0-py3.10.egg-info
running install_scripts
Installing node_96 script to /home/niranjan/erc_ws/install/task_1/lib/task_1
writing list of installed files to '/home/niranjan/erc_ws/build/task_1/install.log'
