[0.862s] Invoking command in '/home/niranjan/erc_ws/src/week0_tutorials': PYTHONPATH=/home/niranjan/erc_ws/src/build/week0_tutorials/prefix_override:/home/niranjan/erc_ws/src/install/week0_tutorials/lib/python3.10/site-packages:${PYTHONPATH} /usr/bin/python3 setup.py egg_info --egg-base ../build/week0_tutorials build --build-base /home/niranjan/erc_ws/src/build/week0_tutorials/build install --record /home/niranjan/erc_ws/src/build/week0_tutorials/install.log --single-version-externally-managed
[1.055s] running egg_info
[1.055s] writing ../build/week0_tutorials/week0_tutorials.egg-info/PKG-INFO
[1.055s] writing dependency_links to ../build/week0_tutorials/week0_tutorials.egg-info/dependency_links.txt
[1.055s] writing entry points to ../build/week0_tutorials/week0_tutorials.egg-info/entry_points.txt
[1.056s] writing requirements to ../build/week0_tutorials/week0_tutorials.egg-info/requires.txt
[1.056s] writing top-level names to ../build/week0_tutorials/week0_tutorials.egg-info/top_level.txt
[1.057s] reading manifest file '../build/week0_tutorials/week0_tutorials.egg-info/SOURCES.txt'
[1.058s] writing manifest file '../build/week0_tutorials/week0_tutorials.egg-info/SOURCES.txt'
[1.058s] running build
[1.058s] running build_py
[1.058s] running install
[1.058s] running install_lib
[1.059s] running install_data
[1.060s] running install_egg_info
[1.061s] removing '/home/niranjan/erc_ws/src/install/week0_tutorials/lib/python3.10/site-packages/week0_tutorials-0.0.0-py3.10.egg-info' (and everything under it)
[1.061s] Copying ../build/week0_tutorials/week0_tutorials.egg-info to /home/niranjan/erc_ws/src/install/week0_tutorials/lib/python3.10/site-packages/week0_tutorials-0.0.0-py3.10.egg-info
[1.062s] running install_scripts
[1.077s] Installing publisher script to /home/niranjan/erc_ws/src/install/week0_tutorials/lib/week0_tutorials
[1.078s] Installing subscriber script to /home/niranjan/erc_ws/src/install/week0_tutorials/lib/week0_tutorials
[1.078s] writing list of installed files to '/home/niranjan/erc_ws/src/build/week0_tutorials/install.log'
[1.100s] Invoked command in '/home/niranjan/erc_ws/src/week0_tutorials' returned '0': PYTHONPATH=/home/niranjan/erc_ws/src/build/week0_tutorials/prefix_override:/home/niranjan/erc_ws/src/install/week0_tutorials/lib/python3.10/site-packages:${PYTHONPATH} /usr/bin/python3 setup.py egg_info --egg-base ../build/week0_tutorials build --build-base /home/niranjan/erc_ws/src/build/week0_tutorials/build install --record /home/niranjan/erc_ws/src/build/week0_tutorials/install.log --single-version-externally-managed
