[0.760s] DEBUG:colcon:Command line arguments: ['/usr/bin/colcon', 'build']
[0.760s] DEBUG:colcon:Parsed command line arguments: Namespace(log_base=None, log_level=None, verb_name='build', build_base='build', install_base='install', merge_install=False, symlink_install=False, test_result_base=None, continue_on_error=False, executor='parallel', parallel_workers=16, event_handlers=None, ignore_user_meta=False, metas=['./colcon.meta'], base_paths=['.'], packages_ignore=None, packages_ignore_regex=None, paths=None, packages_up_to=None, packages_up_to_regex=None, packages_above=None, packages_above_and_dependencies=None, packages_above_depth=None, packages_select_by_dep=None, packages_skip_by_dep=None, packages_skip_up_to=None, packages_select_build_failed=False, packages_skip_build_finished=False, packages_select_test_failures=False, packages_skip_test_passed=False, packages_select=None, packages_skip=None, packages_select_regex=None, packages_skip_regex=None, packages_start=None, packages_end=None, allow_overriding=[], cmake_args=None, cmake_target=None, cmake_target_skip_unavailable=False, cmake_clean_cache=False, cmake_clean_first=False, cmake_force_configure=False, ament_cmake_args=None, catkin_cmake_args=None, catkin_skip_building_tests=False, verb_parser=<colcon_defaults.argument_parser.defaults.DefaultArgumentsDecorator object at 0x7fcc200cc6a0>, verb_extension=<colcon_core.verb.build.BuildVerb object at 0x7fcc200cf1f0>, main=<bound method BuildVerb.main of <colcon_core.verb.build.BuildVerb object at 0x7fcc200cf1f0>>)
[0.794s] Level 1:colcon.colcon_core.package_discovery:discover_packages(colcon_meta) check parameters
[0.794s] Level 1:colcon.colcon_core.package_discovery:discover_packages(recursive) check parameters
[0.794s] Level 1:colcon.colcon_core.package_discovery:discover_packages(ignore) check parameters
[0.795s] Level 1:colcon.colcon_core.package_discovery:discover_packages(path) check parameters
[0.795s] Level 1:colcon.colcon_core.package_discovery:discover_packages(colcon_meta) discover
[0.795s] Level 1:colcon.colcon_core.package_discovery:discover_packages(recursive) discover
[0.795s] INFO:colcon.colcon_core.package_discovery:Crawling recursively for packages in '/home/niranjan/erc_ws'
[0.795s] Level 1:colcon.colcon_core.package_identification:_identify(.) by extensions ['ignore', 'ignore_ament_install']
[0.795s] Level 1:colcon.colcon_core.package_identification:_identify(.) by extension 'ignore'
[0.795s] Level 1:colcon.colcon_core.package_identification:_identify(.) by extension 'ignore_ament_install'
[0.795s] Level 1:colcon.colcon_core.package_identification:_identify(.) by extensions ['colcon_pkg']
[0.795s] Level 1:colcon.colcon_core.package_identification:_identify(.) by extension 'colcon_pkg'
[0.795s] Level 1:colcon.colcon_core.package_identification:_identify(.) by extensions ['colcon_meta']
[0.795s] Level 1:colcon.colcon_core.package_identification:_identify(.) by extension 'colcon_meta'
[0.795s] Level 1:colcon.colcon_core.package_identification:_identify(.) by extensions ['ros']
[0.795s] Level 1:colcon.colcon_core.package_identification:_identify(.) by extension 'ros'
[0.803s] Level 1:colcon.colcon_core.package_identification:_identify(.) by extensions ['cmake', 'python']
[0.803s] Level 1:colcon.colcon_core.package_identification:_identify(.) by extension 'cmake'
[0.803s] Level 1:colcon.colcon_core.package_identification:_identify(.) by extension 'python'
[0.803s] Level 1:colcon.colcon_core.package_identification:_identify(.) by extensions ['python_setup_py']
[0.803s] Level 1:colcon.colcon_core.package_identification:_identify(.) by extension 'python_setup_py'
[0.803s] Level 1:colcon.colcon_core.package_identification:_identify(build) by extensions ['ignore', 'ignore_ament_install']
[0.803s] Level 1:colcon.colcon_core.package_identification:_identify(build) by extension 'ignore'
[0.803s] Level 1:colcon.colcon_core.package_identification:_identify(build) ignored
[0.803s] Level 1:colcon.colcon_core.package_identification:_identify(install) by extensions ['ignore', 'ignore_ament_install']
[0.803s] Level 1:colcon.colcon_core.package_identification:_identify(install) by extension 'ignore'
[0.803s] Level 1:colcon.colcon_core.package_identification:_identify(install) ignored
[0.803s] Level 1:colcon.colcon_core.package_identification:_identify(log) by extensions ['ignore', 'ignore_ament_install']
[0.803s] Level 1:colcon.colcon_core.package_identification:_identify(log) by extension 'ignore'
[0.803s] Level 1:colcon.colcon_core.package_identification:_identify(log) ignored
[0.803s] Level 1:colcon.colcon_core.package_identification:_identify(src) by extensions ['ignore', 'ignore_ament_install']
[0.803s] Level 1:colcon.colcon_core.package_identification:_identify(src) by extension 'ignore'
[0.803s] Level 1:colcon.colcon_core.package_identification:_identify(src) by extension 'ignore_ament_install'
[0.803s] Level 1:colcon.colcon_core.package_identification:_identify(src) by extensions ['colcon_pkg']
[0.803s] Level 1:colcon.colcon_core.package_identification:_identify(src) by extension 'colcon_pkg'
[0.804s] Level 1:colcon.colcon_core.package_identification:_identify(src) by extensions ['colcon_meta']
[0.804s] Level 1:colcon.colcon_core.package_identification:_identify(src) by extension 'colcon_meta'
[0.804s] Level 1:colcon.colcon_core.package_identification:_identify(src) by extensions ['ros']
[0.804s] Level 1:colcon.colcon_core.package_identification:_identify(src) by extension 'ros'
[0.804s] Level 1:colcon.colcon_core.package_identification:_identify(src) by extensions ['cmake', 'python']
[0.804s] Level 1:colcon.colcon_core.package_identification:_identify(src) by extension 'cmake'
[0.804s] Level 1:colcon.colcon_core.package_identification:_identify(src) by extension 'python'
[0.804s] Level 1:colcon.colcon_core.package_identification:_identify(src) by extensions ['python_setup_py']
[0.804s] Level 1:colcon.colcon_core.package_identification:_identify(src) by extension 'python_setup_py'
[0.804s] Level 1:colcon.colcon_core.package_identification:_identify(src/build) by extensions ['ignore', 'ignore_ament_install']
[0.804s] Level 1:colcon.colcon_core.package_identification:_identify(src/build) by extension 'ignore'
[0.804s] Level 1:colcon.colcon_core.package_identification:_identify(src/build) ignored
[0.804s] Level 1:colcon.colcon_core.package_identification:_identify(src/install) by extensions ['ignore', 'ignore_ament_install']
[0.804s] Level 1:colcon.colcon_core.package_identification:_identify(src/install) by extension 'ignore'
[0.804s] Level 1:colcon.colcon_core.package_identification:_identify(src/install) ignored
[0.804s] Level 1:colcon.colcon_core.package_identification:_identify(src/log) by extensions ['ignore', 'ignore_ament_install']
[0.804s] Level 1:colcon.colcon_core.package_identification:_identify(src/log) by extension 'ignore'
[0.804s] Level 1:colcon.colcon_core.package_identification:_identify(src/log) ignored
[0.804s] Level 1:colcon.colcon_core.package_identification:_identify(src/mrs_hudson) by extensions ['ignore', 'ignore_ament_install']
[0.804s] Level 1:colcon.colcon_core.package_identification:_identify(src/mrs_hudson) by extension 'ignore'
[0.804s] Level 1:colcon.colcon_core.package_identification:_identify(src/mrs_hudson) by extension 'ignore_ament_install'
[0.804s] Level 1:colcon.colcon_core.package_identification:_identify(src/mrs_hudson) by extensions ['colcon_pkg']
[0.804s] Level 1:colcon.colcon_core.package_identification:_identify(src/mrs_hudson) by extension 'colcon_pkg'
[0.805s] Level 1:colcon.colcon_core.package_identification:_identify(src/mrs_hudson) by extensions ['colcon_meta']
[0.805s] Level 1:colcon.colcon_core.package_identification:_identify(src/mrs_hudson) by extension 'colcon_meta'
[0.805s] Level 1:colcon.colcon_core.package_identification:_identify(src/mrs_hudson) by extensions ['ros']
[0.805s] Level 1:colcon.colcon_core.package_identification:_identify(src/mrs_hudson) by extension 'ros'
[0.806s] DEBUG:colcon.colcon_core.package_identification:Package 'src/mrs_hudson' with type 'ros.ament_python' and name 'mrs_hudson'
[0.806s] Level 1:colcon.colcon_core.package_identification:_identify(src/sherlock) by extensions ['ignore', 'ignore_ament_install']
[0.806s] Level 1:colcon.colcon_core.package_identification:_identify(src/sherlock) by extension 'ignore'
[0.806s] Level 1:colcon.colcon_core.package_identification:_identify(src/sherlock) by extension 'ignore_ament_install'
[0.806s] Level 1:colcon.colcon_core.package_identification:_identify(src/sherlock) by extensions ['colcon_pkg']
[0.806s] Level 1:colcon.colcon_core.package_identification:_identify(src/sherlock) by extension 'colcon_pkg'
[0.806s] Level 1:colcon.colcon_core.package_identification:_identify(src/sherlock) by extensions ['colcon_meta']
[0.806s] Level 1:colcon.colcon_core.package_identification:_identify(src/sherlock) by extension 'colcon_meta'
[0.807s] Level 1:colcon.colcon_core.package_identification:_identify(src/sherlock) by extensions ['ros']
[0.807s] Level 1:colcon.colcon_core.package_identification:_identify(src/sherlock) by extension 'ros'
[0.807s] DEBUG:colcon.colcon_core.package_identification:Package 'src/sherlock' with type 'ros.ament_python' and name 'sherlock'
[0.807s] Level 1:colcon.colcon_core.package_identification:_identify(src/task_1) by extensions ['ignore', 'ignore_ament_install']
[0.807s] Level 1:colcon.colcon_core.package_identification:_identify(src/task_1) by extension 'ignore'
[0.807s] Level 1:colcon.colcon_core.package_identification:_identify(src/task_1) by extension 'ignore_ament_install'
[0.807s] Level 1:colcon.colcon_core.package_identification:_identify(src/task_1) by extensions ['colcon_pkg']
[0.807s] Level 1:colcon.colcon_core.package_identification:_identify(src/task_1) by extension 'colcon_pkg'
[0.807s] Level 1:colcon.colcon_core.package_identification:_identify(src/task_1) by extensions ['colcon_meta']
[0.807s] Level 1:colcon.colcon_core.package_identification:_identify(src/task_1) by extension 'colcon_meta'
[0.807s] Level 1:colcon.colcon_core.package_identification:_identify(src/task_1) by extensions ['ros']
[0.807s] Level 1:colcon.colcon_core.package_identification:_identify(src/task_1) by extension 'ros'
[0.807s] DEBUG:colcon.colcon_core.package_identification:Package 'src/task_1' with type 'ros.ament_python' and name 'task_1'
[0.808s] Level 1:colcon.colcon_core.package_identification:_identify(src/week0_tutorials) by extensions ['ignore', 'ignore_ament_install']
[0.808s] Level 1:colcon.colcon_core.package_identification:_identify(src/week0_tutorials) by extension 'ignore'
[0.808s] Level 1:colcon.colcon_core.package_identification:_identify(src/week0_tutorials) by extension 'ignore_ament_install'
[0.808s] Level 1:colcon.colcon_core.package_identification:_identify(src/week0_tutorials) by extensions ['colcon_pkg']
[0.808s] Level 1:colcon.colcon_core.package_identification:_identify(src/week0_tutorials) by extension 'colcon_pkg'
[0.808s] Level 1:colcon.colcon_core.package_identification:_identify(src/week0_tutorials) by extensions ['colcon_meta']
[0.808s] Level 1:colcon.colcon_core.package_identification:_identify(src/week0_tutorials) by extension 'colcon_meta'
[0.808s] Level 1:colcon.colcon_core.package_identification:_identify(src/week0_tutorials) by extensions ['ros']
[0.808s] Level 1:colcon.colcon_core.package_identification:_identify(src/week0_tutorials) by extension 'ros'
[0.808s] DEBUG:colcon.colcon_core.package_identification:Package 'src/week0_tutorials' with type 'ros.ament_python' and name 'week0_tutorials'
[0.808s] Level 1:colcon.colcon_core.package_identification:_identify(src/week1_tutorials) by extensions ['ignore', 'ignore_ament_install']
[0.808s] Level 1:colcon.colcon_core.package_identification:_identify(src/week1_tutorials) by extension 'ignore'
[0.808s] Level 1:colcon.colcon_core.package_identification:_identify(src/week1_tutorials) by extension 'ignore_ament_install'
[0.808s] Level 1:colcon.colcon_core.package_identification:_identify(src/week1_tutorials) by extensions ['colcon_pkg']
[0.808s] Level 1:colcon.colcon_core.package_identification:_identify(src/week1_tutorials) by extension 'colcon_pkg'
[0.808s] Level 1:colcon.colcon_core.package_identification:_identify(src/week1_tutorials) by extensions ['colcon_meta']
[0.808s] Level 1:colcon.colcon_core.package_identification:_identify(src/week1_tutorials) by extension 'colcon_meta'
[0.809s] Level 1:colcon.colcon_core.package_identification:_identify(src/week1_tutorials) by extensions ['ros']
[0.809s] Level 1:colcon.colcon_core.package_identification:_identify(src/week1_tutorials) by extension 'ros'
[0.809s] DEBUG:colcon.colcon_core.package_identification:Package 'src/week1_tutorials' with type 'ros.ament_python' and name 'week1_tutorials'
[0.809s] Level 1:colcon.colcon_core.package_discovery:discover_packages(recursive) using defaults
[0.809s] Level 1:colcon.colcon_core.package_discovery:discover_packages(ignore) discover
[0.809s] Level 1:colcon.colcon_core.package_discovery:discover_packages(ignore) using defaults
[0.809s] Level 1:colcon.colcon_core.package_discovery:discover_packages(path) discover
[0.809s] Level 1:colcon.colcon_core.package_discovery:discover_packages(path) using defaults
[0.878s] Level 1:colcon.colcon_core.package_discovery:discover_packages(prefix_path) check parameters
[0.878s] Level 1:colcon.colcon_core.package_discovery:discover_packages(prefix_path) discover
[0.901s] DEBUG:colcon.colcon_installed_package_information.package_discovery:Found 5 installed packages in /home/niranjan/erc_ws/install
[0.911s] DEBUG:colcon.colcon_installed_package_information.package_discovery:Found 2 installed packages in /home/niranjan/erc_ws/src/install
[0.930s] DEBUG:colcon.colcon_installed_package_information.package_discovery:Found 283 installed packages in /opt/ros/humble
[0.931s] Level 1:colcon.colcon_core.package_discovery:discover_packages(prefix_path) using defaults
[0.997s] Level 5:colcon.colcon_core.verb:set package 'mrs_hudson' build argument 'cmake_args' from command line to 'None'
[0.997s] Level 5:colcon.colcon_core.verb:set package 'mrs_hudson' build argument 'cmake_target' from command line to 'None'
[0.997s] Level 5:colcon.colcon_core.verb:set package 'mrs_hudson' build argument 'cmake_target_skip_unavailable' from command line to 'False'
[0.997s] Level 5:colcon.colcon_core.verb:set package 'mrs_hudson' build argument 'cmake_clean_cache' from command line to 'False'
[0.997s] Level 5:colcon.colcon_core.verb:set package 'mrs_hudson' build argument 'cmake_clean_first' from command line to 'False'
[0.997s] Level 5:colcon.colcon_core.verb:set package 'mrs_hudson' build argument 'cmake_force_configure' from command line to 'False'
[0.997s] Level 5:colcon.colcon_core.verb:set package 'mrs_hudson' build argument 'ament_cmake_args' from command line to 'None'
[0.997s] Level 5:colcon.colcon_core.verb:set package 'mrs_hudson' build argument 'catkin_cmake_args' from command line to 'None'
[0.997s] Level 5:colcon.colcon_core.verb:set package 'mrs_hudson' build argument 'catkin_skip_building_tests' from command line to 'False'
[0.997s] DEBUG:colcon.colcon_core.verb:Building package 'mrs_hudson' with the following arguments: {'ament_cmake_args': None, 'build_base': '/home/niranjan/erc_ws/build/mrs_hudson', 'catkin_cmake_args': None, 'catkin_skip_building_tests': False, 'cmake_args': None, 'cmake_clean_cache': False, 'cmake_clean_first': False, 'cmake_force_configure': False, 'cmake_target': None, 'cmake_target_skip_unavailable': False, 'install_base': '/home/niranjan/erc_ws/install/mrs_hudson', 'merge_install': False, 'path': '/home/niranjan/erc_ws/src/mrs_hudson', 'symlink_install': False, 'test_result_base': None}
[1.008s] Level 5:colcon.colcon_core.verb:set package 'sherlock' build argument 'cmake_args' from command line to 'None'
[1.008s] Level 5:colcon.colcon_core.verb:set package 'sherlock' build argument 'cmake_target' from command line to 'None'
[1.008s] Level 5:colcon.colcon_core.verb:set package 'sherlock' build argument 'cmake_target_skip_unavailable' from command line to 'False'
[1.008s] Level 5:colcon.colcon_core.verb:set package 'sherlock' build argument 'cmake_clean_cache' from command line to 'False'
[1.008s] Level 5:colcon.colcon_core.verb:set package 'sherlock' build argument 'cmake_clean_first' from command line to 'False'
[1.008s] Level 5:colcon.colcon_core.verb:set package 'sherlock' build argument 'cmake_force_configure' from command line to 'False'
[1.008s] Level 5:colcon.colcon_core.verb:set package 'sherlock' build argument 'ament_cmake_args' from command line to 'None'
[1.008s] Level 5:colcon.colcon_core.verb:set package 'sherlock' build argument 'catkin_cmake_args' from command line to 'None'
[1.008s] Level 5:colcon.colcon_core.verb:set package 'sherlock' build argument 'catkin_skip_building_tests' from command line to 'False'
[1.008s] DEBUG:colcon.colcon_core.verb:Building package 'sherlock' with the following arguments: {'ament_cmake_args': None, 'build_base': '/home/niranjan/erc_ws/build/sherlock', 'catkin_cmake_args': None, 'catkin_skip_building_tests': False, 'cmake_args': None, 'cmake_clean_cache': False, 'cmake_clean_first': False, 'cmake_force_configure': False, 'cmake_target': None, 'cmake_target_skip_unavailable': False, 'install_base': '/home/niranjan/erc_ws/install/sherlock', 'merge_install': False, 'path': '/home/niranjan/erc_ws/src/sherlock', 'symlink_install': False, 'test_result_base': None}
[1.019s] Level 5:colcon.colcon_core.verb:set package 'task_1' build argument 'cmake_args' from command line to 'None'
[1.019s] Level 5:colcon.colcon_core.verb:set package 'task_1' build argument 'cmake_target' from command line to 'None'
[1.019s] Level 5:colcon.colcon_core.verb:set package 'task_1' build argument 'cmake_target_skip_unavailable' from command line to 'False'
[1.019s] Level 5:colcon.colcon_core.verb:set package 'task_1' build argument 'cmake_clean_cache' from command line to 'False'
[1.019s] Level 5:colcon.colcon_core.verb:set package 'task_1' build argument 'cmake_clean_first' from command line to 'False'
[1.019s] Level 5:colcon.colcon_core.verb:set package 'task_1' build argument 'cmake_force_configure' from command line to 'False'
[1.019s] Level 5:colcon.colcon_core.verb:set package 'task_1' build argument 'ament_cmake_args' from command line to 'None'
[1.019s] Level 5:colcon.colcon_core.verb:set package 'task_1' build argument 'catkin_cmake_args' from command line to 'None'
[1.019s] Level 5:colcon.colcon_core.verb:set package 'task_1' build argument 'catkin_skip_building_tests' from command line to 'False'
[1.019s] DEBUG:colcon.colcon_core.verb:Building package 'task_1' with the following arguments: {'ament_cmake_args': None, 'build_base': '/home/niranjan/erc_ws/build/task_1', 'catkin_cmake_args': None, 'catkin_skip_building_tests': False, 'cmake_args': None, 'cmake_clean_cache': False, 'cmake_clean_first': False, 'cmake_force_configure': False, 'cmake_target': None, 'cmake_target_skip_unavailable': False, 'install_base': '/home/niranjan/erc_ws/install/task_1', 'merge_install': False, 'path': '/home/niranjan/erc_ws/src/task_1', 'symlink_install': False, 'test_result_base': None}
[1.030s] Level 5:colcon.colcon_core.verb:set package 'week0_tutorials' build argument 'cmake_args' from command line to 'None'
[1.030s] Level 5:colcon.colcon_core.verb:set package 'week0_tutorials' build argument 'cmake_target' from command line to 'None'
[1.030s] Level 5:colcon.colcon_core.verb:set package 'week0_tutorials' build argument 'cmake_target_skip_unavailable' from command line to 'False'
[1.030s] Level 5:colcon.colcon_core.verb:set package 'week0_tutorials' build argument 'cmake_clean_cache' from command line to 'False'
[1.030s] Level 5:colcon.colcon_core.verb:set package 'week0_tutorials' build argument 'cmake_clean_first' from command line to 'False'
[1.030s] Level 5:colcon.colcon_core.verb:set package 'week0_tutorials' build argument 'cmake_force_configure' from command line to 'False'
[1.030s] Level 5:colcon.colcon_core.verb:set package 'week0_tutorials' build argument 'ament_cmake_args' from command line to 'None'
[1.030s] Level 5:colcon.colcon_core.verb:set package 'week0_tutorials' build argument 'catkin_cmake_args' from command line to 'None'
[1.030s] Level 5:colcon.colcon_core.verb:set package 'week0_tutorials' build argument 'catkin_skip_building_tests' from command line to 'False'
[1.030s] DEBUG:colcon.colcon_core.verb:Building package 'week0_tutorials' with the following arguments: {'ament_cmake_args': None, 'build_base': '/home/niranjan/erc_ws/build/week0_tutorials', 'catkin_cmake_args': None, 'catkin_skip_building_tests': False, 'cmake_args': None, 'cmake_clean_cache': False, 'cmake_clean_first': False, 'cmake_force_configure': False, 'cmake_target': None, 'cmake_target_skip_unavailable': False, 'install_base': '/home/niranjan/erc_ws/install/week0_tutorials', 'merge_install': False, 'path': '/home/niranjan/erc_ws/src/week0_tutorials', 'symlink_install': False, 'test_result_base': None}
[1.041s] Level 5:colcon.colcon_core.verb:set package 'week1_tutorials' build argument 'cmake_args' from command line to 'None'
[1.041s] Level 5:colcon.colcon_core.verb:set package 'week1_tutorials' build argument 'cmake_target' from command line to 'None'
[1.041s] Level 5:colcon.colcon_core.verb:set package 'week1_tutorials' build argument 'cmake_target_skip_unavailable' from command line to 'False'
[1.041s] Level 5:colcon.colcon_core.verb:set package 'week1_tutorials' build argument 'cmake_clean_cache' from command line to 'False'
[1.041s] Level 5:colcon.colcon_core.verb:set package 'week1_tutorials' build argument 'cmake_clean_first' from command line to 'False'
[1.041s] Level 5:colcon.colcon_core.verb:set package 'week1_tutorials' build argument 'cmake_force_configure' from command line to 'False'
[1.041s] Level 5:colcon.colcon_core.verb:set package 'week1_tutorials' build argument 'ament_cmake_args' from command line to 'None'
[1.041s] Level 5:colcon.colcon_core.verb:set package 'week1_tutorials' build argument 'catkin_cmake_args' from command line to 'None'
[1.041s] Level 5:colcon.colcon_core.verb:set package 'week1_tutorials' build argument 'catkin_skip_building_tests' from command line to 'False'
[1.041s] DEBUG:colcon.colcon_core.verb:Building package 'week1_tutorials' with the following arguments: {'ament_cmake_args': None, 'build_base': '/home/niranjan/erc_ws/build/week1_tutorials', 'catkin_cmake_args': None, 'catkin_skip_building_tests': False, 'cmake_args': None, 'cmake_clean_cache': False, 'cmake_clean_first': False, 'cmake_force_configure': False, 'cmake_target': None, 'cmake_target_skip_unavailable': False, 'install_base': '/home/niranjan/erc_ws/install/week1_tutorials', 'merge_install': False, 'path': '/home/niranjan/erc_ws/src/week1_tutorials', 'symlink_install': False, 'test_result_base': None}
[1.052s] INFO:colcon.colcon_core.executor:Executing jobs using 'parallel' executor
[1.064s] DEBUG:colcon.colcon_parallel_executor.executor.parallel:run_until_complete
[1.064s] INFO:colcon.colcon_ros.task.ament_python.build:Building ROS package in '/home/niranjan/erc_ws/src/mrs_hudson' with build type 'ament_python'
[1.064s] Level 1:colcon.colcon_core.shell:create_environment_hook('mrs_hudson', 'ament_prefix_path')
[1.077s] INFO:colcon.colcon_core.plugin_system:Skipping extension 'colcon_core.shell.bat': Not used on non-Windows systems
[1.077s] INFO:colcon.colcon_core.shell:Creating environment hook '/home/niranjan/erc_ws/install/mrs_hudson/share/mrs_hudson/hook/ament_prefix_path.ps1'
[1.077s] INFO:colcon.colcon_core.shell:Creating environment descriptor '/home/niranjan/erc_ws/install/mrs_hudson/share/mrs_hudson/hook/ament_prefix_path.dsv'
[1.078s] INFO:colcon.colcon_core.shell:Creating environment hook '/home/niranjan/erc_ws/install/mrs_hudson/share/mrs_hudson/hook/ament_prefix_path.sh'
[1.089s] INFO:colcon.colcon_core.shell:Skip shell extension 'powershell' for command environment: Not usable outside of PowerShell
[1.089s] DEBUG:colcon.colcon_core.shell:Skip shell extension 'dsv' for command environment
[1.136s] INFO:colcon.colcon_ros.task.ament_python.build:Building ROS package in '/home/niranjan/erc_ws/src/sherlock' with build type 'ament_python'
[1.136s] Level 1:colcon.colcon_core.shell:create_environment_hook('sherlock', 'ament_prefix_path')
[1.147s] INFO:colcon.colcon_core.shell:Creating environment hook '/home/niranjan/erc_ws/install/sherlock/share/sherlock/hook/ament_prefix_path.ps1'
[1.147s] INFO:colcon.colcon_core.shell:Creating environment descriptor '/home/niranjan/erc_ws/install/sherlock/share/sherlock/hook/ament_prefix_path.dsv'
[1.148s] INFO:colcon.colcon_core.shell:Creating environment hook '/home/niranjan/erc_ws/install/sherlock/share/sherlock/hook/ament_prefix_path.sh'
[1.159s] INFO:colcon.colcon_core.shell:Skip shell extension 'powershell' for command environment: Not usable outside of PowerShell
[1.159s] DEBUG:colcon.colcon_core.shell:Skip shell extension 'dsv' for command environment
[1.207s] INFO:colcon.colcon_ros.task.ament_python.build:Building ROS package in '/home/niranjan/erc_ws/src/task_1' with build type 'ament_python'
[1.207s] Level 1:colcon.colcon_core.shell:create_environment_hook('task_1', 'ament_prefix_path')
[1.218s] INFO:colcon.colcon_core.shell:Creating environment hook '/home/niranjan/erc_ws/install/task_1/share/task_1/hook/ament_prefix_path.ps1'
[1.218s] INFO:colcon.colcon_core.shell:Creating environment descriptor '/home/niranjan/erc_ws/install/task_1/share/task_1/hook/ament_prefix_path.dsv'
[1.218s] INFO:colcon.colcon_core.shell:Creating environment hook '/home/niranjan/erc_ws/install/task_1/share/task_1/hook/ament_prefix_path.sh'
[1.230s] INFO:colcon.colcon_core.shell:Skip shell extension 'powershell' for command environment: Not usable outside of PowerShell
[1.230s] DEBUG:colcon.colcon_core.shell:Skip shell extension 'dsv' for command environment
[1.277s] INFO:colcon.colcon_ros.task.ament_python.build:Building ROS package in '/home/niranjan/erc_ws/src/week0_tutorials' with build type 'ament_python'
[1.278s] Level 1:colcon.colcon_core.shell:create_environment_hook('week0_tutorials', 'ament_prefix_path')
[1.289s] INFO:colcon.colcon_core.shell:Creating environment hook '/home/niranjan/erc_ws/install/week0_tutorials/share/week0_tutorials/hook/ament_prefix_path.ps1'
[1.289s] INFO:colcon.colcon_core.shell:Creating environment descriptor '/home/niranjan/erc_ws/install/week0_tutorials/share/week0_tutorials/hook/ament_prefix_path.dsv'
[1.289s] INFO:colcon.colcon_core.shell:Creating environment hook '/home/niranjan/erc_ws/install/week0_tutorials/share/week0_tutorials/hook/ament_prefix_path.sh'
[1.301s] INFO:colcon.colcon_core.shell:Skip shell extension 'powershell' for command environment: Not usable outside of PowerShell
[1.301s] DEBUG:colcon.colcon_core.shell:Skip shell extension 'dsv' for command environment
[1.348s] INFO:colcon.colcon_ros.task.ament_python.build:Building ROS package in '/home/niranjan/erc_ws/src/week1_tutorials' with build type 'ament_python'
[1.348s] Level 1:colcon.colcon_core.shell:create_environment_hook('week1_tutorials', 'ament_prefix_path')
[1.359s] INFO:colcon.colcon_core.shell:Creating environment hook '/home/niranjan/erc_ws/install/week1_tutorials/share/week1_tutorials/hook/ament_prefix_path.ps1'
[1.359s] INFO:colcon.colcon_core.shell:Creating environment descriptor '/home/niranjan/erc_ws/install/week1_tutorials/share/week1_tutorials/hook/ament_prefix_path.dsv'
[1.360s] INFO:colcon.colcon_core.shell:Creating environment hook '/home/niranjan/erc_ws/install/week1_tutorials/share/week1_tutorials/hook/ament_prefix_path.sh'
[1.372s] INFO:colcon.colcon_core.shell:Skip shell extension 'powershell' for command environment: Not usable outside of PowerShell
[1.372s] DEBUG:colcon.colcon_core.shell:Skip shell extension 'dsv' for command environment
[1.620s] INFO:colcon.colcon_core.task.python.build:Building Python package in '/home/niranjan/erc_ws/src/mrs_hudson'
[1.632s] INFO:colcon.colcon_core.shell:Skip shell extension 'powershell' for command environment: Not usable outside of PowerShell
[1.632s] DEBUG:colcon.colcon_core.shell:Skip shell extension 'dsv' for command environment
[1.880s] INFO:colcon.colcon_core.task.python.build:Building Python package in '/home/niranjan/erc_ws/src/sherlock'
[1.891s] INFO:colcon.colcon_core.shell:Skip shell extension 'powershell' for command environment: Not usable outside of PowerShell
[1.891s] DEBUG:colcon.colcon_core.shell:Skip shell extension 'dsv' for command environment
[2.136s] INFO:colcon.colcon_core.task.python.build:Building Python package in '/home/niranjan/erc_ws/src/task_1'
[2.147s] INFO:colcon.colcon_core.shell:Skip shell extension 'powershell' for command environment: Not usable outside of PowerShell
[2.147s] DEBUG:colcon.colcon_core.shell:Skip shell extension 'dsv' for command environment
[2.392s] INFO:colcon.colcon_core.task.python.build:Building Python package in '/home/niranjan/erc_ws/src/week0_tutorials'
[2.412s] INFO:colcon.colcon_core.shell:Skip shell extension 'powershell' for command environment: Not usable outside of PowerShell
[2.412s] DEBUG:colcon.colcon_core.shell:Skip shell extension 'dsv' for command environment
[2.657s] INFO:colcon.colcon_core.task.python.build:Building Python package in '/home/niranjan/erc_ws/src/week1_tutorials'
[2.668s] INFO:colcon.colcon_core.shell:Skip shell extension 'powershell' for command environment: Not usable outside of PowerShell
[2.668s] DEBUG:colcon.colcon_core.shell:Skip shell extension 'dsv' for command environment
[3.009s] DEBUG:colcon.colcon_core.event_handler.log_command:Invoking command in '/home/niranjan/erc_ws/src/sherlock': PYTHONPATH=/home/niranjan/erc_ws/build/sherlock/prefix_override:/home/niranjan/erc_ws/install/sherlock/lib/python3.10/site-packages:${PYTHONPATH} /usr/bin/python3 setup.py egg_info --egg-base ../../build/sherlock build --build-base /home/niranjan/erc_ws/build/sherlock/build install --record /home/niranjan/erc_ws/build/sherlock/install.log --single-version-externally-managed
[3.017s] DEBUG:colcon.colcon_core.event_handler.log_command:Invoking command in '/home/niranjan/erc_ws/src/week1_tutorials': PYTHONPATH=/home/niranjan/erc_ws/build/week1_tutorials/prefix_override:/home/niranjan/erc_ws/install/week1_tutorials/lib/python3.10/site-packages:${PYTHONPATH} /usr/bin/python3 setup.py egg_info --egg-base ../../build/week1_tutorials build --build-base /home/niranjan/erc_ws/build/week1_tutorials/build install --record /home/niranjan/erc_ws/build/week1_tutorials/install.log --single-version-externally-managed
[3.031s] DEBUG:colcon.colcon_core.event_handler.log_command:Invoking command in '/home/niranjan/erc_ws/src/mrs_hudson': PYTHONPATH=/home/niranjan/erc_ws/build/mrs_hudson/prefix_override:/home/niranjan/erc_ws/install/mrs_hudson/lib/python3.10/site-packages:${PYTHONPATH} /usr/bin/python3 setup.py egg_info --egg-base ../../build/mrs_hudson build --build-base /home/niranjan/erc_ws/build/mrs_hudson/build install --record /home/niranjan/erc_ws/build/mrs_hudson/install.log --single-version-externally-managed
[3.033s] DEBUG:colcon.colcon_core.event_handler.log_command:Invoking command in '/home/niranjan/erc_ws/src/task_1': PYTHONPATH=/home/niranjan/erc_ws/build/task_1/prefix_override:/home/niranjan/erc_ws/install/task_1/lib/python3.10/site-packages:${PYTHONPATH} /usr/bin/python3 setup.py egg_info --egg-base ../../build/task_1 build --build-base /home/niranjan/erc_ws/build/task_1/build install --record /home/niranjan/erc_ws/build/task_1/install.log --single-version-externally-managed
[3.034s] DEBUG:colcon.colcon_core.event_handler.log_command:Invoking command in '/home/niranjan/erc_ws/src/week0_tutorials': PYTHONPATH=/home/niranjan/erc_ws/build/week0_tutorials/prefix_override:/home/niranjan/erc_ws/install/week0_tutorials/lib/python3.10/site-packages:${PYTHONPATH} /usr/bin/python3 setup.py egg_info --egg-base ../../build/week0_tutorials build --build-base /home/niranjan/erc_ws/build/week0_tutorials/build install --record /home/niranjan/erc_ws/build/week0_tutorials/install.log --single-version-externally-managed
[3.268s] DEBUG:colcon.colcon_core.event_handler.log_command:Invoked command in '/home/niranjan/erc_ws/src/sherlock' returned '0': PYTHONPATH=/home/niranjan/erc_ws/build/sherlock/prefix_override:/home/niranjan/erc_ws/install/sherlock/lib/python3.10/site-packages:${PYTHONPATH} /usr/bin/python3 setup.py egg_info --egg-base ../../build/sherlock build --build-base /home/niranjan/erc_ws/build/sherlock/build install --record /home/niranjan/erc_ws/build/sherlock/install.log --single-version-externally-managed
[3.289s] Level 1:colcon.colcon_core.environment:checking '/home/niranjan/erc_ws/install/sherlock' for CMake module files
[3.290s] Level 1:colcon.colcon_core.environment:checking '/home/niranjan/erc_ws/install/sherlock' for CMake config files
[3.291s] Level 1:colcon.colcon_core.environment:checking '/home/niranjan/erc_ws/install/sherlock/lib'
[3.291s] Level 1:colcon.colcon_core.environment:checking '/home/niranjan/erc_ws/install/sherlock/bin'
[3.291s] Level 1:colcon.colcon_core.environment:checking '/home/niranjan/erc_ws/install/sherlock/lib/pkgconfig/sherlock.pc'
[3.291s] Level 1:colcon.colcon_core.environment:checking '/home/niranjan/erc_ws/install/sherlock/lib/python3.10/site-packages'
[3.291s] Level 1:colcon.colcon_core.shell:create_environment_hook('sherlock', 'pythonpath')
[3.307s] INFO:colcon.colcon_core.shell:Creating environment hook '/home/niranjan/erc_ws/install/sherlock/share/sherlock/hook/pythonpath.ps1'
[3.307s] INFO:colcon.colcon_core.shell:Creating environment descriptor '/home/niranjan/erc_ws/install/sherlock/share/sherlock/hook/pythonpath.dsv'
[3.308s] INFO:colcon.colcon_core.shell:Creating environment hook '/home/niranjan/erc_ws/install/sherlock/share/sherlock/hook/pythonpath.sh'
[3.308s] Level 1:colcon.colcon_core.environment:checking '/home/niranjan/erc_ws/install/sherlock/bin'
[3.308s] Level 1:colcon.colcon_core.environment:create_environment_scripts_only(sherlock)
[3.319s] INFO:colcon.colcon_core.shell:Creating package script '/home/niranjan/erc_ws/install/sherlock/share/sherlock/package.ps1'
[3.320s] INFO:colcon.colcon_core.shell:Creating package descriptor '/home/niranjan/erc_ws/install/sherlock/share/sherlock/package.dsv'
[3.320s] INFO:colcon.colcon_core.shell:Creating package script '/home/niranjan/erc_ws/install/sherlock/share/sherlock/package.sh'
[3.321s] INFO:colcon.colcon_core.shell:Creating package script '/home/niranjan/erc_ws/install/sherlock/share/sherlock/package.bash'
[3.321s] INFO:colcon.colcon_core.shell:Creating package script '/home/niranjan/erc_ws/install/sherlock/share/sherlock/package.zsh'
[3.322s] Level 1:colcon.colcon_core.environment:create_file_with_runtime_dependencies(/home/niranjan/erc_ws/install/sherlock/share/colcon-core/packages/sherlock)
[3.324s] DEBUG:colcon.colcon_core.event_handler.log_command:Invoked command in '/home/niranjan/erc_ws/src/week0_tutorials' returned '0': PYTHONPATH=/home/niranjan/erc_ws/build/week0_tutorials/prefix_override:/home/niranjan/erc_ws/install/week0_tutorials/lib/python3.10/site-packages:${PYTHONPATH} /usr/bin/python3 setup.py egg_info --egg-base ../../build/week0_tutorials build --build-base /home/niranjan/erc_ws/build/week0_tutorials/build install --record /home/niranjan/erc_ws/build/week0_tutorials/install.log --single-version-externally-managed
[3.336s] Level 1:colcon.colcon_core.environment:checking '/home/niranjan/erc_ws/install/week0_tutorials' for CMake module files
[3.336s] Level 1:colcon.colcon_core.environment:checking '/home/niranjan/erc_ws/install/week0_tutorials' for CMake config files
[3.336s] Level 1:colcon.colcon_core.environment:checking '/home/niranjan/erc_ws/install/week0_tutorials/lib'
[3.336s] Level 1:colcon.colcon_core.environment:checking '/home/niranjan/erc_ws/install/week0_tutorials/bin'
[3.336s] Level 1:colcon.colcon_core.environment:checking '/home/niranjan/erc_ws/install/week0_tutorials/lib/pkgconfig/week0_tutorials.pc'
[3.337s] Level 1:colcon.colcon_core.environment:checking '/home/niranjan/erc_ws/install/week0_tutorials/lib/python3.10/site-packages'
[3.337s] Level 1:colcon.colcon_core.shell:create_environment_hook('week0_tutorials', 'pythonpath')
[3.348s] INFO:colcon.colcon_core.shell:Creating environment hook '/home/niranjan/erc_ws/install/week0_tutorials/share/week0_tutorials/hook/pythonpath.ps1'
[3.348s] INFO:colcon.colcon_core.shell:Creating environment descriptor '/home/niranjan/erc_ws/install/week0_tutorials/share/week0_tutorials/hook/pythonpath.dsv'
[3.348s] INFO:colcon.colcon_core.shell:Creating environment hook '/home/niranjan/erc_ws/install/week0_tutorials/share/week0_tutorials/hook/pythonpath.sh'
[3.349s] Level 1:colcon.colcon_core.environment:checking '/home/niranjan/erc_ws/install/week0_tutorials/bin'
[3.349s] Level 1:colcon.colcon_core.environment:create_environment_scripts_only(week0_tutorials)
[3.360s] INFO:colcon.colcon_core.shell:Creating package script '/home/niranjan/erc_ws/install/week0_tutorials/share/week0_tutorials/package.ps1'
[3.360s] INFO:colcon.colcon_core.shell:Creating package descriptor '/home/niranjan/erc_ws/install/week0_tutorials/share/week0_tutorials/package.dsv'
[3.361s] INFO:colcon.colcon_core.shell:Creating package script '/home/niranjan/erc_ws/install/week0_tutorials/share/week0_tutorials/package.sh'
[3.361s] INFO:colcon.colcon_core.shell:Creating package script '/home/niranjan/erc_ws/install/week0_tutorials/share/week0_tutorials/package.bash'
[3.361s] INFO:colcon.colcon_core.shell:Creating package script '/home/niranjan/erc_ws/install/week0_tutorials/share/week0_tutorials/package.zsh'
[3.361s] Level 1:colcon.colcon_core.environment:create_file_with_runtime_dependencies(/home/niranjan/erc_ws/install/week0_tutorials/share/colcon-core/packages/week0_tutorials)
[3.362s] DEBUG:colcon.colcon_core.event_handler.log_command:Invoked command in '/home/niranjan/erc_ws/src/mrs_hudson' returned '0': PYTHONPATH=/home/niranjan/erc_ws/build/mrs_hudson/prefix_override:/home/niranjan/erc_ws/install/mrs_hudson/lib/python3.10/site-packages:${PYTHONPATH} /usr/bin/python3 setup.py egg_info --egg-base ../../build/mrs_hudson build --build-base /home/niranjan/erc_ws/build/mrs_hudson/build install --record /home/niranjan/erc_ws/build/mrs_hudson/install.log --single-version-externally-managed
[3.374s] Level 1:colcon.colcon_core.environment:checking '/home/niranjan/erc_ws/install/mrs_hudson' for CMake module files
[3.374s] Level 1:colcon.colcon_core.environment:checking '/home/niranjan/erc_ws/install/mrs_hudson' for CMake config files
[3.375s] Level 1:colcon.colcon_core.environment:checking '/home/niranjan/erc_ws/install/mrs_hudson/lib'
[3.375s] Level 1:colcon.colcon_core.environment:checking '/home/niranjan/erc_ws/install/mrs_hudson/bin'
[3.375s] Level 1:colcon.colcon_core.environment:checking '/home/niranjan/erc_ws/install/mrs_hudson/lib/pkgconfig/mrs_hudson.pc'
[3.375s] Level 1:colcon.colcon_core.environment:checking '/home/niranjan/erc_ws/install/mrs_hudson/lib/python3.10/site-packages'
[3.375s] Level 1:colcon.colcon_core.shell:create_environment_hook('mrs_hudson', 'pythonpath')
[3.389s] INFO:colcon.colcon_core.shell:Creating environment hook '/home/niranjan/erc_ws/install/mrs_hudson/share/mrs_hudson/hook/pythonpath.ps1'
[3.389s] INFO:colcon.colcon_core.shell:Creating environment descriptor '/home/niranjan/erc_ws/install/mrs_hudson/share/mrs_hudson/hook/pythonpath.dsv'
[3.389s] INFO:colcon.colcon_core.shell:Creating environment hook '/home/niranjan/erc_ws/install/mrs_hudson/share/mrs_hudson/hook/pythonpath.sh'
[3.390s] Level 1:colcon.colcon_core.environment:checking '/home/niranjan/erc_ws/install/mrs_hudson/bin'
[3.390s] Level 1:colcon.colcon_core.environment:create_environment_scripts_only(mrs_hudson)
[3.402s] INFO:colcon.colcon_core.shell:Creating package script '/home/niranjan/erc_ws/install/mrs_hudson/share/mrs_hudson/package.ps1'
[3.402s] INFO:colcon.colcon_core.shell:Creating package descriptor '/home/niranjan/erc_ws/install/mrs_hudson/share/mrs_hudson/package.dsv'
[3.402s] INFO:colcon.colcon_core.shell:Creating package script '/home/niranjan/erc_ws/install/mrs_hudson/share/mrs_hudson/package.sh'
[3.403s] INFO:colcon.colcon_core.shell:Creating package script '/home/niranjan/erc_ws/install/mrs_hudson/share/mrs_hudson/package.bash'
[3.403s] INFO:colcon.colcon_core.shell:Creating package script '/home/niranjan/erc_ws/install/mrs_hudson/share/mrs_hudson/package.zsh'
[3.403s] Level 1:colcon.colcon_core.environment:create_file_with_runtime_dependencies(/home/niranjan/erc_ws/install/mrs_hudson/share/colcon-core/packages/mrs_hudson)
[3.405s] DEBUG:colcon.colcon_core.event_handler.log_command:Invoked command in '/home/niranjan/erc_ws/src/task_1' returned '0': PYTHONPATH=/home/niranjan/erc_ws/build/task_1/prefix_override:/home/niranjan/erc_ws/install/task_1/lib/python3.10/site-packages:${PYTHONPATH} /usr/bin/python3 setup.py egg_info --egg-base ../../build/task_1 build --build-base /home/niranjan/erc_ws/build/task_1/build install --record /home/niranjan/erc_ws/build/task_1/install.log --single-version-externally-managed
[3.415s] Level 1:colcon.colcon_core.environment:checking '/home/niranjan/erc_ws/install/task_1' for CMake module files
[3.416s] Level 1:colcon.colcon_core.environment:checking '/home/niranjan/erc_ws/install/task_1' for CMake config files
[3.416s] Level 1:colcon.colcon_core.environment:checking '/home/niranjan/erc_ws/install/task_1/lib'
[3.416s] Level 1:colcon.colcon_core.environment:checking '/home/niranjan/erc_ws/install/task_1/bin'
[3.416s] Level 1:colcon.colcon_core.environment:checking '/home/niranjan/erc_ws/install/task_1/lib/pkgconfig/task_1.pc'
[3.417s] Level 1:colcon.colcon_core.environment:checking '/home/niranjan/erc_ws/install/task_1/lib/python3.10/site-packages'
[3.417s] Level 1:colcon.colcon_core.shell:create_environment_hook('task_1', 'pythonpath')
[3.428s] INFO:colcon.colcon_core.shell:Creating environment hook '/home/niranjan/erc_ws/install/task_1/share/task_1/hook/pythonpath.ps1'
[3.428s] INFO:colcon.colcon_core.shell:Creating environment descriptor '/home/niranjan/erc_ws/install/task_1/share/task_1/hook/pythonpath.dsv'
[3.428s] INFO:colcon.colcon_core.shell:Creating environment hook '/home/niranjan/erc_ws/install/task_1/share/task_1/hook/pythonpath.sh'
[3.429s] Level 1:colcon.colcon_core.environment:checking '/home/niranjan/erc_ws/install/task_1/bin'
[3.429s] Level 1:colcon.colcon_core.environment:create_environment_scripts_only(task_1)
[3.440s] INFO:colcon.colcon_core.shell:Creating package script '/home/niranjan/erc_ws/install/task_1/share/task_1/package.ps1'
[3.441s] INFO:colcon.colcon_core.shell:Creating package descriptor '/home/niranjan/erc_ws/install/task_1/share/task_1/package.dsv'
[3.441s] INFO:colcon.colcon_core.shell:Creating package script '/home/niranjan/erc_ws/install/task_1/share/task_1/package.sh'
[3.441s] INFO:colcon.colcon_core.shell:Creating package script '/home/niranjan/erc_ws/install/task_1/share/task_1/package.bash'
[3.441s] INFO:colcon.colcon_core.shell:Creating package script '/home/niranjan/erc_ws/install/task_1/share/task_1/package.zsh'
[3.442s] Level 1:colcon.colcon_core.environment:create_file_with_runtime_dependencies(/home/niranjan/erc_ws/install/task_1/share/colcon-core/packages/task_1)
[3.443s] DEBUG:colcon.colcon_core.event_handler.log_command:Invoked command in '/home/niranjan/erc_ws/src/week1_tutorials' returned '0': PYTHONPATH=/home/niranjan/erc_ws/build/week1_tutorials/prefix_override:/home/niranjan/erc_ws/install/week1_tutorials/lib/python3.10/site-packages:${PYTHONPATH} /usr/bin/python3 setup.py egg_info --egg-base ../../build/week1_tutorials build --build-base /home/niranjan/erc_ws/build/week1_tutorials/build install --record /home/niranjan/erc_ws/build/week1_tutorials/install.log --single-version-externally-managed
[3.454s] Level 1:colcon.colcon_core.environment:checking '/home/niranjan/erc_ws/install/week1_tutorials' for CMake module files
[3.454s] Level 1:colcon.colcon_core.environment:checking '/home/niranjan/erc_ws/install/week1_tutorials' for CMake config files
[3.455s] Level 1:colcon.colcon_core.environment:checking '/home/niranjan/erc_ws/install/week1_tutorials/lib'
[3.455s] Level 1:colcon.colcon_core.environment:checking '/home/niranjan/erc_ws/install/week1_tutorials/bin'
[3.455s] Level 1:colcon.colcon_core.environment:checking '/home/niranjan/erc_ws/install/week1_tutorials/lib/pkgconfig/week1_tutorials.pc'
[3.455s] Level 1:colcon.colcon_core.environment:checking '/home/niranjan/erc_ws/install/week1_tutorials/lib/python3.10/site-packages'
[3.455s] Level 1:colcon.colcon_core.shell:create_environment_hook('week1_tutorials', 'pythonpath')
[3.466s] INFO:colcon.colcon_core.shell:Creating environment hook '/home/niranjan/erc_ws/install/week1_tutorials/share/week1_tutorials/hook/pythonpath.ps1'
[3.467s] INFO:colcon.colcon_core.shell:Creating environment descriptor '/home/niranjan/erc_ws/install/week1_tutorials/share/week1_tutorials/hook/pythonpath.dsv'
[3.467s] INFO:colcon.colcon_core.shell:Creating environment hook '/home/niranjan/erc_ws/install/week1_tutorials/share/week1_tutorials/hook/pythonpath.sh'
[3.467s] Level 1:colcon.colcon_core.environment:checking '/home/niranjan/erc_ws/install/week1_tutorials/bin'
[3.467s] Level 1:colcon.colcon_core.environment:create_environment_scripts_only(week1_tutorials)
[3.479s] INFO:colcon.colcon_core.shell:Creating package script '/home/niranjan/erc_ws/install/week1_tutorials/share/week1_tutorials/package.ps1'
[3.479s] INFO:colcon.colcon_core.shell:Creating package descriptor '/home/niranjan/erc_ws/install/week1_tutorials/share/week1_tutorials/package.dsv'
[3.479s] INFO:colcon.colcon_core.shell:Creating package script '/home/niranjan/erc_ws/install/week1_tutorials/share/week1_tutorials/package.sh'
[3.480s] INFO:colcon.colcon_core.shell:Creating package script '/home/niranjan/erc_ws/install/week1_tutorials/share/week1_tutorials/package.bash'
[3.480s] INFO:colcon.colcon_core.shell:Creating package script '/home/niranjan/erc_ws/install/week1_tutorials/share/week1_tutorials/package.zsh'
[3.480s] Level 1:colcon.colcon_core.environment:create_file_with_runtime_dependencies(/home/niranjan/erc_ws/install/week1_tutorials/share/colcon-core/packages/week1_tutorials)
[3.480s] DEBUG:colcon.colcon_parallel_executor.executor.parallel:closing loop
[3.481s] DEBUG:colcon.colcon_parallel_executor.executor.parallel:loop closed
[3.481s] DEBUG:colcon.colcon_parallel_executor.executor.parallel:run_until_complete finished with '0'
[3.481s] DEBUG:colcon.colcon_core.event_reactor:joining thread
[3.508s] INFO:colcon.colcon_core.plugin_system:Skipping extension 'colcon_notification.desktop_notification.terminal_notifier': Not used on non-Darwin systems
[3.508s] INFO:colcon.colcon_core.plugin_system:Skipping extension 'colcon_notification.desktop_notification.win32': Not used on non-Windows systems
[3.508s] INFO:colcon.colcon_notification.desktop_notification:Sending desktop notification using 'notify2'
[3.522s] DEBUG:colcon.colcon_core.event_reactor:joined thread
[3.534s] INFO:colcon.colcon_core.shell:Creating prefix script '/home/niranjan/erc_ws/install/local_setup.ps1'
[3.535s] INFO:colcon.colcon_core.shell:Creating prefix util module '/home/niranjan/erc_ws/install/_local_setup_util_ps1.py'
[3.536s] INFO:colcon.colcon_core.shell:Creating prefix chain script '/home/niranjan/erc_ws/install/setup.ps1'
[3.548s] INFO:colcon.colcon_core.shell:Creating prefix script '/home/niranjan/erc_ws/install/local_setup.sh'
[3.549s] INFO:colcon.colcon_core.shell:Creating prefix util module '/home/niranjan/erc_ws/install/_local_setup_util_sh.py'
[3.549s] INFO:colcon.colcon_core.shell:Creating prefix chain script '/home/niranjan/erc_ws/install/setup.sh'
[3.562s] INFO:colcon.colcon_core.shell:Creating prefix script '/home/niranjan/erc_ws/install/local_setup.bash'
[3.562s] INFO:colcon.colcon_core.shell:Creating prefix chain script '/home/niranjan/erc_ws/install/setup.bash'
[3.574s] INFO:colcon.colcon_core.shell:Creating prefix script '/home/niranjan/erc_ws/install/local_setup.zsh'
[3.575s] INFO:colcon.colcon_core.shell:Creating prefix chain script '/home/niranjan/erc_ws/install/setup.zsh'
