[0.576s] Invoking command in '/home/niranjan/erc_ws/src/week0_tutorials': PYTHONPATH=/home/niranjan/erc_ws/build/week0_tutorials/prefix_override:/home/niranjan/erc_ws/install/week0_tutorials/lib/python3.10/site-packages:${PYTHONPATH} /usr/bin/python3 setup.py egg_info --egg-base ../../build/week0_tutorials build --build-base /home/niranjan/erc_ws/build/week0_tutorials/build install --record /home/niranjan/erc_ws/build/week0_tutorials/install.log --single-version-externally-managed
[0.751s] running egg_info
[0.751s] creating ../../build/week0_tutorials/week0_tutorials.egg-info
[0.752s] writing ../../build/week0_tutorials/week0_tutorials.egg-info/PKG-INFO
[0.752s] writing dependency_links to ../../build/week0_tutorials/week0_tutorials.egg-info/dependency_links.txt
[0.752s] writing entry points to ../../build/week0_tutorials/week0_tutorials.egg-info/entry_points.txt
[0.752s] writing requirements to ../../build/week0_tutorials/week0_tutorials.egg-info/requires.txt
[0.752s] writing top-level names to ../../build/week0_tutorials/week0_tutorials.egg-info/top_level.txt
[0.752s] writing manifest file '../../build/week0_tutorials/week0_tutorials.egg-info/SOURCES.txt'
[0.753s] reading manifest file '../../build/week0_tutorials/week0_tutorials.egg-info/SOURCES.txt'
[0.754s] writing manifest file '../../build/week0_tutorials/week0_tutorials.egg-info/SOURCES.txt'
[0.754s] running build
[0.754s] running build_py
[0.754s] creating /home/niranjan/erc_ws/build/week0_tutorials/build
[0.754s] creating /home/niranjan/erc_ws/build/week0_tutorials/build/lib
[0.754s] creating /home/niranjan/erc_ws/build/week0_tutorials/build/lib/week0_tutorials
[0.754s] copying week0_tutorials/__init__.py -> /home/niranjan/erc_ws/build/week0_tutorials/build/lib/week0_tutorials
[0.754s] running install
[0.760s] /usr/lib/python3/dist-packages/setuptools/command/install.py:34: SetuptoolsDeprecationWarning: setup.py install is deprecated. Use build and pip and other standards-based tools.
[0.760s]   warnings.warn(
[0.761s] running install_lib
[0.762s] creating /home/niranjan/erc_ws/install/week0_tutorials/lib/python3.10/site-packages/week0_tutorials
[0.762s] copying /home/niranjan/erc_ws/build/week0_tutorials/build/lib/week0_tutorials/__init__.py -> /home/niranjan/erc_ws/install/week0_tutorials/lib/python3.10/site-packages/week0_tutorials
[0.763s] byte-compiling /home/niranjan/erc_ws/install/week0_tutorials/lib/python3.10/site-packages/week0_tutorials/__init__.py to __init__.cpython-310.pyc
[0.763s] running install_data
[0.763s] creating /home/niranjan/erc_ws/install/week0_tutorials/share/ament_index
[0.763s] creating /home/niranjan/erc_ws/install/week0_tutorials/share/ament_index/resource_index
[0.763s] creating /home/niranjan/erc_ws/install/week0_tutorials/share/ament_index/resource_index/packages
[0.763s] copying resource/week0_tutorials -> /home/niranjan/erc_ws/install/week0_tutorials/share/ament_index/resource_index/packages
[0.763s] copying package.xml -> /home/niranjan/erc_ws/install/week0_tutorials/share/week0_tutorials
[0.764s] running install_egg_info
[0.765s] Copying ../../build/week0_tutorials/week0_tutorials.egg-info to /home/niranjan/erc_ws/install/week0_tutorials/lib/python3.10/site-packages/week0_tutorials-0.0.0-py3.10.egg-info
[0.765s] running install_scripts
[0.782s] writing list of installed files to '/home/niranjan/erc_ws/build/week0_tutorials/install.log'
[0.803s] Invoked command in '/home/niranjan/erc_ws/src/week0_tutorials' returned '0': PYTHONPATH=/home/niranjan/erc_ws/build/week0_tutorials/prefix_override:/home/niranjan/erc_ws/install/week0_tutorials/lib/python3.10/site-packages:${PYTHONPATH} /usr/bin/python3 setup.py egg_info --egg-base ../../build/week0_tutorials build --build-base /home/niranjan/erc_ws/build/week0_tutorials/build install --record /home/niranjan/erc_ws/build/week0_tutorials/install.log --single-version-externally-managed
