[0.748s] DEBUG:colcon:Command line arguments: ['/usr/bin/colcon', 'build']
[0.748s] DEBUG:colcon:Parsed command line arguments: Namespace(log_base=None, log_level=None, verb_name='build', build_base='build', install_base='install', merge_install=False, symlink_install=False, test_result_base=None, continue_on_error=False, executor='parallel', parallel_workers=16, event_handlers=None, ignore_user_meta=False, metas=['./colcon.meta'], base_paths=['.'], packages_ignore=None, packages_ignore_regex=None, paths=None, packages_up_to=None, packages_up_to_regex=None, packages_above=None, packages_above_and_dependencies=None, packages_above_depth=None, packages_select_by_dep=None, packages_skip_by_dep=None, packages_skip_up_to=None, packages_select_build_failed=False, packages_skip_build_finished=False, packages_select_test_failures=False, packages_skip_test_passed=False, packages_select=None, packages_skip=None, packages_select_regex=None, packages_skip_regex=None, packages_start=None, packages_end=None, allow_overriding=[], cmake_args=None, cmake_target=None, cmake_target_skip_unavailable=False, cmake_clean_cache=False, cmake_clean_first=False, cmake_force_configure=False, ament_cmake_args=None, catkin_cmake_args=None, catkin_skip_building_tests=False, verb_parser=<colcon_defaults.argument_parser.defaults.DefaultArgumentsDecorator object at 0x7febbc1ae710>, verb_extension=<colcon_core.verb.build.BuildVerb object at 0x7febbc1ada20>, main=<bound method BuildVerb.main of <colcon_core.verb.build.BuildVerb object at 0x7febbc1ada20>>)
[0.783s] Level 1:colcon.colcon_core.package_discovery:discover_packages(colcon_meta) check parameters
[0.783s] Level 1:colcon.colcon_core.package_discovery:discover_packages(recursive) check parameters
[0.783s] Level 1:colcon.colcon_core.package_discovery:discover_packages(ignore) check parameters
[0.783s] Level 1:colcon.colcon_core.package_discovery:discover_packages(path) check parameters
[0.783s] Level 1:colcon.colcon_core.package_discovery:discover_packages(colcon_meta) discover
[0.783s] Level 1:colcon.colcon_core.package_discovery:discover_packages(recursive) discover
[0.783s] INFO:colcon.colcon_core.package_discovery:Crawling recursively for packages in '/home/niranjan/erc_ws'
[0.783s] Level 1:colcon.colcon_core.package_identification:_identify(.) by extensions ['ignore', 'ignore_ament_install']
[0.783s] Level 1:colcon.colcon_core.package_identification:_identify(.) by extension 'ignore'
[0.783s] Level 1:colcon.colcon_core.package_identification:_identify(.) by extension 'ignore_ament_install'
[0.783s] Level 1:colcon.colcon_core.package_identification:_identify(.) by extensions ['colcon_pkg']
[0.783s] Level 1:colcon.colcon_core.package_identification:_identify(.) by extension 'colcon_pkg'
[0.783s] Level 1:colcon.colcon_core.package_identification:_identify(.) by extensions ['colcon_meta']
[0.783s] Level 1:colcon.colcon_core.package_identification:_identify(.) by extension 'colcon_meta'
[0.783s] Level 1:colcon.colcon_core.package_identification:_identify(.) by extensions ['ros']
[0.784s] Level 1:colcon.colcon_core.package_identification:_identify(.) by extension 'ros'
[0.791s] Level 1:colcon.colcon_core.package_identification:_identify(.) by extensions ['cmake', 'python']
[0.791s] Level 1:colcon.colcon_core.package_identification:_identify(.) by extension 'cmake'
[0.791s] Level 1:colcon.colcon_core.package_identification:_identify(.) by extension 'python'
[0.791s] Level 1:colcon.colcon_core.package_identification:_identify(.) by extensions ['python_setup_py']
[0.791s] Level 1:colcon.colcon_core.package_identification:_identify(.) by extension 'python_setup_py'
[0.792s] Level 1:colcon.colcon_core.package_identification:_identify(build) by extensions ['ignore', 'ignore_ament_install']
[0.792s] Level 1:colcon.colcon_core.package_identification:_identify(build) by extension 'ignore'
[0.792s] Level 1:colcon.colcon_core.package_identification:_identify(build) ignored
[0.792s] Level 1:colcon.colcon_core.package_identification:_identify(install) by extensions ['ignore', 'ignore_ament_install']
[0.792s] Level 1:colcon.colcon_core.package_identification:_identify(install) by extension 'ignore'
[0.792s] Level 1:colcon.colcon_core.package_identification:_identify(install) ignored
[0.792s] Level 1:colcon.colcon_core.package_identification:_identify(log) by extensions ['ignore', 'ignore_ament_install']
[0.792s] Level 1:colcon.colcon_core.package_identification:_identify(log) by extension 'ignore'
[0.792s] Level 1:colcon.colcon_core.package_identification:_identify(log) ignored
[0.792s] Level 1:colcon.colcon_core.package_identification:_identify(src) by extensions ['ignore', 'ignore_ament_install']
[0.792s] Level 1:colcon.colcon_core.package_identification:_identify(src) by extension 'ignore'
[0.792s] Level 1:colcon.colcon_core.package_identification:_identify(src) by extension 'ignore_ament_install'
[0.792s] Level 1:colcon.colcon_core.package_identification:_identify(src) by extensions ['colcon_pkg']
[0.792s] Level 1:colcon.colcon_core.package_identification:_identify(src) by extension 'colcon_pkg'
[0.792s] Level 1:colcon.colcon_core.package_identification:_identify(src) by extensions ['colcon_meta']
[0.792s] Level 1:colcon.colcon_core.package_identification:_identify(src) by extension 'colcon_meta'
[0.792s] Level 1:colcon.colcon_core.package_identification:_identify(src) by extensions ['ros']
[0.792s] Level 1:colcon.colcon_core.package_identification:_identify(src) by extension 'ros'
[0.793s] Level 1:colcon.colcon_core.package_identification:_identify(src) by extensions ['cmake', 'python']
[0.793s] Level 1:colcon.colcon_core.package_identification:_identify(src) by extension 'cmake'
[0.793s] Level 1:colcon.colcon_core.package_identification:_identify(src) by extension 'python'
[0.793s] Level 1:colcon.colcon_core.package_identification:_identify(src) by extensions ['python_setup_py']
[0.793s] Level 1:colcon.colcon_core.package_identification:_identify(src) by extension 'python_setup_py'
[0.793s] Level 1:colcon.colcon_core.package_identification:_identify(src/build) by extensions ['ignore', 'ignore_ament_install']
[0.793s] Level 1:colcon.colcon_core.package_identification:_identify(src/build) by extension 'ignore'
[0.793s] Level 1:colcon.colcon_core.package_identification:_identify(src/build) ignored
[0.793s] Level 1:colcon.colcon_core.package_identification:_identify(src/install) by extensions ['ignore', 'ignore_ament_install']
[0.793s] Level 1:colcon.colcon_core.package_identification:_identify(src/install) by extension 'ignore'
[0.793s] Level 1:colcon.colcon_core.package_identification:_identify(src/install) ignored
[0.793s] Level 1:colcon.colcon_core.package_identification:_identify(src/log) by extensions ['ignore', 'ignore_ament_install']
[0.793s] Level 1:colcon.colcon_core.package_identification:_identify(src/log) by extension 'ignore'
[0.793s] Level 1:colcon.colcon_core.package_identification:_identify(src/log) ignored
[0.793s] Level 1:colcon.colcon_core.package_identification:_identify(src/sherlock) by extensions ['ignore', 'ignore_ament_install']
[0.793s] Level 1:colcon.colcon_core.package_identification:_identify(src/sherlock) by extension 'ignore'
[0.793s] Level 1:colcon.colcon_core.package_identification:_identify(src/sherlock) by extension 'ignore_ament_install'
[0.793s] Level 1:colcon.colcon_core.package_identification:_identify(src/sherlock) by extensions ['colcon_pkg']
[0.793s] Level 1:colcon.colcon_core.package_identification:_identify(src/sherlock) by extension 'colcon_pkg'
[0.793s] Level 1:colcon.colcon_core.package_identification:_identify(src/sherlock) by extensions ['colcon_meta']
[0.793s] Level 1:colcon.colcon_core.package_identification:_identify(src/sherlock) by extension 'colcon_meta'
[0.793s] Level 1:colcon.colcon_core.package_identification:_identify(src/sherlock) by extensions ['ros']
[0.793s] Level 1:colcon.colcon_core.package_identification:_identify(src/sherlock) by extension 'ros'
[0.795s] DEBUG:colcon.colcon_core.package_identification:Package 'src/sherlock' with type 'ros.ament_python' and name 'sherlock'
[0.795s] Level 1:colcon.colcon_core.package_identification:_identify(src/week0_tutorials) by extensions ['ignore', 'ignore_ament_install']
[0.795s] Level 1:colcon.colcon_core.package_identification:_identify(src/week0_tutorials) by extension 'ignore'
[0.795s] Level 1:colcon.colcon_core.package_identification:_identify(src/week0_tutorials) by extension 'ignore_ament_install'
[0.795s] Level 1:colcon.colcon_core.package_identification:_identify(src/week0_tutorials) by extensions ['colcon_pkg']
[0.795s] Level 1:colcon.colcon_core.package_identification:_identify(src/week0_tutorials) by extension 'colcon_pkg'
[0.795s] Level 1:colcon.colcon_core.package_identification:_identify(src/week0_tutorials) by extensions ['colcon_meta']
[0.795s] Level 1:colcon.colcon_core.package_identification:_identify(src/week0_tutorials) by extension 'colcon_meta'
[0.795s] Level 1:colcon.colcon_core.package_identification:_identify(src/week0_tutorials) by extensions ['ros']
[0.795s] Level 1:colcon.colcon_core.package_identification:_identify(src/week0_tutorials) by extension 'ros'
[0.796s] DEBUG:colcon.colcon_core.package_identification:Package 'src/week0_tutorials' with type 'ros.ament_python' and name 'week0_tutorials'
[0.796s] Level 1:colcon.colcon_core.package_identification:_identify(src/week1_tutorials) by extensions ['ignore', 'ignore_ament_install']
[0.796s] Level 1:colcon.colcon_core.package_identification:_identify(src/week1_tutorials) by extension 'ignore'
[0.796s] Level 1:colcon.colcon_core.package_identification:_identify(src/week1_tutorials) by extension 'ignore_ament_install'
[0.796s] Level 1:colcon.colcon_core.package_identification:_identify(src/week1_tutorials) by extensions ['colcon_pkg']
[0.796s] Level 1:colcon.colcon_core.package_identification:_identify(src/week1_tutorials) by extension 'colcon_pkg'
[0.796s] Level 1:colcon.colcon_core.package_identification:_identify(src/week1_tutorials) by extensions ['colcon_meta']
[0.796s] Level 1:colcon.colcon_core.package_identification:_identify(src/week1_tutorials) by extension 'colcon_meta'
[0.796s] Level 1:colcon.colcon_core.package_identification:_identify(src/week1_tutorials) by extensions ['ros']
[0.796s] Level 1:colcon.colcon_core.package_identification:_identify(src/week1_tutorials) by extension 'ros'
[0.796s] DEBUG:colcon.colcon_core.package_identification:Package 'src/week1_tutorials' with type 'ros.ament_python' and name 'week1_tutorials'
[0.796s] Level 1:colcon.colcon_core.package_discovery:discover_packages(recursive) using defaults
[0.796s] Level 1:colcon.colcon_core.package_discovery:discover_packages(ignore) discover
[0.796s] Level 1:colcon.colcon_core.package_discovery:discover_packages(ignore) using defaults
[0.796s] Level 1:colcon.colcon_core.package_discovery:discover_packages(path) discover
[0.796s] Level 1:colcon.colcon_core.package_discovery:discover_packages(path) using defaults
[0.867s] Level 1:colcon.colcon_core.package_discovery:discover_packages(prefix_path) check parameters
[0.867s] Level 1:colcon.colcon_core.package_discovery:discover_packages(prefix_path) discover
[0.890s] DEBUG:colcon.colcon_installed_package_information.package_discovery:Found 3 installed packages in /home/niranjan/erc_ws/install
[0.901s] DEBUG:colcon.colcon_installed_package_information.package_discovery:Found 2 installed packages in /home/niranjan/erc_ws/src/install
[0.913s] DEBUG:colcon.colcon_installed_package_information.package_discovery:Found 270 installed packages in /opt/ros/humble
[0.914s] Level 1:colcon.colcon_core.package_discovery:discover_packages(prefix_path) using defaults
[0.987s] Level 5:colcon.colcon_core.verb:set package 'sherlock' build argument 'cmake_args' from command line to 'None'
[0.987s] Level 5:colcon.colcon_core.verb:set package 'sherlock' build argument 'cmake_target' from command line to 'None'
[0.987s] Level 5:colcon.colcon_core.verb:set package 'sherlock' build argument 'cmake_target_skip_unavailable' from command line to 'False'
[0.987s] Level 5:colcon.colcon_core.verb:set package 'sherlock' build argument 'cmake_clean_cache' from command line to 'False'
[0.987s] Level 5:colcon.colcon_core.verb:set package 'sherlock' build argument 'cmake_clean_first' from command line to 'False'
[0.987s] Level 5:colcon.colcon_core.verb:set package 'sherlock' build argument 'cmake_force_configure' from command line to 'False'
[0.987s] Level 5:colcon.colcon_core.verb:set package 'sherlock' build argument 'ament_cmake_args' from command line to 'None'
[0.987s] Level 5:colcon.colcon_core.verb:set package 'sherlock' build argument 'catkin_cmake_args' from command line to 'None'
[0.987s] Level 5:colcon.colcon_core.verb:set package 'sherlock' build argument 'catkin_skip_building_tests' from command line to 'False'
[0.987s] DEBUG:colcon.colcon_core.verb:Building package 'sherlock' with the following arguments: {'ament_cmake_args': None, 'build_base': '/home/niranjan/erc_ws/build/sherlock', 'catkin_cmake_args': None, 'catkin_skip_building_tests': False, 'cmake_args': None, 'cmake_clean_cache': False, 'cmake_clean_first': False, 'cmake_force_configure': False, 'cmake_target': None, 'cmake_target_skip_unavailable': False, 'install_base': '/home/niranjan/erc_ws/install/sherlock', 'merge_install': False, 'path': '/home/niranjan/erc_ws/src/sherlock', 'symlink_install': False, 'test_result_base': None}
[0.998s] Level 5:colcon.colcon_core.verb:set package 'week0_tutorials' build argument 'cmake_args' from command line to 'None'
[0.998s] Level 5:colcon.colcon_core.verb:set package 'week0_tutorials' build argument 'cmake_target' from command line to 'None'
[0.998s] Level 5:colcon.colcon_core.verb:set package 'week0_tutorials' build argument 'cmake_target_skip_unavailable' from command line to 'False'
[0.998s] Level 5:colcon.colcon_core.verb:set package 'week0_tutorials' build argument 'cmake_clean_cache' from command line to 'False'
[0.998s] Level 5:colcon.colcon_core.verb:set package 'week0_tutorials' build argument 'cmake_clean_first' from command line to 'False'
[0.998s] Level 5:colcon.colcon_core.verb:set package 'week0_tutorials' build argument 'cmake_force_configure' from command line to 'False'
[0.998s] Level 5:colcon.colcon_core.verb:set package 'week0_tutorials' build argument 'ament_cmake_args' from command line to 'None'
[0.998s] Level 5:colcon.colcon_core.verb:set package 'week0_tutorials' build argument 'catkin_cmake_args' from command line to 'None'
[0.998s] Level 5:colcon.colcon_core.verb:set package 'week0_tutorials' build argument 'catkin_skip_building_tests' from command line to 'False'
[0.998s] DEBUG:colcon.colcon_core.verb:Building package 'week0_tutorials' with the following arguments: {'ament_cmake_args': None, 'build_base': '/home/niranjan/erc_ws/build/week0_tutorials', 'catkin_cmake_args': None, 'catkin_skip_building_tests': False, 'cmake_args': None, 'cmake_clean_cache': False, 'cmake_clean_first': False, 'cmake_force_configure': False, 'cmake_target': None, 'cmake_target_skip_unavailable': False, 'install_base': '/home/niranjan/erc_ws/install/week0_tutorials', 'merge_install': False, 'path': '/home/niranjan/erc_ws/src/week0_tutorials', 'symlink_install': False, 'test_result_base': None}
[1.009s] Level 5:colcon.colcon_core.verb:set package 'week1_tutorials' build argument 'cmake_args' from command line to 'None'
[1.009s] Level 5:colcon.colcon_core.verb:set package 'week1_tutorials' build argument 'cmake_target' from command line to 'None'
[1.009s] Level 5:colcon.colcon_core.verb:set package 'week1_tutorials' build argument 'cmake_target_skip_unavailable' from command line to 'False'
[1.009s] Level 5:colcon.colcon_core.verb:set package 'week1_tutorials' build argument 'cmake_clean_cache' from command line to 'False'
[1.009s] Level 5:colcon.colcon_core.verb:set package 'week1_tutorials' build argument 'cmake_clean_first' from command line to 'False'
[1.009s] Level 5:colcon.colcon_core.verb:set package 'week1_tutorials' build argument 'cmake_force_configure' from command line to 'False'
[1.009s] Level 5:colcon.colcon_core.verb:set package 'week1_tutorials' build argument 'ament_cmake_args' from command line to 'None'
[1.009s] Level 5:colcon.colcon_core.verb:set package 'week1_tutorials' build argument 'catkin_cmake_args' from command line to 'None'
[1.009s] Level 5:colcon.colcon_core.verb:set package 'week1_tutorials' build argument 'catkin_skip_building_tests' from command line to 'False'
[1.009s] DEBUG:colcon.colcon_core.verb:Building package 'week1_tutorials' with the following arguments: {'ament_cmake_args': None, 'build_base': '/home/niranjan/erc_ws/build/week1_tutorials', 'catkin_cmake_args': None, 'catkin_skip_building_tests': False, 'cmake_args': None, 'cmake_clean_cache': False, 'cmake_clean_first': False, 'cmake_force_configure': False, 'cmake_target': None, 'cmake_target_skip_unavailable': False, 'install_base': '/home/niranjan/erc_ws/install/week1_tutorials', 'merge_install': False, 'path': '/home/niranjan/erc_ws/src/week1_tutorials', 'symlink_install': False, 'test_result_base': None}
[1.019s] INFO:colcon.colcon_core.executor:Executing jobs using 'parallel' executor
[1.030s] DEBUG:colcon.colcon_parallel_executor.executor.parallel:run_until_complete
[1.030s] INFO:colcon.colcon_ros.task.ament_python.build:Building ROS package in '/home/niranjan/erc_ws/src/sherlock' with build type 'ament_python'
[1.030s] Level 1:colcon.colcon_core.shell:create_environment_hook('sherlock', 'ament_prefix_path')
[1.042s] INFO:colcon.colcon_core.plugin_system:Skipping extension 'colcon_core.shell.bat': Not used on non-Windows systems
[1.043s] INFO:colcon.colcon_core.shell:Creating environment hook '/home/niranjan/erc_ws/install/sherlock/share/sherlock/hook/ament_prefix_path.ps1'
[1.043s] INFO:colcon.colcon_core.shell:Creating environment descriptor '/home/niranjan/erc_ws/install/sherlock/share/sherlock/hook/ament_prefix_path.dsv'
[1.043s] INFO:colcon.colcon_core.shell:Creating environment hook '/home/niranjan/erc_ws/install/sherlock/share/sherlock/hook/ament_prefix_path.sh'
[1.055s] INFO:colcon.colcon_core.shell:Skip shell extension 'powershell' for command environment: Not usable outside of PowerShell
[1.055s] DEBUG:colcon.colcon_core.shell:Skip shell extension 'dsv' for command environment
[1.101s] INFO:colcon.colcon_ros.task.ament_python.build:Building ROS package in '/home/niranjan/erc_ws/src/week0_tutorials' with build type 'ament_python'
[1.101s] Level 1:colcon.colcon_core.shell:create_environment_hook('week0_tutorials', 'ament_prefix_path')
[1.112s] INFO:colcon.colcon_core.shell:Creating environment hook '/home/niranjan/erc_ws/install/week0_tutorials/share/week0_tutorials/hook/ament_prefix_path.ps1'
[1.112s] INFO:colcon.colcon_core.shell:Creating environment descriptor '/home/niranjan/erc_ws/install/week0_tutorials/share/week0_tutorials/hook/ament_prefix_path.dsv'
[1.112s] INFO:colcon.colcon_core.shell:Creating environment hook '/home/niranjan/erc_ws/install/week0_tutorials/share/week0_tutorials/hook/ament_prefix_path.sh'
[1.123s] INFO:colcon.colcon_core.shell:Skip shell extension 'powershell' for command environment: Not usable outside of PowerShell
[1.123s] DEBUG:colcon.colcon_core.shell:Skip shell extension 'dsv' for command environment
[1.168s] INFO:colcon.colcon_ros.task.ament_python.build:Building ROS package in '/home/niranjan/erc_ws/src/week1_tutorials' with build type 'ament_python'
[1.168s] Level 1:colcon.colcon_core.shell:create_environment_hook('week1_tutorials', 'ament_prefix_path')
[1.179s] INFO:colcon.colcon_core.shell:Creating environment hook '/home/niranjan/erc_ws/install/week1_tutorials/share/week1_tutorials/hook/ament_prefix_path.ps1'
[1.180s] INFO:colcon.colcon_core.shell:Creating environment descriptor '/home/niranjan/erc_ws/install/week1_tutorials/share/week1_tutorials/hook/ament_prefix_path.dsv'
[1.180s] INFO:colcon.colcon_core.shell:Creating environment hook '/home/niranjan/erc_ws/install/week1_tutorials/share/week1_tutorials/hook/ament_prefix_path.sh'
[1.192s] INFO:colcon.colcon_core.shell:Skip shell extension 'powershell' for command environment: Not usable outside of PowerShell
[1.192s] DEBUG:colcon.colcon_core.shell:Skip shell extension 'dsv' for command environment
[1.444s] INFO:colcon.colcon_core.task.python.build:Building Python package in '/home/niranjan/erc_ws/src/sherlock'
[1.455s] INFO:colcon.colcon_core.shell:Skip shell extension 'powershell' for command environment: Not usable outside of PowerShell
[1.456s] DEBUG:colcon.colcon_core.shell:Skip shell extension 'dsv' for command environment
[1.709s] INFO:colcon.colcon_core.task.python.build:Building Python package in '/home/niranjan/erc_ws/src/week0_tutorials'
[1.720s] INFO:colcon.colcon_core.shell:Skip shell extension 'powershell' for command environment: Not usable outside of PowerShell
[1.720s] DEBUG:colcon.colcon_core.shell:Skip shell extension 'dsv' for command environment
[1.967s] INFO:colcon.colcon_core.task.python.build:Building Python package in '/home/niranjan/erc_ws/src/week1_tutorials'
[1.978s] INFO:colcon.colcon_core.shell:Skip shell extension 'powershell' for command environment: Not usable outside of PowerShell
[1.978s] DEBUG:colcon.colcon_core.shell:Skip shell extension 'dsv' for command environment
[2.301s] DEBUG:colcon.colcon_core.event_handler.log_command:Invoking command in '/home/niranjan/erc_ws/src/week0_tutorials': PYTHONPATH=/home/niranjan/erc_ws/build/week0_tutorials/prefix_override:/home/niranjan/erc_ws/install/week0_tutorials/lib/python3.10/site-packages:${PYTHONPATH} /usr/bin/python3 setup.py egg_info --egg-base ../../build/week0_tutorials build --build-base /home/niranjan/erc_ws/build/week0_tutorials/build install --record /home/niranjan/erc_ws/build/week0_tutorials/install.log --single-version-externally-managed
[2.303s] DEBUG:colcon.colcon_core.event_handler.log_command:Invoking command in '/home/niranjan/erc_ws/src/week1_tutorials': PYTHONPATH=/home/niranjan/erc_ws/build/week1_tutorials/prefix_override:/home/niranjan/erc_ws/install/week1_tutorials/lib/python3.10/site-packages:${PYTHONPATH} /usr/bin/python3 setup.py egg_info --egg-base ../../build/week1_tutorials build --build-base /home/niranjan/erc_ws/build/week1_tutorials/build install --record /home/niranjan/erc_ws/build/week1_tutorials/install.log --single-version-externally-managed
[2.310s] DEBUG:colcon.colcon_core.event_handler.log_command:Invoking command in '/home/niranjan/erc_ws/src/sherlock': PYTHONPATH=/home/niranjan/erc_ws/build/sherlock/prefix_override:/home/niranjan/erc_ws/install/sherlock/lib/python3.10/site-packages:${PYTHONPATH} /usr/bin/python3 setup.py egg_info --egg-base ../../build/sherlock build --build-base /home/niranjan/erc_ws/build/sherlock/build install --record /home/niranjan/erc_ws/build/sherlock/install.log --single-version-externally-managed
[2.546s] DEBUG:colcon.colcon_core.event_handler.log_command:Invoked command in '/home/niranjan/erc_ws/src/week0_tutorials' returned '0': PYTHONPATH=/home/niranjan/erc_ws/build/week0_tutorials/prefix_override:/home/niranjan/erc_ws/install/week0_tutorials/lib/python3.10/site-packages:${PYTHONPATH} /usr/bin/python3 setup.py egg_info --egg-base ../../build/week0_tutorials build --build-base /home/niranjan/erc_ws/build/week0_tutorials/build install --record /home/niranjan/erc_ws/build/week0_tutorials/install.log --single-version-externally-managed
[2.566s] Level 1:colcon.colcon_core.environment:checking '/home/niranjan/erc_ws/install/week0_tutorials' for CMake module files
[2.566s] Level 1:colcon.colcon_core.environment:checking '/home/niranjan/erc_ws/install/week0_tutorials' for CMake config files
[2.567s] Level 1:colcon.colcon_core.environment:checking '/home/niranjan/erc_ws/install/week0_tutorials/lib'
[2.567s] Level 1:colcon.colcon_core.environment:checking '/home/niranjan/erc_ws/install/week0_tutorials/bin'
[2.567s] Level 1:colcon.colcon_core.environment:checking '/home/niranjan/erc_ws/install/week0_tutorials/lib/pkgconfig/week0_tutorials.pc'
[2.567s] Level 1:colcon.colcon_core.environment:checking '/home/niranjan/erc_ws/install/week0_tutorials/lib/python3.10/site-packages'
[2.567s] Level 1:colcon.colcon_core.shell:create_environment_hook('week0_tutorials', 'pythonpath')
[2.578s] INFO:colcon.colcon_core.shell:Creating environment hook '/home/niranjan/erc_ws/install/week0_tutorials/share/week0_tutorials/hook/pythonpath.ps1'
[2.579s] INFO:colcon.colcon_core.shell:Creating environment descriptor '/home/niranjan/erc_ws/install/week0_tutorials/share/week0_tutorials/hook/pythonpath.dsv'
[2.579s] INFO:colcon.colcon_core.shell:Creating environment hook '/home/niranjan/erc_ws/install/week0_tutorials/share/week0_tutorials/hook/pythonpath.sh'
[2.579s] Level 1:colcon.colcon_core.environment:checking '/home/niranjan/erc_ws/install/week0_tutorials/bin'
[2.579s] Level 1:colcon.colcon_core.environment:create_environment_scripts_only(week0_tutorials)
[2.592s] INFO:colcon.colcon_core.shell:Creating package script '/home/niranjan/erc_ws/install/week0_tutorials/share/week0_tutorials/package.ps1'
[2.593s] INFO:colcon.colcon_core.shell:Creating package descriptor '/home/niranjan/erc_ws/install/week0_tutorials/share/week0_tutorials/package.dsv'
[2.593s] INFO:colcon.colcon_core.shell:Creating package script '/home/niranjan/erc_ws/install/week0_tutorials/share/week0_tutorials/package.sh'
[2.594s] INFO:colcon.colcon_core.shell:Creating package script '/home/niranjan/erc_ws/install/week0_tutorials/share/week0_tutorials/package.bash'
[2.594s] INFO:colcon.colcon_core.shell:Creating package script '/home/niranjan/erc_ws/install/week0_tutorials/share/week0_tutorials/package.zsh'
[2.595s] Level 1:colcon.colcon_core.environment:create_file_with_runtime_dependencies(/home/niranjan/erc_ws/install/week0_tutorials/share/colcon-core/packages/week0_tutorials)
[2.596s] DEBUG:colcon.colcon_core.event_handler.log_command:Invoked command in '/home/niranjan/erc_ws/src/week1_tutorials' returned '0': PYTHONPATH=/home/niranjan/erc_ws/build/week1_tutorials/prefix_override:/home/niranjan/erc_ws/install/week1_tutorials/lib/python3.10/site-packages:${PYTHONPATH} /usr/bin/python3 setup.py egg_info --egg-base ../../build/week1_tutorials build --build-base /home/niranjan/erc_ws/build/week1_tutorials/build install --record /home/niranjan/erc_ws/build/week1_tutorials/install.log --single-version-externally-managed
[2.607s] Level 1:colcon.colcon_core.environment:checking '/home/niranjan/erc_ws/install/week1_tutorials' for CMake module files
[2.608s] Level 1:colcon.colcon_core.environment:checking '/home/niranjan/erc_ws/install/week1_tutorials' for CMake config files
[2.608s] Level 1:colcon.colcon_core.environment:checking '/home/niranjan/erc_ws/install/week1_tutorials/lib'
[2.608s] Level 1:colcon.colcon_core.environment:checking '/home/niranjan/erc_ws/install/week1_tutorials/bin'
[2.608s] Level 1:colcon.colcon_core.environment:checking '/home/niranjan/erc_ws/install/week1_tutorials/lib/pkgconfig/week1_tutorials.pc'
[2.608s] Level 1:colcon.colcon_core.environment:checking '/home/niranjan/erc_ws/install/week1_tutorials/lib/python3.10/site-packages'
[2.608s] Level 1:colcon.colcon_core.shell:create_environment_hook('week1_tutorials', 'pythonpath')
[2.620s] INFO:colcon.colcon_core.shell:Creating environment hook '/home/niranjan/erc_ws/install/week1_tutorials/share/week1_tutorials/hook/pythonpath.ps1'
[2.620s] INFO:colcon.colcon_core.shell:Creating environment descriptor '/home/niranjan/erc_ws/install/week1_tutorials/share/week1_tutorials/hook/pythonpath.dsv'
[2.620s] INFO:colcon.colcon_core.shell:Creating environment hook '/home/niranjan/erc_ws/install/week1_tutorials/share/week1_tutorials/hook/pythonpath.sh'
[2.621s] Level 1:colcon.colcon_core.environment:checking '/home/niranjan/erc_ws/install/week1_tutorials/bin'
[2.621s] Level 1:colcon.colcon_core.environment:create_environment_scripts_only(week1_tutorials)
[2.632s] INFO:colcon.colcon_core.shell:Creating package script '/home/niranjan/erc_ws/install/week1_tutorials/share/week1_tutorials/package.ps1'
[2.632s] INFO:colcon.colcon_core.shell:Creating package descriptor '/home/niranjan/erc_ws/install/week1_tutorials/share/week1_tutorials/package.dsv'
[2.633s] INFO:colcon.colcon_core.shell:Creating package script '/home/niranjan/erc_ws/install/week1_tutorials/share/week1_tutorials/package.sh'
[2.633s] INFO:colcon.colcon_core.shell:Creating package script '/home/niranjan/erc_ws/install/week1_tutorials/share/week1_tutorials/package.bash'
[2.633s] INFO:colcon.colcon_core.shell:Creating package script '/home/niranjan/erc_ws/install/week1_tutorials/share/week1_tutorials/package.zsh'
[2.633s] Level 1:colcon.colcon_core.environment:create_file_with_runtime_dependencies(/home/niranjan/erc_ws/install/week1_tutorials/share/colcon-core/packages/week1_tutorials)
[2.635s] DEBUG:colcon.colcon_core.event_handler.log_command:Invoked command in '/home/niranjan/erc_ws/src/sherlock' returned '0': PYTHONPATH=/home/niranjan/erc_ws/build/sherlock/prefix_override:/home/niranjan/erc_ws/install/sherlock/lib/python3.10/site-packages:${PYTHONPATH} /usr/bin/python3 setup.py egg_info --egg-base ../../build/sherlock build --build-base /home/niranjan/erc_ws/build/sherlock/build install --record /home/niranjan/erc_ws/build/sherlock/install.log --single-version-externally-managed
[2.648s] Level 1:colcon.colcon_core.environment:checking '/home/niranjan/erc_ws/install/sherlock' for CMake module files
[2.649s] Level 1:colcon.colcon_core.environment:checking '/home/niranjan/erc_ws/install/sherlock' for CMake config files
[2.649s] Level 1:colcon.colcon_core.environment:checking '/home/niranjan/erc_ws/install/sherlock/lib'
[2.649s] Level 1:colcon.colcon_core.environment:checking '/home/niranjan/erc_ws/install/sherlock/bin'
[2.649s] Level 1:colcon.colcon_core.environment:checking '/home/niranjan/erc_ws/install/sherlock/lib/pkgconfig/sherlock.pc'
[2.649s] Level 1:colcon.colcon_core.environment:checking '/home/niranjan/erc_ws/install/sherlock/lib/python3.10/site-packages'
[2.649s] Level 1:colcon.colcon_core.shell:create_environment_hook('sherlock', 'pythonpath')
[2.661s] INFO:colcon.colcon_core.shell:Creating environment hook '/home/niranjan/erc_ws/install/sherlock/share/sherlock/hook/pythonpath.ps1'
[2.661s] INFO:colcon.colcon_core.shell:Creating environment descriptor '/home/niranjan/erc_ws/install/sherlock/share/sherlock/hook/pythonpath.dsv'
[2.662s] INFO:colcon.colcon_core.shell:Creating environment hook '/home/niranjan/erc_ws/install/sherlock/share/sherlock/hook/pythonpath.sh'
[2.662s] Level 1:colcon.colcon_core.environment:checking '/home/niranjan/erc_ws/install/sherlock/bin'
[2.662s] Level 1:colcon.colcon_core.environment:create_environment_scripts_only(sherlock)
[2.673s] INFO:colcon.colcon_core.shell:Creating package script '/home/niranjan/erc_ws/install/sherlock/share/sherlock/package.ps1'
[2.674s] INFO:colcon.colcon_core.shell:Creating package descriptor '/home/niranjan/erc_ws/install/sherlock/share/sherlock/package.dsv'
[2.674s] INFO:colcon.colcon_core.shell:Creating package script '/home/niranjan/erc_ws/install/sherlock/share/sherlock/package.sh'
[2.674s] INFO:colcon.colcon_core.shell:Creating package script '/home/niranjan/erc_ws/install/sherlock/share/sherlock/package.bash'
[2.674s] INFO:colcon.colcon_core.shell:Creating package script '/home/niranjan/erc_ws/install/sherlock/share/sherlock/package.zsh'
[2.675s] Level 1:colcon.colcon_core.environment:create_file_with_runtime_dependencies(/home/niranjan/erc_ws/install/sherlock/share/colcon-core/packages/sherlock)
[2.675s] DEBUG:colcon.colcon_parallel_executor.executor.parallel:closing loop
[2.675s] DEBUG:colcon.colcon_parallel_executor.executor.parallel:loop closed
[2.676s] DEBUG:colcon.colcon_parallel_executor.executor.parallel:run_until_complete finished with '0'
[2.676s] DEBUG:colcon.colcon_core.event_reactor:joining thread
[2.699s] INFO:colcon.colcon_core.plugin_system:Skipping extension 'colcon_notification.desktop_notification.terminal_notifier': Not used on non-Darwin systems
[2.699s] INFO:colcon.colcon_core.plugin_system:Skipping extension 'colcon_notification.desktop_notification.win32': Not used on non-Windows systems
[2.699s] INFO:colcon.colcon_notification.desktop_notification:Sending desktop notification using 'notify2'
[2.709s] DEBUG:colcon.colcon_core.event_reactor:joined thread
[2.720s] INFO:colcon.colcon_core.shell:Creating prefix script '/home/niranjan/erc_ws/install/local_setup.ps1'
[2.721s] INFO:colcon.colcon_core.shell:Creating prefix util module '/home/niranjan/erc_ws/install/_local_setup_util_ps1.py'
[2.722s] INFO:colcon.colcon_core.shell:Creating prefix chain script '/home/niranjan/erc_ws/install/setup.ps1'
[2.734s] INFO:colcon.colcon_core.shell:Creating prefix script '/home/niranjan/erc_ws/install/local_setup.sh'
[2.734s] INFO:colcon.colcon_core.shell:Creating prefix util module '/home/niranjan/erc_ws/install/_local_setup_util_sh.py'
[2.735s] INFO:colcon.colcon_core.shell:Creating prefix chain script '/home/niranjan/erc_ws/install/setup.sh'
[2.746s] INFO:colcon.colcon_core.shell:Creating prefix script '/home/niranjan/erc_ws/install/local_setup.bash'
[2.747s] INFO:colcon.colcon_core.shell:Creating prefix chain script '/home/niranjan/erc_ws/install/setup.bash'
[2.758s] INFO:colcon.colcon_core.shell:Creating prefix script '/home/niranjan/erc_ws/install/local_setup.zsh'
[2.758s] INFO:colcon.colcon_core.shell:Creating prefix chain script '/home/niranjan/erc_ws/install/setup.zsh'
