[0.873s] Invoking command in '/home/niranjan/erc_ws/src/sherlock': PYTHONPATH=/home/niranjan/erc_ws/src/build/sherlock/prefix_override:/home/niranjan/erc_ws/src/install/sherlock/lib/python3.10/site-packages:${PYTHONPATH} /usr/bin/python3 setup.py egg_info --egg-base ../build/sherlock build --build-base /home/niranjan/erc_ws/src/build/sherlock/build install --record /home/niranjan/erc_ws/src/build/sherlock/install.log --single-version-externally-managed
[1.062s] running egg_info
[1.062s] creating ../build/sherlock/sherlock.egg-info
[1.062s] writing ../build/sherlock/sherlock.egg-info/PKG-INFO
[1.062s] writing dependency_links to ../build/sherlock/sherlock.egg-info/dependency_links.txt
[1.063s] writing entry points to ../build/sherlock/sherlock.egg-info/entry_points.txt
[1.063s] writing requirements to ../build/sherlock/sherlock.egg-info/requires.txt
[1.063s] writing top-level names to ../build/sherlock/sherlock.egg-info/top_level.txt
[1.063s] writing manifest file '../build/sherlock/sherlock.egg-info/SOURCES.txt'
[1.064s] reading manifest file '../build/sherlock/sherlock.egg-info/SOURCES.txt'
[1.064s] writing manifest file '../build/sherlock/sherlock.egg-info/SOURCES.txt'
[1.064s] running build
[1.065s] running build_py
[1.065s] creating /home/niranjan/erc_ws/src/build/sherlock/build
[1.065s] creating /home/niranjan/erc_ws/src/build/sherlock/build/lib
[1.065s] creating /home/niranjan/erc_ws/src/build/sherlock/build/lib/sherlock
[1.065s] copying sherlock/sherlock_node_3.py -> /home/niranjan/erc_ws/src/build/sherlock/build/lib/sherlock
[1.065s] copying sherlock/__init__.py -> /home/niranjan/erc_ws/src/build/sherlock/build/lib/sherlock
[1.065s] copying sherlock/sherlock_node_2.py -> /home/niranjan/erc_ws/src/build/sherlock/build/lib/sherlock
[1.065s] copying sherlock/sherlock_node_1.py -> /home/niranjan/erc_ws/src/build/sherlock/build/lib/sherlock
[1.065s] running install
[1.065s] running install_lib
[1.066s] creating /home/niranjan/erc_ws/src/install/sherlock/lib/python3.10/site-packages/sherlock
[1.066s] copying /home/niranjan/erc_ws/src/build/sherlock/build/lib/sherlock/sherlock_node_3.py -> /home/niranjan/erc_ws/src/install/sherlock/lib/python3.10/site-packages/sherlock
[1.066s] copying /home/niranjan/erc_ws/src/build/sherlock/build/lib/sherlock/__init__.py -> /home/niranjan/erc_ws/src/install/sherlock/lib/python3.10/site-packages/sherlock
[1.066s] copying /home/niranjan/erc_ws/src/build/sherlock/build/lib/sherlock/sherlock_node_2.py -> /home/niranjan/erc_ws/src/install/sherlock/lib/python3.10/site-packages/sherlock
[1.066s] copying /home/niranjan/erc_ws/src/build/sherlock/build/lib/sherlock/sherlock_node_1.py -> /home/niranjan/erc_ws/src/install/sherlock/lib/python3.10/site-packages/sherlock
[1.067s] byte-compiling /home/niranjan/erc_ws/src/install/sherlock/lib/python3.10/site-packages/sherlock/sherlock_node_3.py to sherlock_node_3.cpython-310.pyc
[1.067s] byte-compiling /home/niranjan/erc_ws/src/install/sherlock/lib/python3.10/site-packages/sherlock/__init__.py to __init__.cpython-310.pyc
[1.067s] byte-compiling /home/niranjan/erc_ws/src/install/sherlock/lib/python3.10/site-packages/sherlock/sherlock_node_2.py to sherlock_node_2.cpython-310.pyc
[1.067s] byte-compiling /home/niranjan/erc_ws/src/install/sherlock/lib/python3.10/site-packages/sherlock/sherlock_node_1.py to sherlock_node_1.cpython-310.pyc
[1.067s] running install_data
[1.068s] creating /home/niranjan/erc_ws/src/install/sherlock/share/ament_index
[1.068s] creating /home/niranjan/erc_ws/src/install/sherlock/share/ament_index/resource_index
[1.068s] creating /home/niranjan/erc_ws/src/install/sherlock/share/ament_index/resource_index/packages
[1.068s] copying resource/sherlock -> /home/niranjan/erc_ws/src/install/sherlock/share/ament_index/resource_index/packages
[1.068s] copying package.xml -> /home/niranjan/erc_ws/src/install/sherlock/share/sherlock
[1.068s] running install_egg_info
[1.069s] Copying ../build/sherlock/sherlock.egg-info to /home/niranjan/erc_ws/src/install/sherlock/lib/python3.10/site-packages/sherlock-0.0.0-py3.10.egg-info
[1.070s] running install_scripts
[1.085s] writing list of installed files to '/home/niranjan/erc_ws/src/build/sherlock/install.log'
[1.148s] Invoked command in '/home/niranjan/erc_ws/src/sherlock' returned '0': PYTHONPATH=/home/niranjan/erc_ws/src/build/sherlock/prefix_override:/home/niranjan/erc_ws/src/install/sherlock/lib/python3.10/site-packages:${PYTHONPATH} /usr/bin/python3 setup.py egg_info --egg-base ../build/sherlock build --build-base /home/niranjan/erc_ws/src/build/sherlock/build install --record /home/niranjan/erc_ws/src/build/sherlock/install.log --single-version-externally-managed
