[1.167s] Invoking command in '/home/niranjan/erc_ws/src/week1_tutorials': PYTHONPATH=/home/niranjan/erc_ws/build/week1_tutorials/prefix_override:/home/niranjan/erc_ws/install/week1_tutorials/lib/python3.10/site-packages:${PYTHONPATH} /usr/bin/python3 setup.py egg_info --egg-base ../../build/week1_tutorials build --build-base /home/niranjan/erc_ws/build/week1_tutorials/build install --record /home/niranjan/erc_ws/build/week1_tutorials/install.log --single-version-externally-managed
[1.365s] running egg_info
[1.365s] creating ../../build/week1_tutorials/week1_tutorials.egg-info
[1.366s] writing ../../build/week1_tutorials/week1_tutorials.egg-info/PKG-INFO
[1.366s] writing dependency_links to ../../build/week1_tutorials/week1_tutorials.egg-info/dependency_links.txt
[1.366s] writing entry points to ../../build/week1_tutorials/week1_tutorials.egg-info/entry_points.txt
[1.366s] writing requirements to ../../build/week1_tutorials/week1_tutorials.egg-info/requires.txt
[1.366s] writing top-level names to ../../build/week1_tutorials/week1_tutorials.egg-info/top_level.txt
[1.366s] writing manifest file '../../build/week1_tutorials/week1_tutorials.egg-info/SOURCES.txt'
[1.368s] reading manifest file '../../build/week1_tutorials/week1_tutorials.egg-info/SOURCES.txt'
[1.368s] writing manifest file '../../build/week1_tutorials/week1_tutorials.egg-info/SOURCES.txt'
[1.368s] running build
[1.368s] running build_py
[1.368s] creating /home/niranjan/erc_ws/build/week1_tutorials/build
[1.368s] creating /home/niranjan/erc_ws/build/week1_tutorials/build/lib
[1.368s] creating /home/niranjan/erc_ws/build/week1_tutorials/build/lib/week1_tutorials
[1.368s] copying week1_tutorials/__init__.py -> /home/niranjan/erc_ws/build/week1_tutorials/build/lib/week1_tutorials
[1.369s] running install
[1.369s] running install_lib
[1.369s] creating /home/niranjan/erc_ws/install/week1_tutorials/lib/python3.10/site-packages/week1_tutorials
[1.369s] copying /home/niranjan/erc_ws/build/week1_tutorials/build/lib/week1_tutorials/__init__.py -> /home/niranjan/erc_ws/install/week1_tutorials/lib/python3.10/site-packages/week1_tutorials
[1.370s] byte-compiling /home/niranjan/erc_ws/install/week1_tutorials/lib/python3.10/site-packages/week1_tutorials/__init__.py to __init__.cpython-310.pyc
[1.370s] running install_data
[1.370s] creating /home/niranjan/erc_ws/install/week1_tutorials/share/ament_index
[1.370s] creating /home/niranjan/erc_ws/install/week1_tutorials/share/ament_index/resource_index
[1.370s] creating /home/niranjan/erc_ws/install/week1_tutorials/share/ament_index/resource_index/packages
[1.371s] copying resource/week1_tutorials -> /home/niranjan/erc_ws/install/week1_tutorials/share/ament_index/resource_index/packages
[1.371s] copying package.xml -> /home/niranjan/erc_ws/install/week1_tutorials/share/week1_tutorials
[1.371s] creating /home/niranjan/erc_ws/install/week1_tutorials/share/week1_tutorials/models
[1.371s] copying models/cub_world.sdf -> /home/niranjan/erc_ws/install/week1_tutorials/share/week1_tutorials/models
[1.371s] running install_egg_info
[1.371s] Copying ../../build/week1_tutorials/week1_tutorials.egg-info to /home/niranjan/erc_ws/install/week1_tutorials/lib/python3.10/site-packages/week1_tutorials-0.0.0-py3.10.egg-info
[1.372s] running install_scripts
[1.388s] writing list of installed files to '/home/niranjan/erc_ws/build/week1_tutorials/install.log'
[1.417s] Invoked command in '/home/niranjan/erc_ws/src/week1_tutorials' returned '0': PYTHONPATH=/home/niranjan/erc_ws/build/week1_tutorials/prefix_override:/home/niranjan/erc_ws/install/week1_tutorials/lib/python3.10/site-packages:${PYTHONPATH} /usr/bin/python3 setup.py egg_info --egg-base ../../build/week1_tutorials build --build-base /home/niranjan/erc_ws/build/week1_tutorials/build install --record /home/niranjan/erc_ws/build/week1_tutorials/install.log --single-version-externally-managed
