[1.887s] Invoking command in '/home/niranjan/erc_ws/src/week1_tutorials': PYTHONPATH=/home/niranjan/erc_ws/build/week1_tutorials/prefix_override:/home/niranjan/erc_ws/install/week1_tutorials/lib/python3.10/site-packages:${PYTHONPATH} /usr/bin/python3 setup.py egg_info --egg-base ../../build/week1_tutorials build --build-base /home/niranjan/erc_ws/build/week1_tutorials/build install --record /home/niranjan/erc_ws/build/week1_tutorials/install.log --single-version-externally-managed
[2.108s] running egg_info
[2.108s] writing ../../build/week1_tutorials/week1_tutorials.egg-info/PKG-INFO
[2.108s] writing dependency_links to ../../build/week1_tutorials/week1_tutorials.egg-info/dependency_links.txt
[2.109s] writing entry points to ../../build/week1_tutorials/week1_tutorials.egg-info/entry_points.txt
[2.109s] writing requirements to ../../build/week1_tutorials/week1_tutorials.egg-info/requires.txt
[2.109s] writing top-level names to ../../build/week1_tutorials/week1_tutorials.egg-info/top_level.txt
[2.111s] reading manifest file '../../build/week1_tutorials/week1_tutorials.egg-info/SOURCES.txt'
[2.111s] writing manifest file '../../build/week1_tutorials/week1_tutorials.egg-info/SOURCES.txt'
[2.112s] running build
[2.112s] running build_py
[2.112s] running install
[2.112s] running install_lib
[2.113s] running install_data
[2.114s] running install_egg_info
[2.115s] removing '/home/niranjan/erc_ws/install/week1_tutorials/lib/python3.10/site-packages/week1_tutorials-0.0.0-py3.10.egg-info' (and everything under it)
[2.116s] Copying ../../build/week1_tutorials/week1_tutorials.egg-info to /home/niranjan/erc_ws/install/week1_tutorials/lib/python3.10/site-packages/week1_tutorials-0.0.0-py3.10.egg-info
[2.117s] running install_scripts
[2.137s] writing list of installed files to '/home/niranjan/erc_ws/build/week1_tutorials/install.log'
[2.239s] Invoked command in '/home/niranjan/erc_ws/src/week1_tutorials' returned '0': PYTHONPATH=/home/niranjan/erc_ws/build/week1_tutorials/prefix_override:/home/niranjan/erc_ws/install/week1_tutorials/lib/python3.10/site-packages:${PYTHONPATH} /usr/bin/python3 setup.py egg_info --egg-base ../../build/week1_tutorials build --build-base /home/niranjan/erc_ws/build/week1_tutorials/build install --record /home/niranjan/erc_ws/build/week1_tutorials/install.log --single-version-externally-managed
