[0.929s] DEBUG:colcon:Command line arguments: ['/usr/bin/colcon', 'list', '-p', '--base-paths', '/home/niranjan/erc_ws']
[0.929s] DEBUG:colcon:Parsed command line arguments: Namespace(log_base=None, log_level=None, verb_name='list', build_base='build', ignore_user_meta=False, metas=['./colcon.meta'], base_paths=['/home/niranjan/erc_ws'], packages_ignore=None, packages_ignore_regex=None, paths=None, packages_up_to=None, packages_up_to_regex=None, packages_above=None, packages_above_and_dependencies=None, packages_above_depth=None, packages_select_by_dep=None, packages_skip_by_dep=None, packages_skip_up_to=None, packages_select_build_failed=False, packages_skip_build_finished=False, packages_select_test_failures=False, packages_skip_test_passed=False, packages_select=None, packages_skip=None, packages_select_regex=None, packages_skip_regex=None, packages_start=None, packages_end=None, allow_overriding=[], topological_order=False, names_only=False, paths_only=True, topological_graph=False, topological_graph_dot=False, topological_graph_density=False, topological_graph_legend=False, topological_graph_dot_cluster=False, topological_graph_dot_include_skipped=False, verb_parser=<colcon_defaults.argument_parser.defaults.DefaultArgumentsDecorator object at 0x7fc64b1b7130>, verb_extension=<colcon_package_information.verb.list.ListVerb object at 0x7fc64b1b4400>, main=<bound method ListVerb.main of <colcon_package_information.verb.list.ListVerb object at 0x7fc64b1b4400>>)
[0.972s] Level 1:colcon.colcon_core.package_discovery:discover_packages(colcon_meta) check parameters
[0.973s] Level 1:colcon.colcon_core.package_discovery:discover_packages(recursive) check parameters
[0.973s] Level 1:colcon.colcon_core.package_discovery:discover_packages(ignore) check parameters
[0.973s] Level 1:colcon.colcon_core.package_discovery:discover_packages(path) check parameters
[0.973s] Level 1:colcon.colcon_core.package_discovery:discover_packages(recursive) discover
[0.973s] INFO:colcon.colcon_core.package_discovery:Crawling recursively for packages in '/home/niranjan/erc_ws'
[0.973s] Level 1:colcon.colcon_core.package_identification:_identify(/home/niranjan/erc_ws) by extensions ['ignore', 'ignore_ament_install']
[0.973s] Level 1:colcon.colcon_core.package_identification:_identify(/home/niranjan/erc_ws) by extension 'ignore'
[0.973s] Level 1:colcon.colcon_core.package_identification:_identify(/home/niranjan/erc_ws) by extension 'ignore_ament_install'
[0.973s] Level 1:colcon.colcon_core.package_identification:_identify(/home/niranjan/erc_ws) by extensions ['colcon_pkg']
[0.973s] Level 1:colcon.colcon_core.package_identification:_identify(/home/niranjan/erc_ws) by extension 'colcon_pkg'
[0.973s] Level 1:colcon.colcon_core.package_identification:_identify(/home/niranjan/erc_ws) by extensions ['colcon_meta']
[0.973s] Level 1:colcon.colcon_core.package_identification:_identify(/home/niranjan/erc_ws) by extension 'colcon_meta'
[0.973s] Level 1:colcon.colcon_core.package_identification:_identify(/home/niranjan/erc_ws) by extensions ['ros']
[0.973s] Level 1:colcon.colcon_core.package_identification:_identify(/home/niranjan/erc_ws) by extension 'ros'
[0.983s] Level 1:colcon.colcon_core.package_identification:_identify(/home/niranjan/erc_ws) by extensions ['cmake', 'python']
[0.983s] Level 1:colcon.colcon_core.package_identification:_identify(/home/niranjan/erc_ws) by extension 'cmake'
[0.983s] Level 1:colcon.colcon_core.package_identification:_identify(/home/niranjan/erc_ws) by extension 'python'
[0.983s] Level 1:colcon.colcon_core.package_identification:_identify(/home/niranjan/erc_ws) by extensions ['python_setup_py']
[0.983s] Level 1:colcon.colcon_core.package_identification:_identify(/home/niranjan/erc_ws) by extension 'python_setup_py'
[0.983s] Level 1:colcon.colcon_core.package_identification:_identify(/home/niranjan/erc_ws/build) by extensions ['ignore', 'ignore_ament_install']
[0.983s] Level 1:colcon.colcon_core.package_identification:_identify(/home/niranjan/erc_ws/build) by extension 'ignore'
[0.983s] Level 1:colcon.colcon_core.package_identification:_identify(/home/niranjan/erc_ws/build) ignored
[0.983s] Level 1:colcon.colcon_core.package_identification:_identify(/home/niranjan/erc_ws/install) by extensions ['ignore', 'ignore_ament_install']
[0.983s] Level 1:colcon.colcon_core.package_identification:_identify(/home/niranjan/erc_ws/install) by extension 'ignore'
[0.983s] Level 1:colcon.colcon_core.package_identification:_identify(/home/niranjan/erc_ws/install) ignored
[0.984s] Level 1:colcon.colcon_core.package_identification:_identify(/home/niranjan/erc_ws/log) by extensions ['ignore', 'ignore_ament_install']
[0.984s] Level 1:colcon.colcon_core.package_identification:_identify(/home/niranjan/erc_ws/log) by extension 'ignore'
[0.984s] Level 1:colcon.colcon_core.package_identification:_identify(/home/niranjan/erc_ws/log) ignored
[0.984s] Level 1:colcon.colcon_core.package_identification:_identify(/home/niranjan/erc_ws/src) by extensions ['ignore', 'ignore_ament_install']
[0.984s] Level 1:colcon.colcon_core.package_identification:_identify(/home/niranjan/erc_ws/src) by extension 'ignore'
[0.984s] Level 1:colcon.colcon_core.package_identification:_identify(/home/niranjan/erc_ws/src) by extension 'ignore_ament_install'
[0.984s] Level 1:colcon.colcon_core.package_identification:_identify(/home/niranjan/erc_ws/src) by extensions ['colcon_pkg']
[0.984s] Level 1:colcon.colcon_core.package_identification:_identify(/home/niranjan/erc_ws/src) by extension 'colcon_pkg'
[0.984s] Level 1:colcon.colcon_core.package_identification:_identify(/home/niranjan/erc_ws/src) by extensions ['colcon_meta']
[0.984s] Level 1:colcon.colcon_core.package_identification:_identify(/home/niranjan/erc_ws/src) by extension 'colcon_meta'
[0.984s] Level 1:colcon.colcon_core.package_identification:_identify(/home/niranjan/erc_ws/src) by extensions ['ros']
[0.984s] Level 1:colcon.colcon_core.package_identification:_identify(/home/niranjan/erc_ws/src) by extension 'ros'
[0.984s] Level 1:colcon.colcon_core.package_identification:_identify(/home/niranjan/erc_ws/src) by extensions ['cmake', 'python']
[0.984s] Level 1:colcon.colcon_core.package_identification:_identify(/home/niranjan/erc_ws/src) by extension 'cmake'
[0.984s] Level 1:colcon.colcon_core.package_identification:_identify(/home/niranjan/erc_ws/src) by extension 'python'
[0.984s] Level 1:colcon.colcon_core.package_identification:_identify(/home/niranjan/erc_ws/src) by extensions ['python_setup_py']
[0.984s] Level 1:colcon.colcon_core.package_identification:_identify(/home/niranjan/erc_ws/src) by extension 'python_setup_py'
[0.984s] Level 1:colcon.colcon_core.package_identification:_identify(/home/niranjan/erc_ws/src/build) by extensions ['ignore', 'ignore_ament_install']
[0.985s] Level 1:colcon.colcon_core.package_identification:_identify(/home/niranjan/erc_ws/src/build) by extension 'ignore'
[0.985s] Level 1:colcon.colcon_core.package_identification:_identify(/home/niranjan/erc_ws/src/build) ignored
[0.985s] Level 1:colcon.colcon_core.package_identification:_identify(/home/niranjan/erc_ws/src/install) by extensions ['ignore', 'ignore_ament_install']
[0.985s] Level 1:colcon.colcon_core.package_identification:_identify(/home/niranjan/erc_ws/src/install) by extension 'ignore'
[0.985s] Level 1:colcon.colcon_core.package_identification:_identify(/home/niranjan/erc_ws/src/install) ignored
[0.985s] Level 1:colcon.colcon_core.package_identification:_identify(/home/niranjan/erc_ws/src/log) by extensions ['ignore', 'ignore_ament_install']
[0.985s] Level 1:colcon.colcon_core.package_identification:_identify(/home/niranjan/erc_ws/src/log) by extension 'ignore'
[0.985s] Level 1:colcon.colcon_core.package_identification:_identify(/home/niranjan/erc_ws/src/log) ignored
[0.985s] Level 1:colcon.colcon_core.package_identification:_identify(/home/niranjan/erc_ws/src/mrs_hudson) by extensions ['ignore', 'ignore_ament_install']
[0.985s] Level 1:colcon.colcon_core.package_identification:_identify(/home/niranjan/erc_ws/src/mrs_hudson) by extension 'ignore'
[0.985s] Level 1:colcon.colcon_core.package_identification:_identify(/home/niranjan/erc_ws/src/mrs_hudson) by extension 'ignore_ament_install'
[0.985s] Level 1:colcon.colcon_core.package_identification:_identify(/home/niranjan/erc_ws/src/mrs_hudson) by extensions ['colcon_pkg']
[0.985s] Level 1:colcon.colcon_core.package_identification:_identify(/home/niranjan/erc_ws/src/mrs_hudson) by extension 'colcon_pkg'
[0.985s] Level 1:colcon.colcon_core.package_identification:_identify(/home/niranjan/erc_ws/src/mrs_hudson) by extensions ['colcon_meta']
[0.985s] Level 1:colcon.colcon_core.package_identification:_identify(/home/niranjan/erc_ws/src/mrs_hudson) by extension 'colcon_meta'
[0.985s] Level 1:colcon.colcon_core.package_identification:_identify(/home/niranjan/erc_ws/src/mrs_hudson) by extensions ['ros']
[0.985s] Level 1:colcon.colcon_core.package_identification:_identify(/home/niranjan/erc_ws/src/mrs_hudson) by extension 'ros'
[0.987s] DEBUG:colcon.colcon_core.package_identification:Package '/home/niranjan/erc_ws/src/mrs_hudson' with type 'ros.ament_python' and name 'mrs_hudson'
[0.988s] Level 1:colcon.colcon_core.package_identification:_identify(/home/niranjan/erc_ws/src/sherlock) by extensions ['ignore', 'ignore_ament_install']
[0.988s] Level 1:colcon.colcon_core.package_identification:_identify(/home/niranjan/erc_ws/src/sherlock) by extension 'ignore'
[0.988s] Level 1:colcon.colcon_core.package_identification:_identify(/home/niranjan/erc_ws/src/sherlock) by extension 'ignore_ament_install'
[0.988s] Level 1:colcon.colcon_core.package_identification:_identify(/home/niranjan/erc_ws/src/sherlock) by extensions ['colcon_pkg']
[0.988s] Level 1:colcon.colcon_core.package_identification:_identify(/home/niranjan/erc_ws/src/sherlock) by extension 'colcon_pkg'
[0.988s] Level 1:colcon.colcon_core.package_identification:_identify(/home/niranjan/erc_ws/src/sherlock) by extensions ['colcon_meta']
[0.988s] Level 1:colcon.colcon_core.package_identification:_identify(/home/niranjan/erc_ws/src/sherlock) by extension 'colcon_meta'
[0.988s] Level 1:colcon.colcon_core.package_identification:_identify(/home/niranjan/erc_ws/src/sherlock) by extensions ['ros']
[0.988s] Level 1:colcon.colcon_core.package_identification:_identify(/home/niranjan/erc_ws/src/sherlock) by extension 'ros'
[0.988s] DEBUG:colcon.colcon_core.package_identification:Package '/home/niranjan/erc_ws/src/sherlock' with type 'ros.ament_python' and name 'sherlock'
[0.989s] Level 1:colcon.colcon_core.package_identification:_identify(/home/niranjan/erc_ws/src/task_1) by extensions ['ignore', 'ignore_ament_install']
[0.989s] Level 1:colcon.colcon_core.package_identification:_identify(/home/niranjan/erc_ws/src/task_1) by extension 'ignore'
[0.989s] Level 1:colcon.colcon_core.package_identification:_identify(/home/niranjan/erc_ws/src/task_1) by extension 'ignore_ament_install'
[0.989s] Level 1:colcon.colcon_core.package_identification:_identify(/home/niranjan/erc_ws/src/task_1) by extensions ['colcon_pkg']
[0.989s] Level 1:colcon.colcon_core.package_identification:_identify(/home/niranjan/erc_ws/src/task_1) by extension 'colcon_pkg'
[0.989s] Level 1:colcon.colcon_core.package_identification:_identify(/home/niranjan/erc_ws/src/task_1) by extensions ['colcon_meta']
[0.989s] Level 1:colcon.colcon_core.package_identification:_identify(/home/niranjan/erc_ws/src/task_1) by extension 'colcon_meta'
[0.989s] Level 1:colcon.colcon_core.package_identification:_identify(/home/niranjan/erc_ws/src/task_1) by extensions ['ros']
[0.989s] Level 1:colcon.colcon_core.package_identification:_identify(/home/niranjan/erc_ws/src/task_1) by extension 'ros'
[0.989s] DEBUG:colcon.colcon_core.package_identification:Package '/home/niranjan/erc_ws/src/task_1' with type 'ros.ament_python' and name 'task_1'
[0.989s] Level 1:colcon.colcon_core.package_identification:_identify(/home/niranjan/erc_ws/src/week0_tutorials) by extensions ['ignore', 'ignore_ament_install']
[0.990s] Level 1:colcon.colcon_core.package_identification:_identify(/home/niranjan/erc_ws/src/week0_tutorials) by extension 'ignore'
[0.990s] Level 1:colcon.colcon_core.package_identification:_identify(/home/niranjan/erc_ws/src/week0_tutorials) by extension 'ignore_ament_install'
[0.990s] Level 1:colcon.colcon_core.package_identification:_identify(/home/niranjan/erc_ws/src/week0_tutorials) by extensions ['colcon_pkg']
[0.990s] Level 1:colcon.colcon_core.package_identification:_identify(/home/niranjan/erc_ws/src/week0_tutorials) by extension 'colcon_pkg'
[0.990s] Level 1:colcon.colcon_core.package_identification:_identify(/home/niranjan/erc_ws/src/week0_tutorials) by extensions ['colcon_meta']
[0.990s] Level 1:colcon.colcon_core.package_identification:_identify(/home/niranjan/erc_ws/src/week0_tutorials) by extension 'colcon_meta'
[0.990s] Level 1:colcon.colcon_core.package_identification:_identify(/home/niranjan/erc_ws/src/week0_tutorials) by extensions ['ros']
[0.990s] Level 1:colcon.colcon_core.package_identification:_identify(/home/niranjan/erc_ws/src/week0_tutorials) by extension 'ros'
[0.990s] DEBUG:colcon.colcon_core.package_identification:Package '/home/niranjan/erc_ws/src/week0_tutorials' with type 'ros.ament_python' and name 'week0_tutorials'
[0.990s] Level 1:colcon.colcon_core.package_identification:_identify(/home/niranjan/erc_ws/src/week1_tutorials) by extensions ['ignore', 'ignore_ament_install']
[0.990s] Level 1:colcon.colcon_core.package_identification:_identify(/home/niranjan/erc_ws/src/week1_tutorials) by extension 'ignore'
[0.990s] Level 1:colcon.colcon_core.package_identification:_identify(/home/niranjan/erc_ws/src/week1_tutorials) by extension 'ignore_ament_install'
[0.990s] Level 1:colcon.colcon_core.package_identification:_identify(/home/niranjan/erc_ws/src/week1_tutorials) by extensions ['colcon_pkg']
[0.990s] Level 1:colcon.colcon_core.package_identification:_identify(/home/niranjan/erc_ws/src/week1_tutorials) by extension 'colcon_pkg'
[0.991s] Level 1:colcon.colcon_core.package_identification:_identify(/home/niranjan/erc_ws/src/week1_tutorials) by extensions ['colcon_meta']
[0.991s] Level 1:colcon.colcon_core.package_identification:_identify(/home/niranjan/erc_ws/src/week1_tutorials) by extension 'colcon_meta'
[0.991s] Level 1:colcon.colcon_core.package_identification:_identify(/home/niranjan/erc_ws/src/week1_tutorials) by extensions ['ros']
[0.991s] Level 1:colcon.colcon_core.package_identification:_identify(/home/niranjan/erc_ws/src/week1_tutorials) by extension 'ros'
[0.991s] DEBUG:colcon.colcon_core.package_identification:Package '/home/niranjan/erc_ws/src/week1_tutorials' with type 'ros.ament_python' and name 'week1_tutorials'
[0.991s] Level 1:colcon.colcon_core.package_discovery:discover_packages(recursive) using defaults
