[0.763s] DEBUG:colcon:Command line arguments: ['/usr/bin/colcon', 'build']
[0.763s] DEBUG:colcon:Parsed command line arguments: Namespace(log_base=None, log_level=None, verb_name='build', build_base='build', install_base='install', merge_install=False, symlink_install=False, test_result_base=None, continue_on_error=False, executor='parallel', parallel_workers=16, event_handlers=None, ignore_user_meta=False, metas=['./colcon.meta'], base_paths=['.'], packages_ignore=None, packages_ignore_regex=None, paths=None, packages_up_to=None, packages_up_to_regex=None, packages_above=None, packages_above_and_dependencies=None, packages_above_depth=None, packages_select_by_dep=None, packages_skip_by_dep=None, packages_skip_up_to=None, packages_select_build_failed=False, packages_skip_build_finished=False, packages_select_test_failures=False, packages_skip_test_passed=False, packages_select=None, packages_skip=None, packages_select_regex=None, packages_skip_regex=None, packages_start=None, packages_end=None, allow_overriding=[], cmake_args=None, cmake_target=None, cmake_target_skip_unavailable=False, cmake_clean_cache=False, cmake_clean_first=False, cmake_force_configure=False, ament_cmake_args=None, catkin_cmake_args=None, catkin_skip_building_tests=False, verb_parser=<colcon_defaults.argument_parser.defaults.DefaultArgumentsDecorator object at 0x7f6e2bcb4580>, verb_extension=<colcon_core.verb.build.BuildVerb object at 0x7f6e2bcb7340>, main=<bound method BuildVerb.main of <colcon_core.verb.build.BuildVerb object at 0x7f6e2bcb7340>>)
[0.799s] Level 1:colcon.colcon_core.package_discovery:discover_packages(colcon_meta) check parameters
[0.799s] Level 1:colcon.colcon_core.package_discovery:discover_packages(recursive) check parameters
[0.799s] Level 1:colcon.colcon_core.package_discovery:discover_packages(ignore) check parameters
[0.799s] Level 1:colcon.colcon_core.package_discovery:discover_packages(path) check parameters
[0.799s] Level 1:colcon.colcon_core.package_discovery:discover_packages(colcon_meta) discover
[0.799s] Level 1:colcon.colcon_core.package_discovery:discover_packages(recursive) discover
[0.799s] INFO:colcon.colcon_core.package_discovery:Crawling recursively for packages in '/home/niranjan/erc_ws'
[0.799s] Level 1:colcon.colcon_core.package_identification:_identify(.) by extensions ['ignore', 'ignore_ament_install']
[0.799s] Level 1:colcon.colcon_core.package_identification:_identify(.) by extension 'ignore'
[0.799s] Level 1:colcon.colcon_core.package_identification:_identify(.) by extension 'ignore_ament_install'
[0.799s] Level 1:colcon.colcon_core.package_identification:_identify(.) by extensions ['colcon_pkg']
[0.799s] Level 1:colcon.colcon_core.package_identification:_identify(.) by extension 'colcon_pkg'
[0.799s] Level 1:colcon.colcon_core.package_identification:_identify(.) by extensions ['colcon_meta']
[0.799s] Level 1:colcon.colcon_core.package_identification:_identify(.) by extension 'colcon_meta'
[0.799s] Level 1:colcon.colcon_core.package_identification:_identify(.) by extensions ['ros']
[0.799s] Level 1:colcon.colcon_core.package_identification:_identify(.) by extension 'ros'
[0.807s] Level 1:colcon.colcon_core.package_identification:_identify(.) by extensions ['cmake', 'python']
[0.807s] Level 1:colcon.colcon_core.package_identification:_identify(.) by extension 'cmake'
[0.807s] Level 1:colcon.colcon_core.package_identification:_identify(.) by extension 'python'
[0.807s] Level 1:colcon.colcon_core.package_identification:_identify(.) by extensions ['python_setup_py']
[0.807s] Level 1:colcon.colcon_core.package_identification:_identify(.) by extension 'python_setup_py'
[0.808s] Level 1:colcon.colcon_core.package_identification:_identify(build) by extensions ['ignore', 'ignore_ament_install']
[0.808s] Level 1:colcon.colcon_core.package_identification:_identify(build) by extension 'ignore'
[0.808s] Level 1:colcon.colcon_core.package_identification:_identify(build) ignored
[0.808s] Level 1:colcon.colcon_core.package_identification:_identify(install) by extensions ['ignore', 'ignore_ament_install']
[0.808s] Level 1:colcon.colcon_core.package_identification:_identify(install) by extension 'ignore'
[0.808s] Level 1:colcon.colcon_core.package_identification:_identify(install) ignored
[0.808s] Level 1:colcon.colcon_core.package_identification:_identify(log) by extensions ['ignore', 'ignore_ament_install']
[0.808s] Level 1:colcon.colcon_core.package_identification:_identify(log) by extension 'ignore'
[0.808s] Level 1:colcon.colcon_core.package_identification:_identify(log) ignored
[0.808s] Level 1:colcon.colcon_core.package_identification:_identify(src) by extensions ['ignore', 'ignore_ament_install']
[0.808s] Level 1:colcon.colcon_core.package_identification:_identify(src) by extension 'ignore'
[0.808s] Level 1:colcon.colcon_core.package_identification:_identify(src) by extension 'ignore_ament_install'
[0.808s] Level 1:colcon.colcon_core.package_identification:_identify(src) by extensions ['colcon_pkg']
[0.808s] Level 1:colcon.colcon_core.package_identification:_identify(src) by extension 'colcon_pkg'
[0.808s] Level 1:colcon.colcon_core.package_identification:_identify(src) by extensions ['colcon_meta']
[0.808s] Level 1:colcon.colcon_core.package_identification:_identify(src) by extension 'colcon_meta'
[0.808s] Level 1:colcon.colcon_core.package_identification:_identify(src) by extensions ['ros']
[0.809s] Level 1:colcon.colcon_core.package_identification:_identify(src) by extension 'ros'
[0.809s] Level 1:colcon.colcon_core.package_identification:_identify(src) by extensions ['cmake', 'python']
[0.809s] Level 1:colcon.colcon_core.package_identification:_identify(src) by extension 'cmake'
[0.809s] Level 1:colcon.colcon_core.package_identification:_identify(src) by extension 'python'
[0.809s] Level 1:colcon.colcon_core.package_identification:_identify(src) by extensions ['python_setup_py']
[0.809s] Level 1:colcon.colcon_core.package_identification:_identify(src) by extension 'python_setup_py'
[0.809s] Level 1:colcon.colcon_core.package_identification:_identify(src/build) by extensions ['ignore', 'ignore_ament_install']
[0.809s] Level 1:colcon.colcon_core.package_identification:_identify(src/build) by extension 'ignore'
[0.809s] Level 1:colcon.colcon_core.package_identification:_identify(src/build) ignored
[0.809s] Level 1:colcon.colcon_core.package_identification:_identify(src/install) by extensions ['ignore', 'ignore_ament_install']
[0.809s] Level 1:colcon.colcon_core.package_identification:_identify(src/install) by extension 'ignore'
[0.809s] Level 1:colcon.colcon_core.package_identification:_identify(src/install) ignored
[0.809s] Level 1:colcon.colcon_core.package_identification:_identify(src/log) by extensions ['ignore', 'ignore_ament_install']
[0.809s] Level 1:colcon.colcon_core.package_identification:_identify(src/log) by extension 'ignore'
[0.809s] Level 1:colcon.colcon_core.package_identification:_identify(src/log) ignored
[0.809s] Level 1:colcon.colcon_core.package_identification:_identify(src/mrs_hudson) by extensions ['ignore', 'ignore_ament_install']
[0.809s] Level 1:colcon.colcon_core.package_identification:_identify(src/mrs_hudson) by extension 'ignore'
[0.809s] Level 1:colcon.colcon_core.package_identification:_identify(src/mrs_hudson) by extension 'ignore_ament_install'
[0.809s] Level 1:colcon.colcon_core.package_identification:_identify(src/mrs_hudson) by extensions ['colcon_pkg']
[0.809s] Level 1:colcon.colcon_core.package_identification:_identify(src/mrs_hudson) by extension 'colcon_pkg'
[0.810s] Level 1:colcon.colcon_core.package_identification:_identify(src/mrs_hudson) by extensions ['colcon_meta']
[0.810s] Level 1:colcon.colcon_core.package_identification:_identify(src/mrs_hudson) by extension 'colcon_meta'
[0.810s] Level 1:colcon.colcon_core.package_identification:_identify(src/mrs_hudson) by extensions ['ros']
[0.810s] Level 1:colcon.colcon_core.package_identification:_identify(src/mrs_hudson) by extension 'ros'
[0.811s] DEBUG:colcon.colcon_core.package_identification:Package 'src/mrs_hudson' with type 'ros.ament_python' and name 'mrs_hudson'
[0.811s] Level 1:colcon.colcon_core.package_identification:_identify(src/sherlock) by extensions ['ignore', 'ignore_ament_install']
[0.811s] Level 1:colcon.colcon_core.package_identification:_identify(src/sherlock) by extension 'ignore'
[0.811s] Level 1:colcon.colcon_core.package_identification:_identify(src/sherlock) by extension 'ignore_ament_install'
[0.811s] Level 1:colcon.colcon_core.package_identification:_identify(src/sherlock) by extensions ['colcon_pkg']
[0.812s] Level 1:colcon.colcon_core.package_identification:_identify(src/sherlock) by extension 'colcon_pkg'
[0.812s] Level 1:colcon.colcon_core.package_identification:_identify(src/sherlock) by extensions ['colcon_meta']
[0.812s] Level 1:colcon.colcon_core.package_identification:_identify(src/sherlock) by extension 'colcon_meta'
[0.812s] Level 1:colcon.colcon_core.package_identification:_identify(src/sherlock) by extensions ['ros']
[0.812s] Level 1:colcon.colcon_core.package_identification:_identify(src/sherlock) by extension 'ros'
[0.812s] DEBUG:colcon.colcon_core.package_identification:Package 'src/sherlock' with type 'ros.ament_python' and name 'sherlock'
[0.812s] Level 1:colcon.colcon_core.package_identification:_identify(src/task_1) by extensions ['ignore', 'ignore_ament_install']
[0.812s] Level 1:colcon.colcon_core.package_identification:_identify(src/task_1) by extension 'ignore'
[0.812s] Level 1:colcon.colcon_core.package_identification:_identify(src/task_1) by extension 'ignore_ament_install'
[0.812s] Level 1:colcon.colcon_core.package_identification:_identify(src/task_1) by extensions ['colcon_pkg']
[0.812s] Level 1:colcon.colcon_core.package_identification:_identify(src/task_1) by extension 'colcon_pkg'
[0.812s] Level 1:colcon.colcon_core.package_identification:_identify(src/task_1) by extensions ['colcon_meta']
[0.812s] Level 1:colcon.colcon_core.package_identification:_identify(src/task_1) by extension 'colcon_meta'
[0.812s] Level 1:colcon.colcon_core.package_identification:_identify(src/task_1) by extensions ['ros']
[0.812s] Level 1:colcon.colcon_core.package_identification:_identify(src/task_1) by extension 'ros'
[0.813s] DEBUG:colcon.colcon_core.package_identification:Package 'src/task_1' with type 'ros.ament_python' and name 'task_1'
[0.813s] Level 1:colcon.colcon_core.package_identification:_identify(src/week0_tutorials) by extensions ['ignore', 'ignore_ament_install']
[0.813s] Level 1:colcon.colcon_core.package_identification:_identify(src/week0_tutorials) by extension 'ignore'
[0.813s] Level 1:colcon.colcon_core.package_identification:_identify(src/week0_tutorials) by extension 'ignore_ament_install'
[0.813s] Level 1:colcon.colcon_core.package_identification:_identify(src/week0_tutorials) by extensions ['colcon_pkg']
[0.813s] Level 1:colcon.colcon_core.package_identification:_identify(src/week0_tutorials) by extension 'colcon_pkg'
[0.813s] Level 1:colcon.colcon_core.package_identification:_identify(src/week0_tutorials) by extensions ['colcon_meta']
[0.813s] Level 1:colcon.colcon_core.package_identification:_identify(src/week0_tutorials) by extension 'colcon_meta'
[0.813s] Level 1:colcon.colcon_core.package_identification:_identify(src/week0_tutorials) by extensions ['ros']
[0.813s] Level 1:colcon.colcon_core.package_identification:_identify(src/week0_tutorials) by extension 'ros'
[0.813s] DEBUG:colcon.colcon_core.package_identification:Package 'src/week0_tutorials' with type 'ros.ament_python' and name 'week0_tutorials'
[0.814s] Level 1:colcon.colcon_core.package_identification:_identify(src/week1_tutorials) by extensions ['ignore', 'ignore_ament_install']
[0.814s] Level 1:colcon.colcon_core.package_identification:_identify(src/week1_tutorials) by extension 'ignore'
[0.814s] Level 1:colcon.colcon_core.package_identification:_identify(src/week1_tutorials) by extension 'ignore_ament_install'
[0.814s] Level 1:colcon.colcon_core.package_identification:_identify(src/week1_tutorials) by extensions ['colcon_pkg']
[0.814s] Level 1:colcon.colcon_core.package_identification:_identify(src/week1_tutorials) by extension 'colcon_pkg'
[0.814s] Level 1:colcon.colcon_core.package_identification:_identify(src/week1_tutorials) by extensions ['colcon_meta']
[0.814s] Level 1:colcon.colcon_core.package_identification:_identify(src/week1_tutorials) by extension 'colcon_meta'
[0.814s] Level 1:colcon.colcon_core.package_identification:_identify(src/week1_tutorials) by extensions ['ros']
[0.814s] Level 1:colcon.colcon_core.package_identification:_identify(src/week1_tutorials) by extension 'ros'
[0.814s] DEBUG:colcon.colcon_core.package_identification:Package 'src/week1_tutorials' with type 'ros.ament_python' and name 'week1_tutorials'
[0.814s] Level 1:colcon.colcon_core.package_discovery:discover_packages(recursive) using defaults
[0.814s] Level 1:colcon.colcon_core.package_discovery:discover_packages(ignore) discover
[0.814s] Level 1:colcon.colcon_core.package_discovery:discover_packages(ignore) using defaults
[0.814s] Level 1:colcon.colcon_core.package_discovery:discover_packages(path) discover
[0.814s] Level 1:colcon.colcon_core.package_discovery:discover_packages(path) using defaults
[0.885s] Level 1:colcon.colcon_core.package_discovery:discover_packages(prefix_path) check parameters
[0.885s] Level 1:colcon.colcon_core.package_discovery:discover_packages(prefix_path) discover
[0.908s] DEBUG:colcon.colcon_installed_package_information.package_discovery:Found 5 installed packages in /home/niranjan/erc_ws/install
[0.919s] DEBUG:colcon.colcon_installed_package_information.package_discovery:Found 2 installed packages in /home/niranjan/erc_ws/src/install
[0.940s] DEBUG:colcon.colcon_installed_package_information.package_discovery:Found 283 installed packages in /opt/ros/humble
[0.941s] Level 1:colcon.colcon_core.package_discovery:discover_packages(prefix_path) using defaults
[1.009s] Level 5:colcon.colcon_core.verb:set package 'mrs_hudson' build argument 'cmake_args' from command line to 'None'
[1.009s] Level 5:colcon.colcon_core.verb:set package 'mrs_hudson' build argument 'cmake_target' from command line to 'None'
[1.009s] Level 5:colcon.colcon_core.verb:set package 'mrs_hudson' build argument 'cmake_target_skip_unavailable' from command line to 'False'
[1.009s] Level 5:colcon.colcon_core.verb:set package 'mrs_hudson' build argument 'cmake_clean_cache' from command line to 'False'
[1.009s] Level 5:colcon.colcon_core.verb:set package 'mrs_hudson' build argument 'cmake_clean_first' from command line to 'False'
[1.009s] Level 5:colcon.colcon_core.verb:set package 'mrs_hudson' build argument 'cmake_force_configure' from command line to 'False'
[1.009s] Level 5:colcon.colcon_core.verb:set package 'mrs_hudson' build argument 'ament_cmake_args' from command line to 'None'
[1.009s] Level 5:colcon.colcon_core.verb:set package 'mrs_hudson' build argument 'catkin_cmake_args' from command line to 'None'
[1.009s] Level 5:colcon.colcon_core.verb:set package 'mrs_hudson' build argument 'catkin_skip_building_tests' from command line to 'False'
[1.009s] DEBUG:colcon.colcon_core.verb:Building package 'mrs_hudson' with the following arguments: {'ament_cmake_args': None, 'build_base': '/home/niranjan/erc_ws/build/mrs_hudson', 'catkin_cmake_args': None, 'catkin_skip_building_tests': False, 'cmake_args': None, 'cmake_clean_cache': False, 'cmake_clean_first': False, 'cmake_force_configure': False, 'cmake_target': None, 'cmake_target_skip_unavailable': False, 'install_base': '/home/niranjan/erc_ws/install/mrs_hudson', 'merge_install': False, 'path': '/home/niranjan/erc_ws/src/mrs_hudson', 'symlink_install': False, 'test_result_base': None}
[1.020s] Level 5:colcon.colcon_core.verb:set package 'sherlock' build argument 'cmake_args' from command line to 'None'
[1.020s] Level 5:colcon.colcon_core.verb:set package 'sherlock' build argument 'cmake_target' from command line to 'None'
[1.020s] Level 5:colcon.colcon_core.verb:set package 'sherlock' build argument 'cmake_target_skip_unavailable' from command line to 'False'
[1.020s] Level 5:colcon.colcon_core.verb:set package 'sherlock' build argument 'cmake_clean_cache' from command line to 'False'
[1.020s] Level 5:colcon.colcon_core.verb:set package 'sherlock' build argument 'cmake_clean_first' from command line to 'False'
[1.020s] Level 5:colcon.colcon_core.verb:set package 'sherlock' build argument 'cmake_force_configure' from command line to 'False'
[1.020s] Level 5:colcon.colcon_core.verb:set package 'sherlock' build argument 'ament_cmake_args' from command line to 'None'
[1.020s] Level 5:colcon.colcon_core.verb:set package 'sherlock' build argument 'catkin_cmake_args' from command line to 'None'
[1.020s] Level 5:colcon.colcon_core.verb:set package 'sherlock' build argument 'catkin_skip_building_tests' from command line to 'False'
[1.020s] DEBUG:colcon.colcon_core.verb:Building package 'sherlock' with the following arguments: {'ament_cmake_args': None, 'build_base': '/home/niranjan/erc_ws/build/sherlock', 'catkin_cmake_args': None, 'catkin_skip_building_tests': False, 'cmake_args': None, 'cmake_clean_cache': False, 'cmake_clean_first': False, 'cmake_force_configure': False, 'cmake_target': None, 'cmake_target_skip_unavailable': False, 'install_base': '/home/niranjan/erc_ws/install/sherlock', 'merge_install': False, 'path': '/home/niranjan/erc_ws/src/sherlock', 'symlink_install': False, 'test_result_base': None}
[1.031s] Level 5:colcon.colcon_core.verb:set package 'task_1' build argument 'cmake_args' from command line to 'None'
[1.031s] Level 5:colcon.colcon_core.verb:set package 'task_1' build argument 'cmake_target' from command line to 'None'
[1.031s] Level 5:colcon.colcon_core.verb:set package 'task_1' build argument 'cmake_target_skip_unavailable' from command line to 'False'
[1.031s] Level 5:colcon.colcon_core.verb:set package 'task_1' build argument 'cmake_clean_cache' from command line to 'False'
[1.031s] Level 5:colcon.colcon_core.verb:set package 'task_1' build argument 'cmake_clean_first' from command line to 'False'
[1.031s] Level 5:colcon.colcon_core.verb:set package 'task_1' build argument 'cmake_force_configure' from command line to 'False'
[1.031s] Level 5:colcon.colcon_core.verb:set package 'task_1' build argument 'ament_cmake_args' from command line to 'None'
[1.031s] Level 5:colcon.colcon_core.verb:set package 'task_1' build argument 'catkin_cmake_args' from command line to 'None'
[1.031s] Level 5:colcon.colcon_core.verb:set package 'task_1' build argument 'catkin_skip_building_tests' from command line to 'False'
[1.032s] DEBUG:colcon.colcon_core.verb:Building package 'task_1' with the following arguments: {'ament_cmake_args': None, 'build_base': '/home/niranjan/erc_ws/build/task_1', 'catkin_cmake_args': None, 'catkin_skip_building_tests': False, 'cmake_args': None, 'cmake_clean_cache': False, 'cmake_clean_first': False, 'cmake_force_configure': False, 'cmake_target': None, 'cmake_target_skip_unavailable': False, 'install_base': '/home/niranjan/erc_ws/install/task_1', 'merge_install': False, 'path': '/home/niranjan/erc_ws/src/task_1', 'symlink_install': False, 'test_result_base': None}
[1.043s] Level 5:colcon.colcon_core.verb:set package 'week0_tutorials' build argument 'cmake_args' from command line to 'None'
[1.043s] Level 5:colcon.colcon_core.verb:set package 'week0_tutorials' build argument 'cmake_target' from command line to 'None'
[1.043s] Level 5:colcon.colcon_core.verb:set package 'week0_tutorials' build argument 'cmake_target_skip_unavailable' from command line to 'False'
[1.043s] Level 5:colcon.colcon_core.verb:set package 'week0_tutorials' build argument 'cmake_clean_cache' from command line to 'False'
[1.043s] Level 5:colcon.colcon_core.verb:set package 'week0_tutorials' build argument 'cmake_clean_first' from command line to 'False'
[1.043s] Level 5:colcon.colcon_core.verb:set package 'week0_tutorials' build argument 'cmake_force_configure' from command line to 'False'
[1.043s] Level 5:colcon.colcon_core.verb:set package 'week0_tutorials' build argument 'ament_cmake_args' from command line to 'None'
[1.043s] Level 5:colcon.colcon_core.verb:set package 'week0_tutorials' build argument 'catkin_cmake_args' from command line to 'None'
[1.043s] Level 5:colcon.colcon_core.verb:set package 'week0_tutorials' build argument 'catkin_skip_building_tests' from command line to 'False'
[1.043s] DEBUG:colcon.colcon_core.verb:Building package 'week0_tutorials' with the following arguments: {'ament_cmake_args': None, 'build_base': '/home/niranjan/erc_ws/build/week0_tutorials', 'catkin_cmake_args': None, 'catkin_skip_building_tests': False, 'cmake_args': None, 'cmake_clean_cache': False, 'cmake_clean_first': False, 'cmake_force_configure': False, 'cmake_target': None, 'cmake_target_skip_unavailable': False, 'install_base': '/home/niranjan/erc_ws/install/week0_tutorials', 'merge_install': False, 'path': '/home/niranjan/erc_ws/src/week0_tutorials', 'symlink_install': False, 'test_result_base': None}
[1.054s] Level 5:colcon.colcon_core.verb:set package 'week1_tutorials' build argument 'cmake_args' from command line to 'None'
[1.054s] Level 5:colcon.colcon_core.verb:set package 'week1_tutorials' build argument 'cmake_target' from command line to 'None'
[1.054s] Level 5:colcon.colcon_core.verb:set package 'week1_tutorials' build argument 'cmake_target_skip_unavailable' from command line to 'False'
[1.054s] Level 5:colcon.colcon_core.verb:set package 'week1_tutorials' build argument 'cmake_clean_cache' from command line to 'False'
[1.054s] Level 5:colcon.colcon_core.verb:set package 'week1_tutorials' build argument 'cmake_clean_first' from command line to 'False'
[1.054s] Level 5:colcon.colcon_core.verb:set package 'week1_tutorials' build argument 'cmake_force_configure' from command line to 'False'
[1.054s] Level 5:colcon.colcon_core.verb:set package 'week1_tutorials' build argument 'ament_cmake_args' from command line to 'None'
[1.054s] Level 5:colcon.colcon_core.verb:set package 'week1_tutorials' build argument 'catkin_cmake_args' from command line to 'None'
[1.054s] Level 5:colcon.colcon_core.verb:set package 'week1_tutorials' build argument 'catkin_skip_building_tests' from command line to 'False'
[1.054s] DEBUG:colcon.colcon_core.verb:Building package 'week1_tutorials' with the following arguments: {'ament_cmake_args': None, 'build_base': '/home/niranjan/erc_ws/build/week1_tutorials', 'catkin_cmake_args': None, 'catkin_skip_building_tests': False, 'cmake_args': None, 'cmake_clean_cache': False, 'cmake_clean_first': False, 'cmake_force_configure': False, 'cmake_target': None, 'cmake_target_skip_unavailable': False, 'install_base': '/home/niranjan/erc_ws/install/week1_tutorials', 'merge_install': False, 'path': '/home/niranjan/erc_ws/src/week1_tutorials', 'symlink_install': False, 'test_result_base': None}
[1.065s] INFO:colcon.colcon_core.executor:Executing jobs using 'parallel' executor
[1.077s] DEBUG:colcon.colcon_parallel_executor.executor.parallel:run_until_complete
[1.077s] INFO:colcon.colcon_ros.task.ament_python.build:Building ROS package in '/home/niranjan/erc_ws/src/mrs_hudson' with build type 'ament_python'
[1.077s] Level 1:colcon.colcon_core.shell:create_environment_hook('mrs_hudson', 'ament_prefix_path')
[1.090s] INFO:colcon.colcon_core.plugin_system:Skipping extension 'colcon_core.shell.bat': Not used on non-Windows systems
[1.090s] INFO:colcon.colcon_core.shell:Creating environment hook '/home/niranjan/erc_ws/install/mrs_hudson/share/mrs_hudson/hook/ament_prefix_path.ps1'
[1.090s] INFO:colcon.colcon_core.shell:Creating environment descriptor '/home/niranjan/erc_ws/install/mrs_hudson/share/mrs_hudson/hook/ament_prefix_path.dsv'
[1.091s] INFO:colcon.colcon_core.shell:Creating environment hook '/home/niranjan/erc_ws/install/mrs_hudson/share/mrs_hudson/hook/ament_prefix_path.sh'
[1.102s] INFO:colcon.colcon_core.shell:Skip shell extension 'powershell' for command environment: Not usable outside of PowerShell
[1.103s] DEBUG:colcon.colcon_core.shell:Skip shell extension 'dsv' for command environment
[1.149s] INFO:colcon.colcon_ros.task.ament_python.build:Building ROS package in '/home/niranjan/erc_ws/src/sherlock' with build type 'ament_python'
[1.149s] Level 1:colcon.colcon_core.shell:create_environment_hook('sherlock', 'ament_prefix_path')
[1.160s] INFO:colcon.colcon_core.shell:Creating environment hook '/home/niranjan/erc_ws/install/sherlock/share/sherlock/hook/ament_prefix_path.ps1'
[1.160s] INFO:colcon.colcon_core.shell:Creating environment descriptor '/home/niranjan/erc_ws/install/sherlock/share/sherlock/hook/ament_prefix_path.dsv'
[1.161s] INFO:colcon.colcon_core.shell:Creating environment hook '/home/niranjan/erc_ws/install/sherlock/share/sherlock/hook/ament_prefix_path.sh'
[1.172s] INFO:colcon.colcon_core.shell:Skip shell extension 'powershell' for command environment: Not usable outside of PowerShell
[1.172s] DEBUG:colcon.colcon_core.shell:Skip shell extension 'dsv' for command environment
[1.219s] INFO:colcon.colcon_ros.task.ament_python.build:Building ROS package in '/home/niranjan/erc_ws/src/task_1' with build type 'ament_python'
[1.219s] Level 1:colcon.colcon_core.shell:create_environment_hook('task_1', 'ament_prefix_path')
[1.230s] INFO:colcon.colcon_core.shell:Creating environment hook '/home/niranjan/erc_ws/install/task_1/share/task_1/hook/ament_prefix_path.ps1'
[1.231s] INFO:colcon.colcon_core.shell:Creating environment descriptor '/home/niranjan/erc_ws/install/task_1/share/task_1/hook/ament_prefix_path.dsv'
[1.231s] INFO:colcon.colcon_core.shell:Creating environment hook '/home/niranjan/erc_ws/install/task_1/share/task_1/hook/ament_prefix_path.sh'
[1.243s] INFO:colcon.colcon_core.shell:Skip shell extension 'powershell' for command environment: Not usable outside of PowerShell
[1.243s] DEBUG:colcon.colcon_core.shell:Skip shell extension 'dsv' for command environment
[1.290s] INFO:colcon.colcon_ros.task.ament_python.build:Building ROS package in '/home/niranjan/erc_ws/src/week0_tutorials' with build type 'ament_python'
[1.290s] Level 1:colcon.colcon_core.shell:create_environment_hook('week0_tutorials', 'ament_prefix_path')
[1.302s] INFO:colcon.colcon_core.shell:Creating environment hook '/home/niranjan/erc_ws/install/week0_tutorials/share/week0_tutorials/hook/ament_prefix_path.ps1'
[1.302s] INFO:colcon.colcon_core.shell:Creating environment descriptor '/home/niranjan/erc_ws/install/week0_tutorials/share/week0_tutorials/hook/ament_prefix_path.dsv'
[1.302s] INFO:colcon.colcon_core.shell:Creating environment hook '/home/niranjan/erc_ws/install/week0_tutorials/share/week0_tutorials/hook/ament_prefix_path.sh'
[1.314s] INFO:colcon.colcon_core.shell:Skip shell extension 'powershell' for command environment: Not usable outside of PowerShell
[1.314s] DEBUG:colcon.colcon_core.shell:Skip shell extension 'dsv' for command environment
[1.363s] INFO:colcon.colcon_ros.task.ament_python.build:Building ROS package in '/home/niranjan/erc_ws/src/week1_tutorials' with build type 'ament_python'
[1.363s] Level 1:colcon.colcon_core.shell:create_environment_hook('week1_tutorials', 'ament_prefix_path')
[1.375s] INFO:colcon.colcon_core.shell:Creating environment hook '/home/niranjan/erc_ws/install/week1_tutorials/share/week1_tutorials/hook/ament_prefix_path.ps1'
[1.376s] INFO:colcon.colcon_core.shell:Creating environment descriptor '/home/niranjan/erc_ws/install/week1_tutorials/share/week1_tutorials/hook/ament_prefix_path.dsv'
[1.376s] INFO:colcon.colcon_core.shell:Creating environment hook '/home/niranjan/erc_ws/install/week1_tutorials/share/week1_tutorials/hook/ament_prefix_path.sh'
[1.388s] INFO:colcon.colcon_core.shell:Skip shell extension 'powershell' for command environment: Not usable outside of PowerShell
[1.388s] DEBUG:colcon.colcon_core.shell:Skip shell extension 'dsv' for command environment
[1.650s] INFO:colcon.colcon_core.task.python.build:Building Python package in '/home/niranjan/erc_ws/src/mrs_hudson'
[1.662s] INFO:colcon.colcon_core.shell:Skip shell extension 'powershell' for command environment: Not usable outside of PowerShell
[1.662s] DEBUG:colcon.colcon_core.shell:Skip shell extension 'dsv' for command environment
[1.919s] INFO:colcon.colcon_core.task.python.build:Building Python package in '/home/niranjan/erc_ws/src/sherlock'
[1.930s] INFO:colcon.colcon_core.shell:Skip shell extension 'powershell' for command environment: Not usable outside of PowerShell
[1.930s] DEBUG:colcon.colcon_core.shell:Skip shell extension 'dsv' for command environment
[2.184s] INFO:colcon.colcon_core.task.python.build:Building Python package in '/home/niranjan/erc_ws/src/task_1'
[2.195s] INFO:colcon.colcon_core.shell:Skip shell extension 'powershell' for command environment: Not usable outside of PowerShell
[2.195s] DEBUG:colcon.colcon_core.shell:Skip shell extension 'dsv' for command environment
[2.449s] INFO:colcon.colcon_core.task.python.build:Building Python package in '/home/niranjan/erc_ws/src/week0_tutorials'
[2.469s] INFO:colcon.colcon_core.shell:Skip shell extension 'powershell' for command environment: Not usable outside of PowerShell
[2.469s] DEBUG:colcon.colcon_core.shell:Skip shell extension 'dsv' for command environment
[2.728s] INFO:colcon.colcon_core.task.python.build:Building Python package in '/home/niranjan/erc_ws/src/week1_tutorials'
[2.739s] INFO:colcon.colcon_core.shell:Skip shell extension 'powershell' for command environment: Not usable outside of PowerShell
[2.739s] DEBUG:colcon.colcon_core.shell:Skip shell extension 'dsv' for command environment
[3.083s] DEBUG:colcon.colcon_core.event_handler.log_command:Invoking command in '/home/niranjan/erc_ws/src/sherlock': PYTHONPATH=/home/niranjan/erc_ws/build/sherlock/prefix_override:/home/niranjan/erc_ws/install/sherlock/lib/python3.10/site-packages:${PYTHONPATH} /usr/bin/python3 setup.py egg_info --egg-base ../../build/sherlock build --build-base /home/niranjan/erc_ws/build/sherlock/build install --record /home/niranjan/erc_ws/build/sherlock/install.log --single-version-externally-managed
[3.090s] DEBUG:colcon.colcon_core.event_handler.log_command:Invoking command in '/home/niranjan/erc_ws/src/task_1': PYTHONPATH=/home/niranjan/erc_ws/build/task_1/prefix_override:/home/niranjan/erc_ws/install/task_1/lib/python3.10/site-packages:${PYTHONPATH} /usr/bin/python3 setup.py egg_info --egg-base ../../build/task_1 build --build-base /home/niranjan/erc_ws/build/task_1/build install --record /home/niranjan/erc_ws/build/task_1/install.log --single-version-externally-managed
[3.102s] DEBUG:colcon.colcon_core.event_handler.log_command:Invoking command in '/home/niranjan/erc_ws/src/mrs_hudson': PYTHONPATH=/home/niranjan/erc_ws/build/mrs_hudson/prefix_override:/home/niranjan/erc_ws/install/mrs_hudson/lib/python3.10/site-packages:${PYTHONPATH} /usr/bin/python3 setup.py egg_info --egg-base ../../build/mrs_hudson build --build-base /home/niranjan/erc_ws/build/mrs_hudson/build install --record /home/niranjan/erc_ws/build/mrs_hudson/install.log --single-version-externally-managed
[3.107s] DEBUG:colcon.colcon_core.event_handler.log_command:Invoking command in '/home/niranjan/erc_ws/src/week0_tutorials': PYTHONPATH=/home/niranjan/erc_ws/build/week0_tutorials/prefix_override:/home/niranjan/erc_ws/install/week0_tutorials/lib/python3.10/site-packages:${PYTHONPATH} /usr/bin/python3 setup.py egg_info --egg-base ../../build/week0_tutorials build --build-base /home/niranjan/erc_ws/build/week0_tutorials/build install --record /home/niranjan/erc_ws/build/week0_tutorials/install.log --single-version-externally-managed
[3.108s] DEBUG:colcon.colcon_core.event_handler.log_command:Invoking command in '/home/niranjan/erc_ws/src/week1_tutorials': PYTHONPATH=/home/niranjan/erc_ws/build/week1_tutorials/prefix_override:/home/niranjan/erc_ws/install/week1_tutorials/lib/python3.10/site-packages:${PYTHONPATH} /usr/bin/python3 setup.py egg_info --egg-base ../../build/week1_tutorials build --build-base /home/niranjan/erc_ws/build/week1_tutorials/build install --record /home/niranjan/erc_ws/build/week1_tutorials/install.log --single-version-externally-managed
[3.349s] DEBUG:colcon.colcon_core.event_handler.log_command:Invoked command in '/home/niranjan/erc_ws/src/sherlock' returned '0': PYTHONPATH=/home/niranjan/erc_ws/build/sherlock/prefix_override:/home/niranjan/erc_ws/install/sherlock/lib/python3.10/site-packages:${PYTHONPATH} /usr/bin/python3 setup.py egg_info --egg-base ../../build/sherlock build --build-base /home/niranjan/erc_ws/build/sherlock/build install --record /home/niranjan/erc_ws/build/sherlock/install.log --single-version-externally-managed
[3.370s] Level 1:colcon.colcon_core.environment:checking '/home/niranjan/erc_ws/install/sherlock' for CMake module files
[3.370s] Level 1:colcon.colcon_core.environment:checking '/home/niranjan/erc_ws/install/sherlock' for CMake config files
[3.371s] Level 1:colcon.colcon_core.environment:checking '/home/niranjan/erc_ws/install/sherlock/lib'
[3.372s] Level 1:colcon.colcon_core.environment:checking '/home/niranjan/erc_ws/install/sherlock/bin'
[3.372s] Level 1:colcon.colcon_core.environment:checking '/home/niranjan/erc_ws/install/sherlock/lib/pkgconfig/sherlock.pc'
[3.372s] Level 1:colcon.colcon_core.environment:checking '/home/niranjan/erc_ws/install/sherlock/lib/python3.10/site-packages'
[3.372s] Level 1:colcon.colcon_core.shell:create_environment_hook('sherlock', 'pythonpath')
[3.388s] INFO:colcon.colcon_core.shell:Creating environment hook '/home/niranjan/erc_ws/install/sherlock/share/sherlock/hook/pythonpath.ps1'
[3.388s] INFO:colcon.colcon_core.shell:Creating environment descriptor '/home/niranjan/erc_ws/install/sherlock/share/sherlock/hook/pythonpath.dsv'
[3.389s] INFO:colcon.colcon_core.shell:Creating environment hook '/home/niranjan/erc_ws/install/sherlock/share/sherlock/hook/pythonpath.sh'
[3.389s] Level 1:colcon.colcon_core.environment:checking '/home/niranjan/erc_ws/install/sherlock/bin'
[3.389s] Level 1:colcon.colcon_core.environment:create_environment_scripts_only(sherlock)
[3.401s] INFO:colcon.colcon_core.shell:Creating package script '/home/niranjan/erc_ws/install/sherlock/share/sherlock/package.ps1'
[3.402s] INFO:colcon.colcon_core.shell:Creating package descriptor '/home/niranjan/erc_ws/install/sherlock/share/sherlock/package.dsv'
[3.402s] INFO:colcon.colcon_core.shell:Creating package script '/home/niranjan/erc_ws/install/sherlock/share/sherlock/package.sh'
[3.403s] INFO:colcon.colcon_core.shell:Creating package script '/home/niranjan/erc_ws/install/sherlock/share/sherlock/package.bash'
[3.403s] INFO:colcon.colcon_core.shell:Creating package script '/home/niranjan/erc_ws/install/sherlock/share/sherlock/package.zsh'
[3.404s] Level 1:colcon.colcon_core.environment:create_file_with_runtime_dependencies(/home/niranjan/erc_ws/install/sherlock/share/colcon-core/packages/sherlock)
[3.406s] DEBUG:colcon.colcon_core.event_handler.log_command:Invoked command in '/home/niranjan/erc_ws/src/task_1' returned '0': PYTHONPATH=/home/niranjan/erc_ws/build/task_1/prefix_override:/home/niranjan/erc_ws/install/task_1/lib/python3.10/site-packages:${PYTHONPATH} /usr/bin/python3 setup.py egg_info --egg-base ../../build/task_1 build --build-base /home/niranjan/erc_ws/build/task_1/build install --record /home/niranjan/erc_ws/build/task_1/install.log --single-version-externally-managed
[3.417s] Level 1:colcon.colcon_core.environment:checking '/home/niranjan/erc_ws/install/task_1' for CMake module files
[3.417s] Level 1:colcon.colcon_core.environment:checking '/home/niranjan/erc_ws/install/task_1' for CMake config files
[3.417s] Level 1:colcon.colcon_core.environment:checking '/home/niranjan/erc_ws/install/task_1/lib'
[3.418s] Level 1:colcon.colcon_core.environment:checking '/home/niranjan/erc_ws/install/task_1/bin'
[3.418s] Level 1:colcon.colcon_core.environment:checking '/home/niranjan/erc_ws/install/task_1/lib/pkgconfig/task_1.pc'
[3.418s] Level 1:colcon.colcon_core.environment:checking '/home/niranjan/erc_ws/install/task_1/lib/python3.10/site-packages'
[3.418s] Level 1:colcon.colcon_core.shell:create_environment_hook('task_1', 'pythonpath')
[3.429s] INFO:colcon.colcon_core.shell:Creating environment hook '/home/niranjan/erc_ws/install/task_1/share/task_1/hook/pythonpath.ps1'
[3.429s] INFO:colcon.colcon_core.shell:Creating environment descriptor '/home/niranjan/erc_ws/install/task_1/share/task_1/hook/pythonpath.dsv'
[3.430s] INFO:colcon.colcon_core.shell:Creating environment hook '/home/niranjan/erc_ws/install/task_1/share/task_1/hook/pythonpath.sh'
[3.430s] Level 1:colcon.colcon_core.environment:checking '/home/niranjan/erc_ws/install/task_1/bin'
[3.430s] Level 1:colcon.colcon_core.environment:create_environment_scripts_only(task_1)
[3.441s] INFO:colcon.colcon_core.shell:Creating package script '/home/niranjan/erc_ws/install/task_1/share/task_1/package.ps1'
[3.442s] INFO:colcon.colcon_core.shell:Creating package descriptor '/home/niranjan/erc_ws/install/task_1/share/task_1/package.dsv'
[3.442s] INFO:colcon.colcon_core.shell:Creating package script '/home/niranjan/erc_ws/install/task_1/share/task_1/package.sh'
[3.442s] INFO:colcon.colcon_core.shell:Creating package script '/home/niranjan/erc_ws/install/task_1/share/task_1/package.bash'
[3.442s] INFO:colcon.colcon_core.shell:Creating package script '/home/niranjan/erc_ws/install/task_1/share/task_1/package.zsh'
[3.443s] Level 1:colcon.colcon_core.environment:create_file_with_runtime_dependencies(/home/niranjan/erc_ws/install/task_1/share/colcon-core/packages/task_1)
[3.444s] DEBUG:colcon.colcon_core.event_handler.log_command:Invoked command in '/home/niranjan/erc_ws/src/week1_tutorials' returned '0': PYTHONPATH=/home/niranjan/erc_ws/build/week1_tutorials/prefix_override:/home/niranjan/erc_ws/install/week1_tutorials/lib/python3.10/site-packages:${PYTHONPATH} /usr/bin/python3 setup.py egg_info --egg-base ../../build/week1_tutorials build --build-base /home/niranjan/erc_ws/build/week1_tutorials/build install --record /home/niranjan/erc_ws/build/week1_tutorials/install.log --single-version-externally-managed
[3.455s] Level 1:colcon.colcon_core.environment:checking '/home/niranjan/erc_ws/install/week1_tutorials' for CMake module files
[3.455s] Level 1:colcon.colcon_core.environment:checking '/home/niranjan/erc_ws/install/week1_tutorials' for CMake config files
[3.455s] Level 1:colcon.colcon_core.environment:checking '/home/niranjan/erc_ws/install/week1_tutorials/lib'
[3.455s] Level 1:colcon.colcon_core.environment:checking '/home/niranjan/erc_ws/install/week1_tutorials/bin'
[3.456s] Level 1:colcon.colcon_core.environment:checking '/home/niranjan/erc_ws/install/week1_tutorials/lib/pkgconfig/week1_tutorials.pc'
[3.456s] Level 1:colcon.colcon_core.environment:checking '/home/niranjan/erc_ws/install/week1_tutorials/lib/python3.10/site-packages'
[3.456s] Level 1:colcon.colcon_core.shell:create_environment_hook('week1_tutorials', 'pythonpath')
[3.467s] INFO:colcon.colcon_core.shell:Creating environment hook '/home/niranjan/erc_ws/install/week1_tutorials/share/week1_tutorials/hook/pythonpath.ps1'
[3.467s] INFO:colcon.colcon_core.shell:Creating environment descriptor '/home/niranjan/erc_ws/install/week1_tutorials/share/week1_tutorials/hook/pythonpath.dsv'
[3.468s] INFO:colcon.colcon_core.shell:Creating environment hook '/home/niranjan/erc_ws/install/week1_tutorials/share/week1_tutorials/hook/pythonpath.sh'
[3.468s] Level 1:colcon.colcon_core.environment:checking '/home/niranjan/erc_ws/install/week1_tutorials/bin'
[3.468s] Level 1:colcon.colcon_core.environment:create_environment_scripts_only(week1_tutorials)
[3.480s] INFO:colcon.colcon_core.shell:Creating package script '/home/niranjan/erc_ws/install/week1_tutorials/share/week1_tutorials/package.ps1'
[3.480s] INFO:colcon.colcon_core.shell:Creating package descriptor '/home/niranjan/erc_ws/install/week1_tutorials/share/week1_tutorials/package.dsv'
[3.481s] INFO:colcon.colcon_core.shell:Creating package script '/home/niranjan/erc_ws/install/week1_tutorials/share/week1_tutorials/package.sh'
[3.481s] INFO:colcon.colcon_core.shell:Creating package script '/home/niranjan/erc_ws/install/week1_tutorials/share/week1_tutorials/package.bash'
[3.481s] INFO:colcon.colcon_core.shell:Creating package script '/home/niranjan/erc_ws/install/week1_tutorials/share/week1_tutorials/package.zsh'
[3.481s] Level 1:colcon.colcon_core.environment:create_file_with_runtime_dependencies(/home/niranjan/erc_ws/install/week1_tutorials/share/colcon-core/packages/week1_tutorials)
[3.483s] DEBUG:colcon.colcon_core.event_handler.log_command:Invoked command in '/home/niranjan/erc_ws/src/mrs_hudson' returned '0': PYTHONPATH=/home/niranjan/erc_ws/build/mrs_hudson/prefix_override:/home/niranjan/erc_ws/install/mrs_hudson/lib/python3.10/site-packages:${PYTHONPATH} /usr/bin/python3 setup.py egg_info --egg-base ../../build/mrs_hudson build --build-base /home/niranjan/erc_ws/build/mrs_hudson/build install --record /home/niranjan/erc_ws/build/mrs_hudson/install.log --single-version-externally-managed
[3.494s] Level 1:colcon.colcon_core.environment:checking '/home/niranjan/erc_ws/install/mrs_hudson' for CMake module files
[3.495s] Level 1:colcon.colcon_core.environment:checking '/home/niranjan/erc_ws/install/mrs_hudson' for CMake config files
[3.495s] Level 1:colcon.colcon_core.environment:checking '/home/niranjan/erc_ws/install/mrs_hudson/lib'
[3.495s] Level 1:colcon.colcon_core.environment:checking '/home/niranjan/erc_ws/install/mrs_hudson/bin'
[3.495s] Level 1:colcon.colcon_core.environment:checking '/home/niranjan/erc_ws/install/mrs_hudson/lib/pkgconfig/mrs_hudson.pc'
[3.495s] Level 1:colcon.colcon_core.environment:checking '/home/niranjan/erc_ws/install/mrs_hudson/lib/python3.10/site-packages'
[3.495s] Level 1:colcon.colcon_core.shell:create_environment_hook('mrs_hudson', 'pythonpath')
[3.507s] INFO:colcon.colcon_core.shell:Creating environment hook '/home/niranjan/erc_ws/install/mrs_hudson/share/mrs_hudson/hook/pythonpath.ps1'
[3.507s] INFO:colcon.colcon_core.shell:Creating environment descriptor '/home/niranjan/erc_ws/install/mrs_hudson/share/mrs_hudson/hook/pythonpath.dsv'
[3.508s] INFO:colcon.colcon_core.shell:Creating environment hook '/home/niranjan/erc_ws/install/mrs_hudson/share/mrs_hudson/hook/pythonpath.sh'
[3.508s] Level 1:colcon.colcon_core.environment:checking '/home/niranjan/erc_ws/install/mrs_hudson/bin'
[3.508s] Level 1:colcon.colcon_core.environment:create_environment_scripts_only(mrs_hudson)
[3.520s] INFO:colcon.colcon_core.shell:Creating package script '/home/niranjan/erc_ws/install/mrs_hudson/share/mrs_hudson/package.ps1'
[3.520s] INFO:colcon.colcon_core.shell:Creating package descriptor '/home/niranjan/erc_ws/install/mrs_hudson/share/mrs_hudson/package.dsv'
[3.521s] INFO:colcon.colcon_core.shell:Creating package script '/home/niranjan/erc_ws/install/mrs_hudson/share/mrs_hudson/package.sh'
[3.521s] INFO:colcon.colcon_core.shell:Creating package script '/home/niranjan/erc_ws/install/mrs_hudson/share/mrs_hudson/package.bash'
[3.521s] INFO:colcon.colcon_core.shell:Creating package script '/home/niranjan/erc_ws/install/mrs_hudson/share/mrs_hudson/package.zsh'
[3.521s] Level 1:colcon.colcon_core.environment:create_file_with_runtime_dependencies(/home/niranjan/erc_ws/install/mrs_hudson/share/colcon-core/packages/mrs_hudson)
[3.523s] DEBUG:colcon.colcon_core.event_handler.log_command:Invoked command in '/home/niranjan/erc_ws/src/week0_tutorials' returned '0': PYTHONPATH=/home/niranjan/erc_ws/build/week0_tutorials/prefix_override:/home/niranjan/erc_ws/install/week0_tutorials/lib/python3.10/site-packages:${PYTHONPATH} /usr/bin/python3 setup.py egg_info --egg-base ../../build/week0_tutorials build --build-base /home/niranjan/erc_ws/build/week0_tutorials/build install --record /home/niranjan/erc_ws/build/week0_tutorials/install.log --single-version-externally-managed
[3.534s] Level 1:colcon.colcon_core.environment:checking '/home/niranjan/erc_ws/install/week0_tutorials' for CMake module files
[3.534s] Level 1:colcon.colcon_core.environment:checking '/home/niranjan/erc_ws/install/week0_tutorials' for CMake config files
[3.534s] Level 1:colcon.colcon_core.environment:checking '/home/niranjan/erc_ws/install/week0_tutorials/lib'
[3.534s] Level 1:colcon.colcon_core.environment:checking '/home/niranjan/erc_ws/install/week0_tutorials/bin'
[3.534s] Level 1:colcon.colcon_core.environment:checking '/home/niranjan/erc_ws/install/week0_tutorials/lib/pkgconfig/week0_tutorials.pc'
[3.535s] Level 1:colcon.colcon_core.environment:checking '/home/niranjan/erc_ws/install/week0_tutorials/lib/python3.10/site-packages'
[3.535s] Level 1:colcon.colcon_core.shell:create_environment_hook('week0_tutorials', 'pythonpath')
[3.546s] INFO:colcon.colcon_core.shell:Creating environment hook '/home/niranjan/erc_ws/install/week0_tutorials/share/week0_tutorials/hook/pythonpath.ps1'
[3.546s] INFO:colcon.colcon_core.shell:Creating environment descriptor '/home/niranjan/erc_ws/install/week0_tutorials/share/week0_tutorials/hook/pythonpath.dsv'
[3.547s] INFO:colcon.colcon_core.shell:Creating environment hook '/home/niranjan/erc_ws/install/week0_tutorials/share/week0_tutorials/hook/pythonpath.sh'
[3.547s] Level 1:colcon.colcon_core.environment:checking '/home/niranjan/erc_ws/install/week0_tutorials/bin'
[3.547s] Level 1:colcon.colcon_core.environment:create_environment_scripts_only(week0_tutorials)
[3.559s] INFO:colcon.colcon_core.shell:Creating package script '/home/niranjan/erc_ws/install/week0_tutorials/share/week0_tutorials/package.ps1'
[3.559s] INFO:colcon.colcon_core.shell:Creating package descriptor '/home/niranjan/erc_ws/install/week0_tutorials/share/week0_tutorials/package.dsv'
[3.560s] INFO:colcon.colcon_core.shell:Creating package script '/home/niranjan/erc_ws/install/week0_tutorials/share/week0_tutorials/package.sh'
[3.560s] INFO:colcon.colcon_core.shell:Creating package script '/home/niranjan/erc_ws/install/week0_tutorials/share/week0_tutorials/package.bash'
[3.560s] INFO:colcon.colcon_core.shell:Creating package script '/home/niranjan/erc_ws/install/week0_tutorials/share/week0_tutorials/package.zsh'
[3.560s] Level 1:colcon.colcon_core.environment:create_file_with_runtime_dependencies(/home/niranjan/erc_ws/install/week0_tutorials/share/colcon-core/packages/week0_tutorials)
[3.561s] DEBUG:colcon.colcon_parallel_executor.executor.parallel:closing loop
[3.561s] DEBUG:colcon.colcon_parallel_executor.executor.parallel:loop closed
[3.561s] DEBUG:colcon.colcon_parallel_executor.executor.parallel:run_until_complete finished with '0'
[3.561s] DEBUG:colcon.colcon_core.event_reactor:joining thread
[3.577s] INFO:colcon.colcon_core.plugin_system:Skipping extension 'colcon_notification.desktop_notification.terminal_notifier': Not used on non-Darwin systems
[3.577s] INFO:colcon.colcon_core.plugin_system:Skipping extension 'colcon_notification.desktop_notification.win32': Not used on non-Windows systems
[3.577s] INFO:colcon.colcon_notification.desktop_notification:Sending desktop notification using 'notify2'
[3.593s] DEBUG:colcon.colcon_core.event_reactor:joined thread
[3.605s] INFO:colcon.colcon_core.shell:Creating prefix script '/home/niranjan/erc_ws/install/local_setup.ps1'
[3.606s] INFO:colcon.colcon_core.shell:Creating prefix util module '/home/niranjan/erc_ws/install/_local_setup_util_ps1.py'
[3.607s] INFO:colcon.colcon_core.shell:Creating prefix chain script '/home/niranjan/erc_ws/install/setup.ps1'
[3.619s] INFO:colcon.colcon_core.shell:Creating prefix script '/home/niranjan/erc_ws/install/local_setup.sh'
[3.619s] INFO:colcon.colcon_core.shell:Creating prefix util module '/home/niranjan/erc_ws/install/_local_setup_util_sh.py'
[3.620s] INFO:colcon.colcon_core.shell:Creating prefix chain script '/home/niranjan/erc_ws/install/setup.sh'
[3.632s] INFO:colcon.colcon_core.shell:Creating prefix script '/home/niranjan/erc_ws/install/local_setup.bash'
[3.632s] INFO:colcon.colcon_core.shell:Creating prefix chain script '/home/niranjan/erc_ws/install/setup.bash'
[3.645s] INFO:colcon.colcon_core.shell:Creating prefix script '/home/niranjan/erc_ws/install/local_setup.zsh'
[3.645s] INFO:colcon.colcon_core.shell:Creating prefix chain script '/home/niranjan/erc_ws/install/setup.zsh'
