[1.242s] Invoking command in '/home/niranjan/erc_ws/src/sherlock': PYTHONPATH=/home/niranjan/erc_ws/build/sherlock/prefix_override:/home/niranjan/erc_ws/install/sherlock/lib/python3.10/site-packages:${PYTHONPATH} /usr/bin/python3 setup.py egg_info --egg-base ../../build/sherlock build --build-base /home/niranjan/erc_ws/build/sherlock/build install --record /home/niranjan/erc_ws/build/sherlock/install.log --single-version-externally-managed
[1.438s] running egg_info
[1.438s] writing ../../build/sherlock/sherlock.egg-info/PKG-INFO
[1.439s] writing dependency_links to ../../build/sherlock/sherlock.egg-info/dependency_links.txt
[1.439s] writing entry points to ../../build/sherlock/sherlock.egg-info/entry_points.txt
[1.439s] writing requirements to ../../build/sherlock/sherlock.egg-info/requires.txt
[1.439s] writing top-level names to ../../build/sherlock/sherlock.egg-info/top_level.txt
[1.440s] reading manifest file '../../build/sherlock/sherlock.egg-info/SOURCES.txt'
[1.441s] writing manifest file '../../build/sherlock/sherlock.egg-info/SOURCES.txt'
[1.441s] running build
[1.441s] running build_py
[1.441s] running install
[1.441s] running install_lib
[1.442s] running install_data
[1.443s] running install_egg_info
[1.444s] removing '/home/niranjan/erc_ws/install/sherlock/lib/python3.10/site-packages/sherlock-0.0.0-py3.10.egg-info' (and everything under it)
[1.444s] Copying ../../build/sherlock/sherlock.egg-info to /home/niranjan/erc_ws/install/sherlock/lib/python3.10/site-packages/sherlock-0.0.0-py3.10.egg-info
[1.445s] running install_scripts
[1.461s] Installing publisher_1 script to /home/niranjan/erc_ws/install/sherlock/lib/sherlock
[1.461s] Installing sherlock_launch script to /home/niranjan/erc_ws/install/sherlock/lib/sherlock
[1.461s] writing list of installed files to '/home/niranjan/erc_ws/build/sherlock/install.log'
[1.490s] Invoked command in '/home/niranjan/erc_ws/src/sherlock' returned '0': PYTHONPATH=/home/niranjan/erc_ws/build/sherlock/prefix_override:/home/niranjan/erc_ws/install/sherlock/lib/python3.10/site-packages:${PYTHONPATH} /usr/bin/python3 setup.py egg_info --egg-base ../../build/sherlock build --build-base /home/niranjan/erc_ws/build/sherlock/build install --record /home/niranjan/erc_ws/build/sherlock/install.log --single-version-externally-managed
