[0.872s] Invoking command in '/home/niranjan/erc_ws/src/week0_tutorials': PYTHONPATH=/home/niranjan/erc_ws/build/week0_tutorials/prefix_override:/home/niranjan/erc_ws/install/week0_tutorials/lib/python3.10/site-packages:${PYTHONPATH} /usr/bin/python3 setup.py egg_info --egg-base ../../build/week0_tutorials build --build-base /home/niranjan/erc_ws/build/week0_tutorials/build install --record /home/niranjan/erc_ws/build/week0_tutorials/install.log --single-version-externally-managed
[1.065s] running egg_info
[1.066s] writing ../../build/week0_tutorials/week0_tutorials.egg-info/PKG-INFO
[1.066s] writing dependency_links to ../../build/week0_tutorials/week0_tutorials.egg-info/dependency_links.txt
[1.066s] writing entry points to ../../build/week0_tutorials/week0_tutorials.egg-info/entry_points.txt
[1.066s] writing requirements to ../../build/week0_tutorials/week0_tutorials.egg-info/requires.txt
[1.067s] writing top-level names to ../../build/week0_tutorials/week0_tutorials.egg-info/top_level.txt
[1.068s] reading manifest file '../../build/week0_tutorials/week0_tutorials.egg-info/SOURCES.txt'
[1.069s] writing manifest file '../../build/week0_tutorials/week0_tutorials.egg-info/SOURCES.txt'
[1.069s] running build
[1.069s] running build_py
[1.069s] running install
[1.069s] running install_lib
[1.070s] running install_data
[1.070s] running install_egg_info
[1.072s] removing '/home/niranjan/erc_ws/install/week0_tutorials/lib/python3.10/site-packages/week0_tutorials-0.0.0-py3.10.egg-info' (and everything under it)
[1.072s] Copying ../../build/week0_tutorials/week0_tutorials.egg-info to /home/niranjan/erc_ws/install/week0_tutorials/lib/python3.10/site-packages/week0_tutorials-0.0.0-py3.10.egg-info
[1.073s] running install_scripts
[1.089s] Installing publisher script to /home/niranjan/erc_ws/install/week0_tutorials/lib/week0_tutorials
[1.089s] Installing subscriber script to /home/niranjan/erc_ws/install/week0_tutorials/lib/week0_tutorials
[1.089s] writing list of installed files to '/home/niranjan/erc_ws/build/week0_tutorials/install.log'
