[2.019s] Invoking command in '/home/niranjan/erc_ws/src/mrs_hudson': PYTHONPATH=/home/niranjan/erc_ws/build/mrs_hudson/prefix_override:/home/niranjan/erc_ws/install/mrs_hudson/lib/python3.10/site-packages:${PYTHONPATH} /usr/bin/python3 setup.py egg_info --egg-base ../../build/mrs_hudson build --build-base /home/niranjan/erc_ws/build/mrs_hudson/build install --record /home/niranjan/erc_ws/build/mrs_hudson/install.log --single-version-externally-managed
[2.221s] running egg_info
[2.221s] writing ../../build/mrs_hudson/mrs_hudson.egg-info/PKG-INFO
[2.221s] writing dependency_links to ../../build/mrs_hudson/mrs_hudson.egg-info/dependency_links.txt
[2.222s] writing entry points to ../../build/mrs_hudson/mrs_hudson.egg-info/entry_points.txt
[2.222s] writing requirements to ../../build/mrs_hudson/mrs_hudson.egg-info/requires.txt
[2.222s] writing top-level names to ../../build/mrs_hudson/mrs_hudson.egg-info/top_level.txt
[2.223s] reading manifest file '../../build/mrs_hudson/mrs_hudson.egg-info/SOURCES.txt'
[2.224s] writing manifest file '../../build/mrs_hudson/mrs_hudson.egg-info/SOURCES.txt'
[2.224s] running build
[2.224s] running build_py
[2.224s] running install
[2.224s] running install_lib
[2.225s] running install_data
[2.226s] running install_egg_info
[2.227s] removing '/home/niranjan/erc_ws/install/mrs_hudson/lib/python3.10/site-packages/mrs_hudson-0.0.0-py3.10.egg-info' (and everything under it)
[2.227s] Copying ../../build/mrs_hudson/mrs_hudson.egg-info to /home/niranjan/erc_ws/install/mrs_hudson/lib/python3.10/site-packages/mrs_hudson-0.0.0-py3.10.egg-info
[2.228s] running install_scripts
[2.245s] Installing mrs_hudson_teleop script to /home/niranjan/erc_ws/install/mrs_hudson/lib/mrs_hudson
[2.245s] Installing vel_pub script to /home/niranjan/erc_ws/install/mrs_hudson/lib/mrs_hudson
[2.246s] writing list of installed files to '/home/niranjan/erc_ws/build/mrs_hudson/install.log'
[2.357s] Invoked command in '/home/niranjan/erc_ws/src/mrs_hudson' returned '0': PYTHONPATH=/home/niranjan/erc_ws/build/mrs_hudson/prefix_override:/home/niranjan/erc_ws/install/mrs_hudson/lib/python3.10/site-packages:${PYTHONPATH} /usr/bin/python3 setup.py egg_info --egg-base ../../build/mrs_hudson build --build-base /home/niranjan/erc_ws/build/mrs_hudson/build install --record /home/niranjan/erc_ws/build/mrs_hudson/install.log --single-version-externally-managed
