[1.809s] Invoking command in '/home/niranjan/erc_ws/src/week0_tutorials': PYTHONPATH=/home/niranjan/erc_ws/build/week0_tutorials/prefix_override:/home/niranjan/erc_ws/install/week0_tutorials/lib/python3.10/site-packages:${PYTHONPATH} /usr/bin/python3 setup.py egg_info --egg-base ../../build/week0_tutorials build --build-base /home/niranjan/erc_ws/build/week0_tutorials/build install --record /home/niranjan/erc_ws/build/week0_tutorials/install.log --single-version-externally-managed
[2.017s] running egg_info
[2.018s] writing ../../build/week0_tutorials/week0_tutorials.egg-info/PKG-INFO
[2.018s] writing dependency_links to ../../build/week0_tutorials/week0_tutorials.egg-info/dependency_links.txt
[2.018s] writing entry points to ../../build/week0_tutorials/week0_tutorials.egg-info/entry_points.txt
[2.018s] writing requirements to ../../build/week0_tutorials/week0_tutorials.egg-info/requires.txt
[2.019s] writing top-level names to ../../build/week0_tutorials/week0_tutorials.egg-info/top_level.txt
[2.021s] reading manifest file '../../build/week0_tutorials/week0_tutorials.egg-info/SOURCES.txt'
[2.021s] writing manifest file '../../build/week0_tutorials/week0_tutorials.egg-info/SOURCES.txt'
[2.022s] running build
[2.022s] running build_py
[2.022s] running install
[2.022s] running install_lib
[2.023s] running install_data
[2.024s] running install_egg_info
[2.025s] removing '/home/niranjan/erc_ws/install/week0_tutorials/lib/python3.10/site-packages/week0_tutorials-0.0.0-py3.10.egg-info' (and everything under it)
[2.025s] Copying ../../build/week0_tutorials/week0_tutorials.egg-info to /home/niranjan/erc_ws/install/week0_tutorials/lib/python3.10/site-packages/week0_tutorials-0.0.0-py3.10.egg-info
[2.026s] running install_scripts
[2.045s] Installing publisher script to /home/niranjan/erc_ws/install/week0_tutorials/lib/week0_tutorials
[2.045s] Installing subscriber script to /home/niranjan/erc_ws/install/week0_tutorials/lib/week0_tutorials
[2.045s] writing list of installed files to '/home/niranjan/erc_ws/build/week0_tutorials/install.log'
[2.210s] Invoked command in '/home/niranjan/erc_ws/src/week0_tutorials' returned '0': PYTHONPATH=/home/niranjan/erc_ws/build/week0_tutorials/prefix_override:/home/niranjan/erc_ws/install/week0_tutorials/lib/python3.10/site-packages:${PYTHONPATH} /usr/bin/python3 setup.py egg_info --egg-base ../../build/week0_tutorials build --build-base /home/niranjan/erc_ws/build/week0_tutorials/build install --record /home/niranjan/erc_ws/build/week0_tutorials/install.log --single-version-externally-managed
