[1.882s] Invoking command in '/home/niranjan/erc_ws/src/task_1': PYTHONPATH=/home/niranjan/erc_ws/build/task_1/prefix_override:/home/niranjan/erc_ws/install/task_1/lib/python3.10/site-packages:${PYTHONPATH} /usr/bin/python3 setup.py egg_info --egg-base ../../build/task_1 build --build-base /home/niranjan/erc_ws/build/task_1/build install --record /home/niranjan/erc_ws/build/task_1/install.log --single-version-externally-managed
[2.086s] running egg_info
[2.087s] writing ../../build/task_1/task_1.egg-info/PKG-INFO
[2.087s] writing dependency_links to ../../build/task_1/task_1.egg-info/dependency_links.txt
[2.089s] writing entry points to ../../build/task_1/task_1.egg-info/entry_points.txt
[2.090s] writing requirements to ../../build/task_1/task_1.egg-info/requires.txt
[2.090s] writing top-level names to ../../build/task_1/task_1.egg-info/top_level.txt
[2.091s] reading manifest file '../../build/task_1/task_1.egg-info/SOURCES.txt'
[2.091s] writing manifest file '../../build/task_1/task_1.egg-info/SOURCES.txt'
[2.092s] running build
[2.092s] running build_py
[2.092s] copying task_1/96.py -> /home/niranjan/erc_ws/build/task_1/build/lib/task_1
[2.092s] running install
[2.092s] running install_lib
[2.093s] copying /home/niranjan/erc_ws/build/task_1/build/lib/task_1/96.py -> /home/niranjan/erc_ws/install/task_1/lib/python3.10/site-packages/task_1
[2.093s] byte-compiling /home/niranjan/erc_ws/install/task_1/lib/python3.10/site-packages/task_1/96.py to 96.cpython-310.pyc
[2.094s] running install_data
[2.094s] running install_egg_info
[2.095s] removing '/home/niranjan/erc_ws/install/task_1/lib/python3.10/site-packages/task_1-0.0.0-py3.10.egg-info' (and everything under it)
[2.096s] Copying ../../build/task_1/task_1.egg-info to /home/niranjan/erc_ws/install/task_1/lib/python3.10/site-packages/task_1-0.0.0-py3.10.egg-info
[2.097s] running install_scripts
[2.112s] Installing node_96 script to /home/niranjan/erc_ws/install/task_1/lib/task_1
[2.112s] writing list of installed files to '/home/niranjan/erc_ws/build/task_1/install.log'
[2.144s] Invoked command in '/home/niranjan/erc_ws/src/task_1' returned '0': PYTHONPATH=/home/niranjan/erc_ws/build/task_1/prefix_override:/home/niranjan/erc_ws/install/task_1/lib/python3.10/site-packages:${PYTHONPATH} /usr/bin/python3 setup.py egg_info --egg-base ../../build/task_1 build --build-base /home/niranjan/erc_ws/build/task_1/build install --record /home/niranjan/erc_ws/build/task_1/install.log --single-version-externally-managed
