[1.990s] Invoking command in '/home/niranjan/erc_ws/src/task_1': PYTHONPATH=/home/niranjan/erc_ws/build/task_1/prefix_override:/home/niranjan/erc_ws/install/task_1/lib/python3.10/site-packages:${PYTHONPATH} /usr/bin/python3 setup.py egg_info --egg-base ../../build/task_1 build --build-base /home/niranjan/erc_ws/build/task_1/build install --record /home/niranjan/erc_ws/build/task_1/install.log --single-version-externally-managed
[2.200s] running egg_info
[2.200s] creating ../../build/task_1/task_1.egg-info
[2.201s] writing ../../build/task_1/task_1.egg-info/PKG-INFO
[2.201s] writing dependency_links to ../../build/task_1/task_1.egg-info/dependency_links.txt
[2.201s] writing entry points to ../../build/task_1/task_1.egg-info/entry_points.txt
[2.201s] writing requirements to ../../build/task_1/task_1.egg-info/requires.txt
[2.201s] writing top-level names to ../../build/task_1/task_1.egg-info/top_level.txt
[2.201s] writing manifest file '../../build/task_1/task_1.egg-info/SOURCES.txt'
[2.202s] reading manifest file '../../build/task_1/task_1.egg-info/SOURCES.txt'
[2.203s] writing manifest file '../../build/task_1/task_1.egg-info/SOURCES.txt'
[2.203s] running build
[2.203s] running build_py
[2.203s] creating /home/niranjan/erc_ws/build/task_1/build
[2.203s] creating /home/niranjan/erc_ws/build/task_1/build/lib
[2.204s] creating /home/niranjan/erc_ws/build/task_1/build/lib/task_1
[2.204s] copying task_1/__init__.py -> /home/niranjan/erc_ws/build/task_1/build/lib/task_1
[2.204s] running install
[2.204s] running install_lib
[2.204s] creating /home/niranjan/erc_ws/install/task_1/lib/python3.10/site-packages/task_1
[2.204s] copying /home/niranjan/erc_ws/build/task_1/build/lib/task_1/__init__.py -> /home/niranjan/erc_ws/install/task_1/lib/python3.10/site-packages/task_1
[2.205s] byte-compiling /home/niranjan/erc_ws/install/task_1/lib/python3.10/site-packages/task_1/__init__.py to __init__.cpython-310.pyc
[2.205s] running install_data
[2.205s] creating /home/niranjan/erc_ws/install/task_1/share/ament_index
[2.206s] creating /home/niranjan/erc_ws/install/task_1/share/ament_index/resource_index
[2.206s] creating /home/niranjan/erc_ws/install/task_1/share/ament_index/resource_index/packages
[2.206s] copying resource/task_1 -> /home/niranjan/erc_ws/install/task_1/share/ament_index/resource_index/packages
[2.206s] copying package.xml -> /home/niranjan/erc_ws/install/task_1/share/task_1
[2.206s] running install_egg_info
[2.207s] Copying ../../build/task_1/task_1.egg-info to /home/niranjan/erc_ws/install/task_1/lib/python3.10/site-packages/task_1-0.0.0-py3.10.egg-info
[2.208s] running install_scripts
[2.227s] writing list of installed files to '/home/niranjan/erc_ws/build/task_1/install.log'
[2.346s] Invoked command in '/home/niranjan/erc_ws/src/task_1' returned '0': PYTHONPATH=/home/niranjan/erc_ws/build/task_1/prefix_override:/home/niranjan/erc_ws/install/task_1/lib/python3.10/site-packages:${PYTHONPATH} /usr/bin/python3 setup.py egg_info --egg-base ../../build/task_1 build --build-base /home/niranjan/erc_ws/build/task_1/build install --record /home/niranjan/erc_ws/build/task_1/install.log --single-version-externally-managed
